<?xml version="1.0" encoding="UTF-8"?>
<testsuite xmlns:xsi="http://www.w3.org/2001/XMLSchema-instance" xsi:noNamespaceSchemaLocation="https://maven.apache.org/surefire/maven-surefire-plugin/xsd/surefire-test-report.xsd" name="com.example.application.it.LoginE2ETest" time="61.306" tests="2" errors="2" skipped="0" failures="0">
  <properties>
    <property name="java.specification.version" value="17"/>
    <property name="sun.jnu.encoding" value="UTF-8"/>
    <property name="java.class.path" value="/home/mcrebel/Dropbox/MCI/4.Semester/SoftwareEngineering2/Project_neu/Issue-Tracking-Application/target/test-classes:/home/mcrebel/Dropbox/MCI/4.Semester/SoftwareEngineering2/Project_neu/Issue-Tracking-Application/target/classes:/home/mcrebel/.m2/repository/com/vaadin/vaadin/24.0.5/vaadin-24.0.5.jar:/home/mcrebel/.m2/repository/com/vaadin/vaadin-internal/24.0.5/vaadin-internal-24.0.5.jar:/home/mcrebel/.m2/repository/com/vaadin/vaadin-core-internal/24.0.5/vaadin-core-internal-24.0.5.jar:/home/mcrebel/.m2/repository/com/vaadin/flow-lit-template/24.0.6/flow-lit-template-24.0.6.jar:/home/mcrebel/.m2/repository/com/vaadin/flow-html-components/24.0.6/flow-html-components-24.0.6.jar:/home/mcrebel/.m2/repository/com/vaadin/flow-data/24.0.6/flow-data-24.0.6.jar:/home/mcrebel/.m2/repository/com/vaadin/flow-dnd/24.0.6/flow-dnd-24.0.6.jar:/home/mcrebel/.m2/repository/org/webjars/npm/vaadin__vaadin-mobile-drag-drop/1.0.1/vaadin__vaadin-mobile-drag-drop-1.0.1.jar:/home/mcrebel/.m2/repository/org/webjars/npm/mobile-drag-drop/2.3.0-rc.2/mobile-drag-drop-2.3.0-rc.2.jar:/home/mcrebel/.m2/repository/com/vaadin/vaadin-lumo-theme/24.0.5/vaadin-lumo-theme-24.0.5.jar:/home/mcrebel/.m2/repository/com/vaadin/vaadin-material-theme/24.0.5/vaadin-material-theme-24.0.5.jar:/home/mcrebel/.m2/repository/com/vaadin/vaadin-accordion-flow/24.0.5/vaadin-accordion-flow-24.0.5.jar:/home/mcrebel/.m2/repository/com/vaadin/vaadin-avatar-flow/24.0.5/vaadin-avatar-flow-24.0.5.jar:/home/mcrebel/.m2/repository/com/vaadin/vaadin-button-flow/24.0.5/vaadin-button-flow-24.0.5.jar:/home/mcrebel/.m2/repository/com/vaadin/vaadin-checkbox-flow/24.0.5/vaadin-checkbox-flow-24.0.5.jar:/home/mcrebel/.m2/repository/com/vaadin/vaadin-combo-box-flow/24.0.5/vaadin-combo-box-flow-24.0.5.jar:/home/mcrebel/.m2/repository/com/vaadin/vaadin-confirm-dialog-flow/24.0.5/vaadin-confirm-dialog-flow-24.0.5.jar:/home/mcrebel/.m2/repository/com/vaadin/vaadin-custom-field-flow/24.0.5/vaadin-custom-field-flow-24.0.5.jar:/home/mcrebel/.m2/repository/com/vaadin/vaadin-date-picker-flow/24.0.5/vaadin-date-picker-flow-24.0.5.jar:/home/mcrebel/.m2/repository/com/vaadin/vaadin-date-time-picker-flow/24.0.5/vaadin-date-time-picker-flow-24.0.5.jar:/home/mcrebel/.m2/repository/com/vaadin/vaadin-details-flow/24.0.5/vaadin-details-flow-24.0.5.jar:/home/mcrebel/.m2/repository/com/vaadin/vaadin-time-picker-flow/24.0.5/vaadin-time-picker-flow-24.0.5.jar:/home/mcrebel/.m2/repository/com/vaadin/vaadin-select-flow/24.0.5/vaadin-select-flow-24.0.5.jar:/home/mcrebel/.m2/repository/com/vaadin/vaadin-dialog-flow/24.0.5/vaadin-dialog-flow-24.0.5.jar:/home/mcrebel/.m2/repository/com/vaadin/vaadin-form-layout-flow/24.0.5/vaadin-form-layout-flow-24.0.5.jar:/home/mcrebel/.m2/repository/com/vaadin/vaadin-field-highlighter-flow/24.0.5/vaadin-field-highlighter-flow-24.0.5.jar:/home/mcrebel/.m2/repository/com/vaadin/vaadin-grid-flow/24.0.5/vaadin-grid-flow-24.0.5.jar:/home/mcrebel/.m2/repository/org/apache/commons/commons-lang3/3.12.0/commons-lang3-3.12.0.jar:/home/mcrebel/.m2/repository/com/vaadin/vaadin-icons-flow/24.0.5/vaadin-icons-flow-24.0.5.jar:/home/mcrebel/.m2/repository/com/vaadin/vaadin-virtual-list-flow/24.0.5/vaadin-virtual-list-flow-24.0.5.jar:/home/mcrebel/.m2/repository/com/vaadin/vaadin-list-box-flow/24.0.5/vaadin-list-box-flow-24.0.5.jar:/home/mcrebel/.m2/repository/com/vaadin/vaadin-login-flow/24.0.5/vaadin-login-flow-24.0.5.jar:/home/mcrebel/.m2/repository/com/vaadin/vaadin-messages-flow/24.0.5/vaadin-messages-flow-24.0.5.jar:/home/mcrebel/.m2/repository/com/vaadin/vaadin-ordered-layout-flow/24.0.5/vaadin-ordered-layout-flow-24.0.5.jar:/home/mcrebel/.m2/repository/com/vaadin/vaadin-progress-bar-flow/24.0.5/vaadin-progress-bar-flow-24.0.5.jar:/home/mcrebel/.m2/repository/com/vaadin/vaadin-radio-button-flow/24.0.5/vaadin-radio-button-flow-24.0.5.jar:/home/mcrebel/.m2/repository/com/vaadin/vaadin-renderer-flow/24.0.5/vaadin-renderer-flow-24.0.5.jar:/home/mcrebel/.m2/repository/com/vaadin/vaadin-split-layout-flow/24.0.5/vaadin-split-layout-flow-24.0.5.jar:/home/mcrebel/.m2/repository/com/vaadin/vaadin-tabs-flow/24.0.5/vaadin-tabs-flow-24.0.5.jar:/home/mcrebel/.m2/repository/com/vaadin/vaadin-text-field-flow/24.0.5/vaadin-text-field-flow-24.0.5.jar:/home/mcrebel/.m2/repository/com/vaadin/vaadin-upload-flow/24.0.5/vaadin-upload-flow-24.0.5.jar:/home/mcrebel/.m2/repository/com/vaadin/vaadin-notification-flow/24.0.5/vaadin-notification-flow-24.0.5.jar:/home/mcrebel/.m2/repository/com/vaadin/vaadin-app-layout-flow/24.0.5/vaadin-app-layout-flow-24.0.5.jar:/home/mcrebel/.m2/repository/com/vaadin/vaadin-context-menu-flow/24.0.5/vaadin-context-menu-flow-24.0.5.jar:/home/mcrebel/.m2/repository/com/vaadin/vaadin-menu-bar-flow/24.0.5/vaadin-menu-bar-flow-24.0.5.jar:/home/mcrebel/.m2/repository/com/vaadin/vaadin-board-flow/24.0.5/vaadin-board-flow-24.0.5.jar:/home/mcrebel/.m2/repository/com/vaadin/vaadin-charts-flow/24.0.5/vaadin-charts-flow-24.0.5.jar:/home/mcrebel/.m2/repository/com/vaadin/vaadin-cookie-consent-flow/24.0.5/vaadin-cookie-consent-flow-24.0.5.jar:/home/mcrebel/.m2/repository/com/vaadin/vaadin-crud-flow/24.0.5/vaadin-crud-flow-24.0.5.jar:/home/mcrebel/.m2/repository/com/vaadin/vaadin-flow-components-base/24.0.5/vaadin-flow-components-base-24.0.5.jar:/home/mcrebel/.m2/repository/com/vaadin/vaadin-grid-pro-flow/24.0.5/vaadin-grid-pro-flow-24.0.5.jar:/home/mcrebel/.m2/repository/com/vaadin/vaadin-map-flow/24.0.5/vaadin-map-flow-24.0.5.jar:/home/mcrebel/.m2/repository/com/vaadin/vaadin-rich-text-editor-flow/24.0.5/vaadin-rich-text-editor-flow-24.0.5.jar:/home/mcrebel/.m2/repository/com/vaadin/collaboration-engine/6.0.0/collaboration-engine-6.0.0.jar:/home/mcrebel/.m2/repository/com/fasterxml/jackson/core/jackson-databind/2.14.2/jackson-databind-2.14.2.jar:/home/mcrebel/.m2/repository/com/fasterxml/jackson/core/jackson-annotations/2.14.2/jackson-annotations-2.14.2.jar:/home/mcrebel/.m2/repository/com/fasterxml/jackson/datatype/jackson-datatype-jsr310/2.14.2/jackson-datatype-jsr310-2.14.2.jar:/home/mcrebel/.m2/repository/com/vaadin/vaadin-core/24.0.5/vaadin-core-24.0.5.jar:/home/mcrebel/.m2/repository/com/vaadin/vaadin-dev/24.0.5/vaadin-dev-24.0.5.jar:/home/mcrebel/.m2/repository/com/vaadin/vaadin-dev-server/24.0.6/vaadin-dev-server-24.0.6.jar:/home/mcrebel/.m2/repository/com/vaadin/vaadin-dev-bundle/24.0.5/vaadin-dev-bundle-24.0.5.jar:/home/mcrebel/.m2/repository/com/vaadin/vaadin-spring-boot-starter/24.0.5/vaadin-spring-boot-starter-24.0.5.jar:/home/mcrebel/.m2/repository/com/vaadin/vaadin-spring/24.0.6/vaadin-spring-24.0.6.jar:/home/mcrebel/.m2/repository/com/vaadin/flow-server/24.0.6/flow-server-24.0.6.jar:/home/mcrebel/.m2/repository/com/vaadin/servletdetector/throw-if-servlet3/1.0.2/throw-if-servlet3-1.0.2.jar:/home/mcrebel/.m2/repository/com/vaadin/flow-commons-upload/24.0.6/flow-commons-upload-24.0.6.jar:/home/mcrebel/.m2/repository/com/fasterxml/jackson/core/jackson-core/2.14.2/jackson-core-2.14.2.jar:/home/mcrebel/.m2/repository/org/jsoup/jsoup/1.15.3/jsoup-1.15.3.jar:/home/mcrebel/.m2/repository/com/helger/ph-css/6.5.0/ph-css-6.5.0.jar:/home/mcrebel/.m2/repository/com/helger/commons/ph-commons/10.1.6/ph-commons-10.1.6.jar:/home/mcrebel/.m2/repository/com/vaadin/external/gentyref/1.2.0.vaadin1/gentyref-1.2.0.vaadin1.jar:/home/mcrebel/.m2/repository/org/apache/commons/commons-compress/1.22/commons-compress-1.22.jar:/home/mcrebel/.m2/repository/org/apache/httpcomponents/httpclient/4.5.14/httpclient-4.5.14.jar:/home/mcrebel/.m2/repository/org/apache/httpcomponents/httpcore/4.4.16/httpcore-4.4.16.jar:/home/mcrebel/.m2/repository/com/vaadin/flow-push/24.0.6/flow-push-24.0.6.jar:/home/mcrebel/.m2/repository/com/vaadin/external/atmosphere/atmosphere-runtime/3.0.3.slf4jvaadin1/atmosphere-runtime-3.0.3.slf4jvaadin1.jar:/home/mcrebel/.m2/repository/com/vaadin/flow-client/24.0.6/flow-client-24.0.6.jar:/home/mcrebel/.m2/repository/org/springframework/spring-webmvc/6.0.8/spring-webmvc-6.0.8.jar:/home/mcrebel/.m2/repository/org/springframework/spring-websocket/6.0.8/spring-websocket-6.0.8.jar:/home/mcrebel/.m2/repository/org/reflections/reflections/0.10.2/reflections-0.10.2.jar:/home/mcrebel/.m2/repository/com/google/code/findbugs/jsr305/3.0.2/jsr305-3.0.2.jar:/home/mcrebel/.m2/repository/org/springframework/boot/spring-boot-starter-web/3.0.6/spring-boot-starter-web-3.0.6.jar:/home/mcrebel/.m2/repository/org/springframework/boot/spring-boot-starter-json/3.0.6/spring-boot-starter-json-3.0.6.jar:/home/mcrebel/.m2/repository/com/fasterxml/jackson/datatype/jackson-datatype-jdk8/2.14.2/jackson-datatype-jdk8-2.14.2.jar:/home/mcrebel/.m2/repository/com/fasterxml/jackson/module/jackson-module-parameter-names/2.14.2/jackson-module-parameter-names-2.14.2.jar:/home/mcrebel/.m2/repository/org/springframework/boot/spring-boot-starter-tomcat/3.0.6/spring-boot-starter-tomcat-3.0.6.jar:/home/mcrebel/.m2/repository/org/apache/tomcat/embed/tomcat-embed-core/10.1.8/tomcat-embed-core-10.1.8.jar:/home/mcrebel/.m2/repository/org/apache/tomcat/embed/tomcat-embed-websocket/10.1.8/tomcat-embed-websocket-10.1.8.jar:/home/mcrebel/.m2/repository/org/springframework/spring-web/6.0.8/spring-web-6.0.8.jar:/home/mcrebel/.m2/repository/io/micrometer/micrometer-observation/1.10.6/micrometer-observation-1.10.6.jar:/home/mcrebel/.m2/repository/io/micrometer/micrometer-commons/1.10.6/micrometer-commons-1.10.6.jar:/home/mcrebel/.m2/repository/org/parttio/line-awesome/1.1.0/line-awesome-1.1.0.jar:/home/mcrebel/.m2/repository/com/h2database/h2/2.1.214/h2-2.1.214.jar:/home/mcrebel/.m2/repository/org/springframework/boot/spring-boot-starter-security/3.0.6/spring-boot-starter-security-3.0.6.jar:/home/mcrebel/.m2/repository/org/springframework/boot/spring-boot-starter/3.0.6/spring-boot-starter-3.0.6.jar:/home/mcrebel/.m2/repository/org/springframework/boot/spring-boot-starter-logging/3.0.6/spring-boot-starter-logging-3.0.6.jar:/home/mcrebel/.m2/repository/ch/qos/logback/logback-classic/1.4.7/logback-classic-1.4.7.jar:/home/mcrebel/.m2/repository/ch/qos/logback/logback-core/1.4.7/logback-core-1.4.7.jar:/home/mcrebel/.m2/repository/org/apache/logging/log4j/log4j-to-slf4j/2.19.0/log4j-to-slf4j-2.19.0.jar:/home/mcrebel/.m2/repository/org/apache/logging/log4j/log4j-api/2.19.0/log4j-api-2.19.0.jar:/home/mcrebel/.m2/repository/org/slf4j/jul-to-slf4j/2.0.7/jul-to-slf4j-2.0.7.jar:/home/mcrebel/.m2/repository/jakarta/annotation/jakarta.annotation-api/2.1.1/jakarta.annotation-api-2.1.1.jar:/home/mcrebel/.m2/repository/org/yaml/snakeyaml/1.33/snakeyaml-1.33.jar:/home/mcrebel/.m2/repository/org/springframework/spring-aop/6.0.8/spring-aop-6.0.8.jar:/home/mcrebel/.m2/repository/org/springframework/spring-beans/6.0.8/spring-beans-6.0.8.jar:/home/mcrebel/.m2/repository/org/springframework/security/spring-security-config/6.0.3/spring-security-config-6.0.3.jar:/home/mcrebel/.m2/repository/org/springframework/security/spring-security-core/6.0.3/spring-security-core-6.0.3.jar:/home/mcrebel/.m2/repository/org/springframework/security/spring-security-crypto/6.0.3/spring-security-crypto-6.0.3.jar:/home/mcrebel/.m2/repository/org/springframework/spring-context/6.0.8/spring-context-6.0.8.jar:/home/mcrebel/.m2/repository/org/springframework/security/spring-security-web/6.0.3/spring-security-web-6.0.3.jar:/home/mcrebel/.m2/repository/org/springframework/spring-expression/6.0.8/spring-expression-6.0.8.jar:/home/mcrebel/.m2/repository/org/springframework/boot/spring-boot-starter-data-jpa/3.0.6/spring-boot-starter-data-jpa-3.0.6.jar:/home/mcrebel/.m2/repository/org/springframework/boot/spring-boot-starter-aop/3.0.6/spring-boot-starter-aop-3.0.6.jar:/home/mcrebel/.m2/repository/org/aspectj/aspectjweaver/1.9.19/aspectjweaver-1.9.19.jar:/home/mcrebel/.m2/repository/org/springframework/boot/spring-boot-starter-jdbc/3.0.6/spring-boot-starter-jdbc-3.0.6.jar:/home/mcrebel/.m2/repository/com/zaxxer/HikariCP/5.0.1/HikariCP-5.0.1.jar:/home/mcrebel/.m2/repository/org/springframework/spring-jdbc/6.0.8/spring-jdbc-6.0.8.jar:/home/mcrebel/.m2/repository/org/hibernate/orm/hibernate-core/6.1.7.Final/hibernate-core-6.1.7.Final.jar:/home/mcrebel/.m2/repository/jakarta/persistence/jakarta.persistence-api/3.1.0/jakarta.persistence-api-3.1.0.jar:/home/mcrebel/.m2/repository/jakarta/transaction/jakarta.transaction-api/2.0.1/jakarta.transaction-api-2.0.1.jar:/home/mcrebel/.m2/repository/org/jboss/logging/jboss-logging/3.5.0.Final/jboss-logging-3.5.0.Final.jar:/home/mcrebel/.m2/repository/org/hibernate/common/hibernate-commons-annotations/6.0.6.Final/hibernate-commons-annotations-6.0.6.Final.jar:/home/mcrebel/.m2/repository/org/jboss/jandex/2.4.2.Final/jandex-2.4.2.Final.jar:/home/mcrebel/.m2/repository/com/fasterxml/classmate/1.5.1/classmate-1.5.1.jar:/home/mcrebel/.m2/repository/net/bytebuddy/byte-buddy/1.12.23/byte-buddy-1.12.23.jar:/home/mcrebel/.m2/repository/org/glassfish/jaxb/jaxb-runtime/4.0.2/jaxb-runtime-4.0.2.jar:/home/mcrebel/.m2/repository/org/glassfish/jaxb/jaxb-core/4.0.2/jaxb-core-4.0.2.jar:/home/mcrebel/.m2/repository/org/eclipse/angus/angus-activation/2.0.0/angus-activation-2.0.0.jar:/home/mcrebel/.m2/repository/org/glassfish/jaxb/txw2/4.0.2/txw2-4.0.2.jar:/home/mcrebel/.m2/repository/com/sun/istack/istack-commons-runtime/4.1.1/istack-commons-runtime-4.1.1.jar:/home/mcrebel/.m2/repository/jakarta/inject/jakarta.inject-api/2.0.0/jakarta.inject-api-2.0.0.jar:/home/mcrebel/.m2/repository/org/antlr/antlr4-runtime/4.10.1/antlr4-runtime-4.10.1.jar:/home/mcrebel/.m2/repository/org/springframework/data/spring-data-jpa/3.0.5/spring-data-jpa-3.0.5.jar:/home/mcrebel/.m2/repository/org/springframework/data/spring-data-commons/3.0.5/spring-data-commons-3.0.5.jar:/home/mcrebel/.m2/repository/org/springframework/spring-orm/6.0.8/spring-orm-6.0.8.jar:/home/mcrebel/.m2/repository/org/springframework/spring-tx/6.0.8/spring-tx-6.0.8.jar:/home/mcrebel/.m2/repository/org/slf4j/slf4j-api/2.0.7/slf4j-api-2.0.7.jar:/home/mcrebel/.m2/repository/org/springframework/spring-aspects/6.0.8/spring-aspects-6.0.8.jar:/home/mcrebel/.m2/repository/org/springframework/boot/spring-boot-starter-validation/3.0.6/spring-boot-starter-validation-3.0.6.jar:/home/mcrebel/.m2/repository/org/apache/tomcat/embed/tomcat-embed-el/10.1.8/tomcat-embed-el-10.1.8.jar:/home/mcrebel/.m2/repository/org/hibernate/validator/hibernate-validator/8.0.0.Final/hibernate-validator-8.0.0.Final.jar:/home/mcrebel/.m2/repository/jakarta/validation/jakarta.validation-api/3.0.2/jakarta.validation-api-3.0.2.jar:/home/mcrebel/.m2/repository/org/springframework/boot/spring-boot-devtools/3.0.6/spring-boot-devtools-3.0.6.jar:/home/mcrebel/.m2/repository/org/springframework/boot/spring-boot/3.0.6/spring-boot-3.0.6.jar:/home/mcrebel/.m2/repository/org/springframework/boot/spring-boot-autoconfigure/3.0.6/spring-boot-autoconfigure-3.0.6.jar:/home/mcrebel/.m2/repository/org/springframework/boot/spring-boot-starter-test/3.0.6/spring-boot-starter-test-3.0.6.jar:/home/mcrebel/.m2/repository/org/springframework/boot/spring-boot-test/3.0.6/spring-boot-test-3.0.6.jar:/home/mcrebel/.m2/repository/org/springframework/boot/spring-boot-test-autoconfigure/3.0.6/spring-boot-test-autoconfigure-3.0.6.jar:/home/mcrebel/.m2/repository/com/jayway/jsonpath/json-path/2.7.0/json-path-2.7.0.jar:/home/mcrebel/.m2/repository/net/minidev/json-smart/2.4.10/json-smart-2.4.10.jar:/home/mcrebel/.m2/repository/net/minidev/accessors-smart/2.4.9/accessors-smart-2.4.9.jar:/home/mcrebel/.m2/repository/org/ow2/asm/asm/9.3/asm-9.3.jar:/home/mcrebel/.m2/repository/jakarta/xml/bind/jakarta.xml.bind-api/4.0.0/jakarta.xml.bind-api-4.0.0.jar:/home/mcrebel/.m2/repository/jakarta/activation/jakarta.activation-api/2.1.1/jakarta.activation-api-2.1.1.jar:/home/mcrebel/.m2/repository/org/assertj/assertj-core/3.23.1/assertj-core-3.23.1.jar:/home/mcrebel/.m2/repository/org/hamcrest/hamcrest/2.2/hamcrest-2.2.jar:/home/mcrebel/.m2/repository/org/junit/jupiter/junit-jupiter/5.9.2/junit-jupiter-5.9.2.jar:/home/mcrebel/.m2/repository/org/junit/jupiter/junit-jupiter-api/5.9.2/junit-jupiter-api-5.9.2.jar:/home/mcrebel/.m2/repository/org/opentest4j/opentest4j/1.2.0/opentest4j-1.2.0.jar:/home/mcrebel/.m2/repository/org/junit/platform/junit-platform-commons/1.9.2/junit-platform-commons-1.9.2.jar:/home/mcrebel/.m2/repository/org/apiguardian/apiguardian-api/1.1.2/apiguardian-api-1.1.2.jar:/home/mcrebel/.m2/repository/org/junit/jupiter/junit-jupiter-params/5.9.2/junit-jupiter-params-5.9.2.jar:/home/mcrebel/.m2/repository/org/junit/jupiter/junit-jupiter-engine/5.9.2/junit-jupiter-engine-5.9.2.jar:/home/mcrebel/.m2/repository/org/mockito/mockito-core/4.8.1/mockito-core-4.8.1.jar:/home/mcrebel/.m2/repository/net/bytebuddy/byte-buddy-agent/1.12.23/byte-buddy-agent-1.12.23.jar:/home/mcrebel/.m2/repository/org/objenesis/objenesis/3.2/objenesis-3.2.jar:/home/mcrebel/.m2/repository/org/mockito/mockito-junit-jupiter/4.8.1/mockito-junit-jupiter-4.8.1.jar:/home/mcrebel/.m2/repository/org/skyscreamer/jsonassert/1.5.1/jsonassert-1.5.1.jar:/home/mcrebel/.m2/repository/com/vaadin/external/google/android-json/0.0.20131108.vaadin1/android-json-0.0.20131108.vaadin1.jar:/home/mcrebel/.m2/repository/org/springframework/spring-core/6.0.8/spring-core-6.0.8.jar:/home/mcrebel/.m2/repository/org/springframework/spring-jcl/6.0.8/spring-jcl-6.0.8.jar:/home/mcrebel/.m2/repository/org/springframework/spring-test/6.0.8/spring-test-6.0.8.jar:/home/mcrebel/.m2/repository/org/xmlunit/xmlunit-core/2.9.1/xmlunit-core-2.9.1.jar:/home/mcrebel/.m2/repository/com/vaadin/vaadin-testbench-junit5/24.0.5/vaadin-testbench-junit5-24.0.5.jar:/home/mcrebel/.m2/repository/com/vaadin/vaadin-testbench-core-junit5/9.0.3/vaadin-testbench-core-junit5-9.0.3.jar:/home/mcrebel/.m2/repository/commons-io/commons-io/2.11.0/commons-io-2.11.0.jar:/home/mcrebel/.m2/repository/commons-codec/commons-codec/1.15/commons-codec-1.15.jar:/home/mcrebel/.m2/repository/org/seleniumhq/selenium/selenium-remote-driver/4.8.3/selenium-remote-driver-4.8.3.jar:/home/mcrebel/.m2/repository/com/beust/jcommander/1.82/jcommander-1.82.jar:/home/mcrebel/.m2/repository/com/google/auto/service/auto-service-annotations/1.0.1/auto-service-annotations-1.0.1.jar:/home/mcrebel/.m2/repository/com/google/auto/service/auto-service/1.0.1/auto-service-1.0.1.jar:/home/mcrebel/.m2/repository/com/google/auto/auto-common/1.2/auto-common-1.2.jar:/home/mcrebel/.m2/repository/com/google/guava/guava/31.1-jre/guava-31.1-jre.jar:/home/mcrebel/.m2/repository/com/google/guava/failureaccess/1.0.1/failureaccess-1.0.1.jar:/home/mcrebel/.m2/repository/com/google/guava/listenablefuture/9999.0-empty-to-avoid-conflict-with-guava/listenablefuture-9999.0-empty-to-avoid-conflict-with-guava.jar:/home/mcrebel/.m2/repository/org/checkerframework/checker-qual/3.12.0/checker-qual-3.12.0.jar:/home/mcrebel/.m2/repository/com/google/errorprone/error_prone_annotations/2.11.0/error_prone_annotations-2.11.0.jar:/home/mcrebel/.m2/repository/com/google/j2objc/j2objc-annotations/1.3/j2objc-annotations-1.3.jar:/home/mcrebel/.m2/repository/io/netty/netty-buffer/4.1.91.Final/netty-buffer-4.1.91.Final.jar:/home/mcrebel/.m2/repository/io/netty/netty-codec-http/4.1.91.Final/netty-codec-http-4.1.91.Final.jar:/home/mcrebel/.m2/repository/io/netty/netty-codec/4.1.91.Final/netty-codec-4.1.91.Final.jar:/home/mcrebel/.m2/repository/io/netty/netty-handler/4.1.91.Final/netty-handler-4.1.91.Final.jar:/home/mcrebel/.m2/repository/io/netty/netty-common/4.1.91.Final/netty-common-4.1.91.Final.jar:/home/mcrebel/.m2/repository/io/netty/netty-transport-classes-epoll/4.1.91.Final/netty-transport-classes-epoll-4.1.91.Final.jar:/home/mcrebel/.m2/repository/io/netty/netty-transport-classes-kqueue/4.1.91.Final/netty-transport-classes-kqueue-4.1.91.Final.jar:/home/mcrebel/.m2/repository/io/netty/netty-transport-native-epoll/4.1.91.Final/netty-transport-native-epoll-4.1.91.Final.jar:/home/mcrebel/.m2/repository/io/netty/netty-transport-native-kqueue/4.1.91.Final/netty-transport-native-kqueue-4.1.91.Final.jar:/home/mcrebel/.m2/repository/io/netty/netty-transport-native-unix-common/4.1.91.Final/netty-transport-native-unix-common-4.1.91.Final.jar:/home/mcrebel/.m2/repository/io/netty/netty-transport/4.1.91.Final/netty-transport-4.1.91.Final.jar:/home/mcrebel/.m2/repository/io/netty/netty-resolver/4.1.91.Final/netty-resolver-4.1.91.Final.jar:/home/mcrebel/.m2/repository/io/opentelemetry/opentelemetry-api/1.19.0/opentelemetry-api-1.19.0.jar:/home/mcrebel/.m2/repository/io/opentelemetry/opentelemetry-context/1.19.0/opentelemetry-context-1.19.0.jar:/home/mcrebel/.m2/repository/io/opentelemetry/opentelemetry-exporter-logging/1.19.0/opentelemetry-exporter-logging-1.19.0.jar:/home/mcrebel/.m2/repository/io/opentelemetry/opentelemetry-sdk-metrics/1.19.0/opentelemetry-sdk-metrics-1.19.0.jar:/home/mcrebel/.m2/repository/io/opentelemetry/opentelemetry-sdk-logs/1.19.0-alpha/opentelemetry-sdk-logs-1.19.0-alpha.jar:/home/mcrebel/.m2/repository/io/opentelemetry/opentelemetry-api-logs/1.19.0-alpha/opentelemetry-api-logs-1.19.0-alpha.jar:/home/mcrebel/.m2/repository/io/opentelemetry/opentelemetry-sdk-common/1.19.0/opentelemetry-sdk-common-1.19.0.jar:/home/mcrebel/.m2/repository/io/opentelemetry/opentelemetry-sdk-extension-autoconfigure-spi/1.19.0/opentelemetry-sdk-extension-autoconfigure-spi-1.19.0.jar:/home/mcrebel/.m2/repository/io/opentelemetry/opentelemetry-sdk-extension-autoconfigure/1.24.0-alpha/opentelemetry-sdk-extension-autoconfigure-1.24.0-alpha.jar:/home/mcrebel/.m2/repository/io/opentelemetry/opentelemetry-sdk-trace/1.19.0/opentelemetry-sdk-trace-1.19.0.jar:/home/mcrebel/.m2/repository/io/opentelemetry/opentelemetry-sdk/1.19.0/opentelemetry-sdk-1.19.0.jar:/home/mcrebel/.m2/repository/io/opentelemetry/opentelemetry-semconv/1.24.0-alpha/opentelemetry-semconv-1.24.0-alpha.jar:/home/mcrebel/.m2/repository/io/ous/jtoml/2.0.0/jtoml-2.0.0.jar:/home/mcrebel/.m2/repository/org/apache/commons/commons-exec/1.3/commons-exec-1.3.jar:/home/mcrebel/.m2/repository/org/asynchttpclient/async-http-client/2.12.3/async-http-client-2.12.3.jar:/home/mcrebel/.m2/repository/org/asynchttpclient/async-http-client-netty-utils/2.12.3/async-http-client-netty-utils-2.12.3.jar:/home/mcrebel/.m2/repository/io/netty/netty-codec-socks/4.1.91.Final/netty-codec-socks-4.1.91.Final.jar:/home/mcrebel/.m2/repository/io/netty/netty-handler-proxy/4.1.91.Final/netty-handler-proxy-4.1.91.Final.jar:/home/mcrebel/.m2/repository/io/netty/netty-transport-native-epoll/4.1.91.Final/netty-transport-native-epoll-4.1.91.Final-linux-x86_64.jar:/home/mcrebel/.m2/repository/io/netty/netty-transport-native-kqueue/4.1.91.Final/netty-transport-native-kqueue-4.1.91.Final-osx-x86_64.jar:/home/mcrebel/.m2/repository/org/reactivestreams/reactive-streams/1.0.4/reactive-streams-1.0.4.jar:/home/mcrebel/.m2/repository/com/typesafe/netty/netty-reactive-streams/2.0.4/netty-reactive-streams-2.0.4.jar:/home/mcrebel/.m2/repository/com/sun/activation/jakarta.activation/1.2.2/jakarta.activation-1.2.2.jar:/home/mcrebel/.m2/repository/org/seleniumhq/selenium/selenium-api/4.8.3/selenium-api-4.8.3.jar:/home/mcrebel/.m2/repository/org/seleniumhq/selenium/selenium-http/4.8.3/selenium-http-4.8.3.jar:/home/mcrebel/.m2/repository/dev/failsafe/failsafe/3.3.1/failsafe-3.3.1.jar:/home/mcrebel/.m2/repository/org/seleniumhq/selenium/selenium-json/4.8.3/selenium-json-4.8.3.jar:/home/mcrebel/.m2/repository/org/seleniumhq/selenium/selenium-manager/4.8.3/selenium-manager-4.8.3.jar:/home/mcrebel/.m2/repository/org/seleniumhq/selenium/selenium-java/4.8.3/selenium-java-4.8.3.jar:/home/mcrebel/.m2/repository/org/seleniumhq/selenium/selenium-chrome-driver/4.8.3/selenium-chrome-driver-4.8.3.jar:/home/mcrebel/.m2/repository/org/seleniumhq/selenium/selenium-chromium-driver/4.8.3/selenium-chromium-driver-4.8.3.jar:/home/mcrebel/.m2/repository/org/seleniumhq/selenium/selenium-devtools-v109/4.8.3/selenium-devtools-v109-4.8.3.jar:/home/mcrebel/.m2/repository/org/seleniumhq/selenium/selenium-devtools-v110/4.8.3/selenium-devtools-v110-4.8.3.jar:/home/mcrebel/.m2/repository/org/seleniumhq/selenium/selenium-devtools-v111/4.8.3/selenium-devtools-v111-4.8.3.jar:/home/mcrebel/.m2/repository/org/seleniumhq/selenium/selenium-devtools-v85/4.8.3/selenium-devtools-v85-4.8.3.jar:/home/mcrebel/.m2/repository/org/seleniumhq/selenium/selenium-edge-driver/4.8.3/selenium-edge-driver-4.8.3.jar:/home/mcrebel/.m2/repository/org/seleniumhq/selenium/selenium-firefox-driver/4.8.3/selenium-firefox-driver-4.8.3.jar:/home/mcrebel/.m2/repository/org/seleniumhq/selenium/selenium-ie-driver/4.8.3/selenium-ie-driver-4.8.3.jar:/home/mcrebel/.m2/repository/org/seleniumhq/selenium/selenium-safari-driver/4.8.3/selenium-safari-driver-4.8.3.jar:/home/mcrebel/.m2/repository/org/seleniumhq/selenium/selenium-support/4.8.3/selenium-support-4.8.3.jar:/home/mcrebel/.m2/repository/org/junit/platform/junit-platform-engine/1.9.2/junit-platform-engine-1.9.2.jar:/home/mcrebel/.m2/repository/org/javassist/javassist/3.28.0-GA/javassist-3.28.0-GA.jar:/home/mcrebel/.m2/repository/com/vaadin/license-checker/1.12.3/license-checker-1.12.3.jar:/home/mcrebel/.m2/repository/com/github/oshi/oshi-core/6.4.1/oshi-core-6.4.1.jar:/home/mcrebel/.m2/repository/net/java/dev/jna/jna/5.13.0/jna-5.13.0.jar:/home/mcrebel/.m2/repository/net/java/dev/jna/jna-platform/5.13.0/jna-platform-5.13.0.jar:/home/mcrebel/.m2/repository/com/nimbusds/nimbus-jose-jwt/9.31/nimbus-jose-jwt-9.31.jar:/home/mcrebel/.m2/repository/org/lucee/jcip-annotations/1.0.0/jcip-annotations-1.0.0.jar:/home/mcrebel/.m2/repository/com/vaadin/open/8.5.0/open-8.5.0.jar:/home/mcrebel/.m2/repository/com/vaadin/external/gwt/gwt-elemental/2.8.2.vaadin2/gwt-elemental-2.8.2.vaadin2.jar:/home/mcrebel/.m2/repository/com/vaadin/vaadin-testbench-unit-junit5/9.0.3/vaadin-testbench-unit-junit5-9.0.3.jar:/home/mcrebel/.m2/repository/com/vaadin/vaadin-testbench-unit-shared/9.0.3/vaadin-testbench-unit-shared-9.0.3.jar:/home/mcrebel/.m2/repository/io/github/classgraph/classgraph/4.8.146/classgraph-4.8.146.jar:/home/mcrebel/.m2/repository/jakarta/servlet/jakarta.servlet-api/6.0.0/jakarta.servlet-api-6.0.0.jar:/home/mcrebel/.m2/repository/org/jetbrains/kotlin/kotlin-stdlib-jdk8/1.7.22/kotlin-stdlib-jdk8-1.7.22.jar:/home/mcrebel/.m2/repository/org/jetbrains/kotlin/kotlin-stdlib/1.7.22/kotlin-stdlib-1.7.22.jar:/home/mcrebel/.m2/repository/org/jetbrains/kotlin/kotlin-stdlib-common/1.7.22/kotlin-stdlib-common-1.7.22.jar:/home/mcrebel/.m2/repository/org/jetbrains/annotations/13.0/annotations-13.0.jar:/home/mcrebel/.m2/repository/org/jetbrains/kotlin/kotlin-stdlib-jdk7/1.7.22/kotlin-stdlib-jdk7-1.7.22.jar:/home/mcrebel/.m2/repository/org/jetbrains/kotlin/kotlin-reflect/1.7.22/kotlin-reflect-1.7.22.jar:/home/mcrebel/.m2/repository/com/vaadin/vaadin-testbench-shared/9.0.3/vaadin-testbench-shared-9.0.3.jar:/home/mcrebel/.m2/repository/org/seleniumhq/selenium/selenium-http-jdk-client/4.8.3/selenium-http-jdk-client-4.8.3.jar:/home/mcrebel/.m2/repository/com/vaadin/flow-html-components-testbench/24.0.6/flow-html-components-testbench-24.0.6.jar:/home/mcrebel/.m2/repository/com/vaadin/vaadin-accordion-testbench/24.0.5/vaadin-accordion-testbench-24.0.5.jar:/home/mcrebel/.m2/repository/com/vaadin/vaadin-app-layout-testbench/24.0.5/vaadin-app-layout-testbench-24.0.5.jar:/home/mcrebel/.m2/repository/com/vaadin/vaadin-avatar-testbench/24.0.5/vaadin-avatar-testbench-24.0.5.jar:/home/mcrebel/.m2/repository/com/vaadin/vaadin-board-testbench/24.0.5/vaadin-board-testbench-24.0.5.jar:/home/mcrebel/.m2/repository/com/vaadin/vaadin-button-testbench/24.0.5/vaadin-button-testbench-24.0.5.jar:/home/mcrebel/.m2/repository/com/vaadin/vaadin-charts-testbench/24.0.5/vaadin-charts-testbench-24.0.5.jar:/home/mcrebel/.m2/repository/com/vaadin/vaadin-checkbox-testbench/24.0.5/vaadin-checkbox-testbench-24.0.5.jar:/home/mcrebel/.m2/repository/com/vaadin/vaadin-combo-box-testbench/24.0.5/vaadin-combo-box-testbench-24.0.5.jar:/home/mcrebel/.m2/repository/com/vaadin/vaadin-confirm-dialog-testbench/24.0.5/vaadin-confirm-dialog-testbench-24.0.5.jar:/home/mcrebel/.m2/repository/com/vaadin/vaadin-context-menu-testbench/24.0.5/vaadin-context-menu-testbench-24.0.5.jar:/home/mcrebel/.m2/repository/com/vaadin/vaadin-cookie-consent-testbench/24.0.5/vaadin-cookie-consent-testbench-24.0.5.jar:/home/mcrebel/.m2/repository/com/vaadin/vaadin-crud-testbench/24.0.5/vaadin-crud-testbench-24.0.5.jar:/home/mcrebel/.m2/repository/com/vaadin/vaadin-custom-field-testbench/24.0.5/vaadin-custom-field-testbench-24.0.5.jar:/home/mcrebel/.m2/repository/com/vaadin/vaadin-date-picker-testbench/24.0.5/vaadin-date-picker-testbench-24.0.5.jar:/home/mcrebel/.m2/repository/com/vaadin/vaadin-date-time-picker-testbench/24.0.5/vaadin-date-time-picker-testbench-24.0.5.jar:/home/mcrebel/.m2/repository/com/vaadin/vaadin-details-testbench/24.0.5/vaadin-details-testbench-24.0.5.jar:/home/mcrebel/.m2/repository/com/vaadin/vaadin-dialog-testbench/24.0.5/vaadin-dialog-testbench-24.0.5.jar:/home/mcrebel/.m2/repository/com/vaadin/vaadin-form-layout-testbench/24.0.5/vaadin-form-layout-testbench-24.0.5.jar:/home/mcrebel/.m2/repository/com/vaadin/vaadin-grid-testbench/24.0.5/vaadin-grid-testbench-24.0.5.jar:/home/mcrebel/.m2/repository/com/vaadin/vaadin-grid-pro-testbench/24.0.5/vaadin-grid-pro-testbench-24.0.5.jar:/home/mcrebel/.m2/repository/com/vaadin/vaadin-icons-testbench/24.0.5/vaadin-icons-testbench-24.0.5.jar:/home/mcrebel/.m2/repository/com/vaadin/vaadin-virtual-list-testbench/24.0.5/vaadin-virtual-list-testbench-24.0.5.jar:/home/mcrebel/.m2/repository/com/vaadin/vaadin-list-box-testbench/24.0.5/vaadin-list-box-testbench-24.0.5.jar:/home/mcrebel/.m2/repository/com/vaadin/vaadin-login-testbench/24.0.5/vaadin-login-testbench-24.0.5.jar:/home/mcrebel/.m2/repository/com/vaadin/vaadin-menu-bar-testbench/24.0.5/vaadin-menu-bar-testbench-24.0.5.jar:/home/mcrebel/.m2/repository/com/vaadin/vaadin-messages-testbench/24.0.5/vaadin-messages-testbench-24.0.5.jar:/home/mcrebel/.m2/repository/com/vaadin/vaadin-notification-testbench/24.0.5/vaadin-notification-testbench-24.0.5.jar:/home/mcrebel/.m2/repository/com/vaadin/vaadin-ordered-layout-testbench/24.0.5/vaadin-ordered-layout-testbench-24.0.5.jar:/home/mcrebel/.m2/repository/com/vaadin/vaadin-progress-bar-testbench/24.0.5/vaadin-progress-bar-testbench-24.0.5.jar:/home/mcrebel/.m2/repository/com/vaadin/vaadin-radio-button-testbench/24.0.5/vaadin-radio-button-testbench-24.0.5.jar:/home/mcrebel/.m2/repository/com/vaadin/vaadin-rich-text-editor-testbench/24.0.5/vaadin-rich-text-editor-testbench-24.0.5.jar:/home/mcrebel/.m2/repository/com/vaadin/vaadin-select-testbench/24.0.5/vaadin-select-testbench-24.0.5.jar:/home/mcrebel/.m2/repository/com/vaadin/vaadin-split-layout-testbench/24.0.5/vaadin-split-layout-testbench-24.0.5.jar:/home/mcrebel/.m2/repository/com/vaadin/vaadin-tabs-testbench/24.0.5/vaadin-tabs-testbench-24.0.5.jar:/home/mcrebel/.m2/repository/com/vaadin/vaadin-text-field-testbench/24.0.5/vaadin-text-field-testbench-24.0.5.jar:/home/mcrebel/.m2/repository/com/vaadin/vaadin-time-picker-testbench/24.0.5/vaadin-time-picker-testbench-24.0.5.jar:/home/mcrebel/.m2/repository/com/vaadin/vaadin-upload-testbench/24.0.5/vaadin-upload-testbench-24.0.5.jar:"/>
    <property name="java.vm.vendor" value="Private Build"/>
    <property name="sun.arch.data.model" value="64"/>
    <property name="java.vendor.url" value="Unknown"/>
    <property name="os.name" value="Linux"/>
    <property name="java.vm.specification.version" value="17"/>
    <property name="sun.java.launcher" value="SUN_STANDARD"/>
    <property name="user.country" value="AT"/>
    <property name="sun.boot.library.path" value="/usr/lib/jvm/java-17-openjdk-amd64/lib"/>
    <property name="sun.java.command" value="/home/mcrebel/Dropbox/MCI/4.Semester/SoftwareEngineering2/Project_neu/Issue-Tracking-Application/target/surefire/surefirebooter3668418510031240367.jar /home/mcrebel/Dropbox/MCI/4.Semester/SoftwareEngineering2/Project_neu/Issue-Tracking-Application/target/surefire 2023-06-06T10-08-35_168-jvmRun1 surefire16678603092829047658tmp surefire_05885783585735500510tmp"/>
    <property name="jdk.debug" value="release"/>
    <property name="surefire.test.class.path" value="/home/mcrebel/Dropbox/MCI/4.Semester/SoftwareEngineering2/Project_neu/Issue-Tracking-Application/target/test-classes:/home/mcrebel/Dropbox/MCI/4.Semester/SoftwareEngineering2/Project_neu/Issue-Tracking-Application/target/classes:/home/mcrebel/.m2/repository/com/vaadin/vaadin/24.0.5/vaadin-24.0.5.jar:/home/mcrebel/.m2/repository/com/vaadin/vaadin-internal/24.0.5/vaadin-internal-24.0.5.jar:/home/mcrebel/.m2/repository/com/vaadin/vaadin-core-internal/24.0.5/vaadin-core-internal-24.0.5.jar:/home/mcrebel/.m2/repository/com/vaadin/flow-lit-template/24.0.6/flow-lit-template-24.0.6.jar:/home/mcrebel/.m2/repository/com/vaadin/flow-html-components/24.0.6/flow-html-components-24.0.6.jar:/home/mcrebel/.m2/repository/com/vaadin/flow-data/24.0.6/flow-data-24.0.6.jar:/home/mcrebel/.m2/repository/com/vaadin/flow-dnd/24.0.6/flow-dnd-24.0.6.jar:/home/mcrebel/.m2/repository/org/webjars/npm/vaadin__vaadin-mobile-drag-drop/1.0.1/vaadin__vaadin-mobile-drag-drop-1.0.1.jar:/home/mcrebel/.m2/repository/org/webjars/npm/mobile-drag-drop/2.3.0-rc.2/mobile-drag-drop-2.3.0-rc.2.jar:/home/mcrebel/.m2/repository/com/vaadin/vaadin-lumo-theme/24.0.5/vaadin-lumo-theme-24.0.5.jar:/home/mcrebel/.m2/repository/com/vaadin/vaadin-material-theme/24.0.5/vaadin-material-theme-24.0.5.jar:/home/mcrebel/.m2/repository/com/vaadin/vaadin-accordion-flow/24.0.5/vaadin-accordion-flow-24.0.5.jar:/home/mcrebel/.m2/repository/com/vaadin/vaadin-avatar-flow/24.0.5/vaadin-avatar-flow-24.0.5.jar:/home/mcrebel/.m2/repository/com/vaadin/vaadin-button-flow/24.0.5/vaadin-button-flow-24.0.5.jar:/home/mcrebel/.m2/repository/com/vaadin/vaadin-checkbox-flow/24.0.5/vaadin-checkbox-flow-24.0.5.jar:/home/mcrebel/.m2/repository/com/vaadin/vaadin-combo-box-flow/24.0.5/vaadin-combo-box-flow-24.0.5.jar:/home/mcrebel/.m2/repository/com/vaadin/vaadin-confirm-dialog-flow/24.0.5/vaadin-confirm-dialog-flow-24.0.5.jar:/home/mcrebel/.m2/repository/com/vaadin/vaadin-custom-field-flow/24.0.5/vaadin-custom-field-flow-24.0.5.jar:/home/mcrebel/.m2/repository/com/vaadin/vaadin-date-picker-flow/24.0.5/vaadin-date-picker-flow-24.0.5.jar:/home/mcrebel/.m2/repository/com/vaadin/vaadin-date-time-picker-flow/24.0.5/vaadin-date-time-picker-flow-24.0.5.jar:/home/mcrebel/.m2/repository/com/vaadin/vaadin-details-flow/24.0.5/vaadin-details-flow-24.0.5.jar:/home/mcrebel/.m2/repository/com/vaadin/vaadin-time-picker-flow/24.0.5/vaadin-time-picker-flow-24.0.5.jar:/home/mcrebel/.m2/repository/com/vaadin/vaadin-select-flow/24.0.5/vaadin-select-flow-24.0.5.jar:/home/mcrebel/.m2/repository/com/vaadin/vaadin-dialog-flow/24.0.5/vaadin-dialog-flow-24.0.5.jar:/home/mcrebel/.m2/repository/com/vaadin/vaadin-form-layout-flow/24.0.5/vaadin-form-layout-flow-24.0.5.jar:/home/mcrebel/.m2/repository/com/vaadin/vaadin-field-highlighter-flow/24.0.5/vaadin-field-highlighter-flow-24.0.5.jar:/home/mcrebel/.m2/repository/com/vaadin/vaadin-grid-flow/24.0.5/vaadin-grid-flow-24.0.5.jar:/home/mcrebel/.m2/repository/org/apache/commons/commons-lang3/3.12.0/commons-lang3-3.12.0.jar:/home/mcrebel/.m2/repository/com/vaadin/vaadin-icons-flow/24.0.5/vaadin-icons-flow-24.0.5.jar:/home/mcrebel/.m2/repository/com/vaadin/vaadin-virtual-list-flow/24.0.5/vaadin-virtual-list-flow-24.0.5.jar:/home/mcrebel/.m2/repository/com/vaadin/vaadin-list-box-flow/24.0.5/vaadin-list-box-flow-24.0.5.jar:/home/mcrebel/.m2/repository/com/vaadin/vaadin-login-flow/24.0.5/vaadin-login-flow-24.0.5.jar:/home/mcrebel/.m2/repository/com/vaadin/vaadin-messages-flow/24.0.5/vaadin-messages-flow-24.0.5.jar:/home/mcrebel/.m2/repository/com/vaadin/vaadin-ordered-layout-flow/24.0.5/vaadin-ordered-layout-flow-24.0.5.jar:/home/mcrebel/.m2/repository/com/vaadin/vaadin-progress-bar-flow/24.0.5/vaadin-progress-bar-flow-24.0.5.jar:/home/mcrebel/.m2/repository/com/vaadin/vaadin-radio-button-flow/24.0.5/vaadin-radio-button-flow-24.0.5.jar:/home/mcrebel/.m2/repository/com/vaadin/vaadin-renderer-flow/24.0.5/vaadin-renderer-flow-24.0.5.jar:/home/mcrebel/.m2/repository/com/vaadin/vaadin-split-layout-flow/24.0.5/vaadin-split-layout-flow-24.0.5.jar:/home/mcrebel/.m2/repository/com/vaadin/vaadin-tabs-flow/24.0.5/vaadin-tabs-flow-24.0.5.jar:/home/mcrebel/.m2/repository/com/vaadin/vaadin-text-field-flow/24.0.5/vaadin-text-field-flow-24.0.5.jar:/home/mcrebel/.m2/repository/com/vaadin/vaadin-upload-flow/24.0.5/vaadin-upload-flow-24.0.5.jar:/home/mcrebel/.m2/repository/com/vaadin/vaadin-notification-flow/24.0.5/vaadin-notification-flow-24.0.5.jar:/home/mcrebel/.m2/repository/com/vaadin/vaadin-app-layout-flow/24.0.5/vaadin-app-layout-flow-24.0.5.jar:/home/mcrebel/.m2/repository/com/vaadin/vaadin-context-menu-flow/24.0.5/vaadin-context-menu-flow-24.0.5.jar:/home/mcrebel/.m2/repository/com/vaadin/vaadin-menu-bar-flow/24.0.5/vaadin-menu-bar-flow-24.0.5.jar:/home/mcrebel/.m2/repository/com/vaadin/vaadin-board-flow/24.0.5/vaadin-board-flow-24.0.5.jar:/home/mcrebel/.m2/repository/com/vaadin/vaadin-charts-flow/24.0.5/vaadin-charts-flow-24.0.5.jar:/home/mcrebel/.m2/repository/com/vaadin/vaadin-cookie-consent-flow/24.0.5/vaadin-cookie-consent-flow-24.0.5.jar:/home/mcrebel/.m2/repository/com/vaadin/vaadin-crud-flow/24.0.5/vaadin-crud-flow-24.0.5.jar:/home/mcrebel/.m2/repository/com/vaadin/vaadin-flow-components-base/24.0.5/vaadin-flow-components-base-24.0.5.jar:/home/mcrebel/.m2/repository/com/vaadin/vaadin-grid-pro-flow/24.0.5/vaadin-grid-pro-flow-24.0.5.jar:/home/mcrebel/.m2/repository/com/vaadin/vaadin-map-flow/24.0.5/vaadin-map-flow-24.0.5.jar:/home/mcrebel/.m2/repository/com/vaadin/vaadin-rich-text-editor-flow/24.0.5/vaadin-rich-text-editor-flow-24.0.5.jar:/home/mcrebel/.m2/repository/com/vaadin/collaboration-engine/6.0.0/collaboration-engine-6.0.0.jar:/home/mcrebel/.m2/repository/com/fasterxml/jackson/core/jackson-databind/2.14.2/jackson-databind-2.14.2.jar:/home/mcrebel/.m2/repository/com/fasterxml/jackson/core/jackson-annotations/2.14.2/jackson-annotations-2.14.2.jar:/home/mcrebel/.m2/repository/com/fasterxml/jackson/datatype/jackson-datatype-jsr310/2.14.2/jackson-datatype-jsr310-2.14.2.jar:/home/mcrebel/.m2/repository/com/vaadin/vaadin-core/24.0.5/vaadin-core-24.0.5.jar:/home/mcrebel/.m2/repository/com/vaadin/vaadin-dev/24.0.5/vaadin-dev-24.0.5.jar:/home/mcrebel/.m2/repository/com/vaadin/vaadin-dev-server/24.0.6/vaadin-dev-server-24.0.6.jar:/home/mcrebel/.m2/repository/com/vaadin/vaadin-dev-bundle/24.0.5/vaadin-dev-bundle-24.0.5.jar:/home/mcrebel/.m2/repository/com/vaadin/vaadin-spring-boot-starter/24.0.5/vaadin-spring-boot-starter-24.0.5.jar:/home/mcrebel/.m2/repository/com/vaadin/vaadin-spring/24.0.6/vaadin-spring-24.0.6.jar:/home/mcrebel/.m2/repository/com/vaadin/flow-server/24.0.6/flow-server-24.0.6.jar:/home/mcrebel/.m2/repository/com/vaadin/servletdetector/throw-if-servlet3/1.0.2/throw-if-servlet3-1.0.2.jar:/home/mcrebel/.m2/repository/com/vaadin/flow-commons-upload/24.0.6/flow-commons-upload-24.0.6.jar:/home/mcrebel/.m2/repository/com/fasterxml/jackson/core/jackson-core/2.14.2/jackson-core-2.14.2.jar:/home/mcrebel/.m2/repository/org/jsoup/jsoup/1.15.3/jsoup-1.15.3.jar:/home/mcrebel/.m2/repository/com/helger/ph-css/6.5.0/ph-css-6.5.0.jar:/home/mcrebel/.m2/repository/com/helger/commons/ph-commons/10.1.6/ph-commons-10.1.6.jar:/home/mcrebel/.m2/repository/com/vaadin/external/gentyref/1.2.0.vaadin1/gentyref-1.2.0.vaadin1.jar:/home/mcrebel/.m2/repository/org/apache/commons/commons-compress/1.22/commons-compress-1.22.jar:/home/mcrebel/.m2/repository/org/apache/httpcomponents/httpclient/4.5.14/httpclient-4.5.14.jar:/home/mcrebel/.m2/repository/org/apache/httpcomponents/httpcore/4.4.16/httpcore-4.4.16.jar:/home/mcrebel/.m2/repository/com/vaadin/flow-push/24.0.6/flow-push-24.0.6.jar:/home/mcrebel/.m2/repository/com/vaadin/external/atmosphere/atmosphere-runtime/3.0.3.slf4jvaadin1/atmosphere-runtime-3.0.3.slf4jvaadin1.jar:/home/mcrebel/.m2/repository/com/vaadin/flow-client/24.0.6/flow-client-24.0.6.jar:/home/mcrebel/.m2/repository/org/springframework/spring-webmvc/6.0.8/spring-webmvc-6.0.8.jar:/home/mcrebel/.m2/repository/org/springframework/spring-websocket/6.0.8/spring-websocket-6.0.8.jar:/home/mcrebel/.m2/repository/org/reflections/reflections/0.10.2/reflections-0.10.2.jar:/home/mcrebel/.m2/repository/com/google/code/findbugs/jsr305/3.0.2/jsr305-3.0.2.jar:/home/mcrebel/.m2/repository/org/springframework/boot/spring-boot-starter-web/3.0.6/spring-boot-starter-web-3.0.6.jar:/home/mcrebel/.m2/repository/org/springframework/boot/spring-boot-starter-json/3.0.6/spring-boot-starter-json-3.0.6.jar:/home/mcrebel/.m2/repository/com/fasterxml/jackson/datatype/jackson-datatype-jdk8/2.14.2/jackson-datatype-jdk8-2.14.2.jar:/home/mcrebel/.m2/repository/com/fasterxml/jackson/module/jackson-module-parameter-names/2.14.2/jackson-module-parameter-names-2.14.2.jar:/home/mcrebel/.m2/repository/org/springframework/boot/spring-boot-starter-tomcat/3.0.6/spring-boot-starter-tomcat-3.0.6.jar:/home/mcrebel/.m2/repository/org/apache/tomcat/embed/tomcat-embed-core/10.1.8/tomcat-embed-core-10.1.8.jar:/home/mcrebel/.m2/repository/org/apache/tomcat/embed/tomcat-embed-websocket/10.1.8/tomcat-embed-websocket-10.1.8.jar:/home/mcrebel/.m2/repository/org/springframework/spring-web/6.0.8/spring-web-6.0.8.jar:/home/mcrebel/.m2/repository/io/micrometer/micrometer-observation/1.10.6/micrometer-observation-1.10.6.jar:/home/mcrebel/.m2/repository/io/micrometer/micrometer-commons/1.10.6/micrometer-commons-1.10.6.jar:/home/mcrebel/.m2/repository/org/parttio/line-awesome/1.1.0/line-awesome-1.1.0.jar:/home/mcrebel/.m2/repository/com/h2database/h2/2.1.214/h2-2.1.214.jar:/home/mcrebel/.m2/repository/org/springframework/boot/spring-boot-starter-security/3.0.6/spring-boot-starter-security-3.0.6.jar:/home/mcrebel/.m2/repository/org/springframework/boot/spring-boot-starter/3.0.6/spring-boot-starter-3.0.6.jar:/home/mcrebel/.m2/repository/org/springframework/boot/spring-boot-starter-logging/3.0.6/spring-boot-starter-logging-3.0.6.jar:/home/mcrebel/.m2/repository/ch/qos/logback/logback-classic/1.4.7/logback-classic-1.4.7.jar:/home/mcrebel/.m2/repository/ch/qos/logback/logback-core/1.4.7/logback-core-1.4.7.jar:/home/mcrebel/.m2/repository/org/apache/logging/log4j/log4j-to-slf4j/2.19.0/log4j-to-slf4j-2.19.0.jar:/home/mcrebel/.m2/repository/org/apache/logging/log4j/log4j-api/2.19.0/log4j-api-2.19.0.jar:/home/mcrebel/.m2/repository/org/slf4j/jul-to-slf4j/2.0.7/jul-to-slf4j-2.0.7.jar:/home/mcrebel/.m2/repository/jakarta/annotation/jakarta.annotation-api/2.1.1/jakarta.annotation-api-2.1.1.jar:/home/mcrebel/.m2/repository/org/yaml/snakeyaml/1.33/snakeyaml-1.33.jar:/home/mcrebel/.m2/repository/org/springframework/spring-aop/6.0.8/spring-aop-6.0.8.jar:/home/mcrebel/.m2/repository/org/springframework/spring-beans/6.0.8/spring-beans-6.0.8.jar:/home/mcrebel/.m2/repository/org/springframework/security/spring-security-config/6.0.3/spring-security-config-6.0.3.jar:/home/mcrebel/.m2/repository/org/springframework/security/spring-security-core/6.0.3/spring-security-core-6.0.3.jar:/home/mcrebel/.m2/repository/org/springframework/security/spring-security-crypto/6.0.3/spring-security-crypto-6.0.3.jar:/home/mcrebel/.m2/repository/org/springframework/spring-context/6.0.8/spring-context-6.0.8.jar:/home/mcrebel/.m2/repository/org/springframework/security/spring-security-web/6.0.3/spring-security-web-6.0.3.jar:/home/mcrebel/.m2/repository/org/springframework/spring-expression/6.0.8/spring-expression-6.0.8.jar:/home/mcrebel/.m2/repository/org/springframework/boot/spring-boot-starter-data-jpa/3.0.6/spring-boot-starter-data-jpa-3.0.6.jar:/home/mcrebel/.m2/repository/org/springframework/boot/spring-boot-starter-aop/3.0.6/spring-boot-starter-aop-3.0.6.jar:/home/mcrebel/.m2/repository/org/aspectj/aspectjweaver/1.9.19/aspectjweaver-1.9.19.jar:/home/mcrebel/.m2/repository/org/springframework/boot/spring-boot-starter-jdbc/3.0.6/spring-boot-starter-jdbc-3.0.6.jar:/home/mcrebel/.m2/repository/com/zaxxer/HikariCP/5.0.1/HikariCP-5.0.1.jar:/home/mcrebel/.m2/repository/org/springframework/spring-jdbc/6.0.8/spring-jdbc-6.0.8.jar:/home/mcrebel/.m2/repository/org/hibernate/orm/hibernate-core/6.1.7.Final/hibernate-core-6.1.7.Final.jar:/home/mcrebel/.m2/repository/jakarta/persistence/jakarta.persistence-api/3.1.0/jakarta.persistence-api-3.1.0.jar:/home/mcrebel/.m2/repository/jakarta/transaction/jakarta.transaction-api/2.0.1/jakarta.transaction-api-2.0.1.jar:/home/mcrebel/.m2/repository/org/jboss/logging/jboss-logging/3.5.0.Final/jboss-logging-3.5.0.Final.jar:/home/mcrebel/.m2/repository/org/hibernate/common/hibernate-commons-annotations/6.0.6.Final/hibernate-commons-annotations-6.0.6.Final.jar:/home/mcrebel/.m2/repository/org/jboss/jandex/2.4.2.Final/jandex-2.4.2.Final.jar:/home/mcrebel/.m2/repository/com/fasterxml/classmate/1.5.1/classmate-1.5.1.jar:/home/mcrebel/.m2/repository/net/bytebuddy/byte-buddy/1.12.23/byte-buddy-1.12.23.jar:/home/mcrebel/.m2/repository/org/glassfish/jaxb/jaxb-runtime/4.0.2/jaxb-runtime-4.0.2.jar:/home/mcrebel/.m2/repository/org/glassfish/jaxb/jaxb-core/4.0.2/jaxb-core-4.0.2.jar:/home/mcrebel/.m2/repository/org/eclipse/angus/angus-activation/2.0.0/angus-activation-2.0.0.jar:/home/mcrebel/.m2/repository/org/glassfish/jaxb/txw2/4.0.2/txw2-4.0.2.jar:/home/mcrebel/.m2/repository/com/sun/istack/istack-commons-runtime/4.1.1/istack-commons-runtime-4.1.1.jar:/home/mcrebel/.m2/repository/jakarta/inject/jakarta.inject-api/2.0.0/jakarta.inject-api-2.0.0.jar:/home/mcrebel/.m2/repository/org/antlr/antlr4-runtime/4.10.1/antlr4-runtime-4.10.1.jar:/home/mcrebel/.m2/repository/org/springframework/data/spring-data-jpa/3.0.5/spring-data-jpa-3.0.5.jar:/home/mcrebel/.m2/repository/org/springframework/data/spring-data-commons/3.0.5/spring-data-commons-3.0.5.jar:/home/mcrebel/.m2/repository/org/springframework/spring-orm/6.0.8/spring-orm-6.0.8.jar:/home/mcrebel/.m2/repository/org/springframework/spring-tx/6.0.8/spring-tx-6.0.8.jar:/home/mcrebel/.m2/repository/org/slf4j/slf4j-api/2.0.7/slf4j-api-2.0.7.jar:/home/mcrebel/.m2/repository/org/springframework/spring-aspects/6.0.8/spring-aspects-6.0.8.jar:/home/mcrebel/.m2/repository/org/springframework/boot/spring-boot-starter-validation/3.0.6/spring-boot-starter-validation-3.0.6.jar:/home/mcrebel/.m2/repository/org/apache/tomcat/embed/tomcat-embed-el/10.1.8/tomcat-embed-el-10.1.8.jar:/home/mcrebel/.m2/repository/org/hibernate/validator/hibernate-validator/8.0.0.Final/hibernate-validator-8.0.0.Final.jar:/home/mcrebel/.m2/repository/jakarta/validation/jakarta.validation-api/3.0.2/jakarta.validation-api-3.0.2.jar:/home/mcrebel/.m2/repository/org/springframework/boot/spring-boot-devtools/3.0.6/spring-boot-devtools-3.0.6.jar:/home/mcrebel/.m2/repository/org/springframework/boot/spring-boot/3.0.6/spring-boot-3.0.6.jar:/home/mcrebel/.m2/repository/org/springframework/boot/spring-boot-autoconfigure/3.0.6/spring-boot-autoconfigure-3.0.6.jar:/home/mcrebel/.m2/repository/org/springframework/boot/spring-boot-starter-test/3.0.6/spring-boot-starter-test-3.0.6.jar:/home/mcrebel/.m2/repository/org/springframework/boot/spring-boot-test/3.0.6/spring-boot-test-3.0.6.jar:/home/mcrebel/.m2/repository/org/springframework/boot/spring-boot-test-autoconfigure/3.0.6/spring-boot-test-autoconfigure-3.0.6.jar:/home/mcrebel/.m2/repository/com/jayway/jsonpath/json-path/2.7.0/json-path-2.7.0.jar:/home/mcrebel/.m2/repository/net/minidev/json-smart/2.4.10/json-smart-2.4.10.jar:/home/mcrebel/.m2/repository/net/minidev/accessors-smart/2.4.9/accessors-smart-2.4.9.jar:/home/mcrebel/.m2/repository/org/ow2/asm/asm/9.3/asm-9.3.jar:/home/mcrebel/.m2/repository/jakarta/xml/bind/jakarta.xml.bind-api/4.0.0/jakarta.xml.bind-api-4.0.0.jar:/home/mcrebel/.m2/repository/jakarta/activation/jakarta.activation-api/2.1.1/jakarta.activation-api-2.1.1.jar:/home/mcrebel/.m2/repository/org/assertj/assertj-core/3.23.1/assertj-core-3.23.1.jar:/home/mcrebel/.m2/repository/org/hamcrest/hamcrest/2.2/hamcrest-2.2.jar:/home/mcrebel/.m2/repository/org/junit/jupiter/junit-jupiter/5.9.2/junit-jupiter-5.9.2.jar:/home/mcrebel/.m2/repository/org/junit/jupiter/junit-jupiter-api/5.9.2/junit-jupiter-api-5.9.2.jar:/home/mcrebel/.m2/repository/org/opentest4j/opentest4j/1.2.0/opentest4j-1.2.0.jar:/home/mcrebel/.m2/repository/org/junit/platform/junit-platform-commons/1.9.2/junit-platform-commons-1.9.2.jar:/home/mcrebel/.m2/repository/org/apiguardian/apiguardian-api/1.1.2/apiguardian-api-1.1.2.jar:/home/mcrebel/.m2/repository/org/junit/jupiter/junit-jupiter-params/5.9.2/junit-jupiter-params-5.9.2.jar:/home/mcrebel/.m2/repository/org/junit/jupiter/junit-jupiter-engine/5.9.2/junit-jupiter-engine-5.9.2.jar:/home/mcrebel/.m2/repository/org/mockito/mockito-core/4.8.1/mockito-core-4.8.1.jar:/home/mcrebel/.m2/repository/net/bytebuddy/byte-buddy-agent/1.12.23/byte-buddy-agent-1.12.23.jar:/home/mcrebel/.m2/repository/org/objenesis/objenesis/3.2/objenesis-3.2.jar:/home/mcrebel/.m2/repository/org/mockito/mockito-junit-jupiter/4.8.1/mockito-junit-jupiter-4.8.1.jar:/home/mcrebel/.m2/repository/org/skyscreamer/jsonassert/1.5.1/jsonassert-1.5.1.jar:/home/mcrebel/.m2/repository/com/vaadin/external/google/android-json/0.0.20131108.vaadin1/android-json-0.0.20131108.vaadin1.jar:/home/mcrebel/.m2/repository/org/springframework/spring-core/6.0.8/spring-core-6.0.8.jar:/home/mcrebel/.m2/repository/org/springframework/spring-jcl/6.0.8/spring-jcl-6.0.8.jar:/home/mcrebel/.m2/repository/org/springframework/spring-test/6.0.8/spring-test-6.0.8.jar:/home/mcrebel/.m2/repository/org/xmlunit/xmlunit-core/2.9.1/xmlunit-core-2.9.1.jar:/home/mcrebel/.m2/repository/com/vaadin/vaadin-testbench-junit5/24.0.5/vaadin-testbench-junit5-24.0.5.jar:/home/mcrebel/.m2/repository/com/vaadin/vaadin-testbench-core-junit5/9.0.3/vaadin-testbench-core-junit5-9.0.3.jar:/home/mcrebel/.m2/repository/commons-io/commons-io/2.11.0/commons-io-2.11.0.jar:/home/mcrebel/.m2/repository/commons-codec/commons-codec/1.15/commons-codec-1.15.jar:/home/mcrebel/.m2/repository/org/seleniumhq/selenium/selenium-remote-driver/4.8.3/selenium-remote-driver-4.8.3.jar:/home/mcrebel/.m2/repository/com/beust/jcommander/1.82/jcommander-1.82.jar:/home/mcrebel/.m2/repository/com/google/auto/service/auto-service-annotations/1.0.1/auto-service-annotations-1.0.1.jar:/home/mcrebel/.m2/repository/com/google/auto/service/auto-service/1.0.1/auto-service-1.0.1.jar:/home/mcrebel/.m2/repository/com/google/auto/auto-common/1.2/auto-common-1.2.jar:/home/mcrebel/.m2/repository/com/google/guava/guava/31.1-jre/guava-31.1-jre.jar:/home/mcrebel/.m2/repository/com/google/guava/failureaccess/1.0.1/failureaccess-1.0.1.jar:/home/mcrebel/.m2/repository/com/google/guava/listenablefuture/9999.0-empty-to-avoid-conflict-with-guava/listenablefuture-9999.0-empty-to-avoid-conflict-with-guava.jar:/home/mcrebel/.m2/repository/org/checkerframework/checker-qual/3.12.0/checker-qual-3.12.0.jar:/home/mcrebel/.m2/repository/com/google/errorprone/error_prone_annotations/2.11.0/error_prone_annotations-2.11.0.jar:/home/mcrebel/.m2/repository/com/google/j2objc/j2objc-annotations/1.3/j2objc-annotations-1.3.jar:/home/mcrebel/.m2/repository/io/netty/netty-buffer/4.1.91.Final/netty-buffer-4.1.91.Final.jar:/home/mcrebel/.m2/repository/io/netty/netty-codec-http/4.1.91.Final/netty-codec-http-4.1.91.Final.jar:/home/mcrebel/.m2/repository/io/netty/netty-codec/4.1.91.Final/netty-codec-4.1.91.Final.jar:/home/mcrebel/.m2/repository/io/netty/netty-handler/4.1.91.Final/netty-handler-4.1.91.Final.jar:/home/mcrebel/.m2/repository/io/netty/netty-common/4.1.91.Final/netty-common-4.1.91.Final.jar:/home/mcrebel/.m2/repository/io/netty/netty-transport-classes-epoll/4.1.91.Final/netty-transport-classes-epoll-4.1.91.Final.jar:/home/mcrebel/.m2/repository/io/netty/netty-transport-classes-kqueue/4.1.91.Final/netty-transport-classes-kqueue-4.1.91.Final.jar:/home/mcrebel/.m2/repository/io/netty/netty-transport-native-epoll/4.1.91.Final/netty-transport-native-epoll-4.1.91.Final.jar:/home/mcrebel/.m2/repository/io/netty/netty-transport-native-kqueue/4.1.91.Final/netty-transport-native-kqueue-4.1.91.Final.jar:/home/mcrebel/.m2/repository/io/netty/netty-transport-native-unix-common/4.1.91.Final/netty-transport-native-unix-common-4.1.91.Final.jar:/home/mcrebel/.m2/repository/io/netty/netty-transport/4.1.91.Final/netty-transport-4.1.91.Final.jar:/home/mcrebel/.m2/repository/io/netty/netty-resolver/4.1.91.Final/netty-resolver-4.1.91.Final.jar:/home/mcrebel/.m2/repository/io/opentelemetry/opentelemetry-api/1.19.0/opentelemetry-api-1.19.0.jar:/home/mcrebel/.m2/repository/io/opentelemetry/opentelemetry-context/1.19.0/opentelemetry-context-1.19.0.jar:/home/mcrebel/.m2/repository/io/opentelemetry/opentelemetry-exporter-logging/1.19.0/opentelemetry-exporter-logging-1.19.0.jar:/home/mcrebel/.m2/repository/io/opentelemetry/opentelemetry-sdk-metrics/1.19.0/opentelemetry-sdk-metrics-1.19.0.jar:/home/mcrebel/.m2/repository/io/opentelemetry/opentelemetry-sdk-logs/1.19.0-alpha/opentelemetry-sdk-logs-1.19.0-alpha.jar:/home/mcrebel/.m2/repository/io/opentelemetry/opentelemetry-api-logs/1.19.0-alpha/opentelemetry-api-logs-1.19.0-alpha.jar:/home/mcrebel/.m2/repository/io/opentelemetry/opentelemetry-sdk-common/1.19.0/opentelemetry-sdk-common-1.19.0.jar:/home/mcrebel/.m2/repository/io/opentelemetry/opentelemetry-sdk-extension-autoconfigure-spi/1.19.0/opentelemetry-sdk-extension-autoconfigure-spi-1.19.0.jar:/home/mcrebel/.m2/repository/io/opentelemetry/opentelemetry-sdk-extension-autoconfigure/1.24.0-alpha/opentelemetry-sdk-extension-autoconfigure-1.24.0-alpha.jar:/home/mcrebel/.m2/repository/io/opentelemetry/opentelemetry-sdk-trace/1.19.0/opentelemetry-sdk-trace-1.19.0.jar:/home/mcrebel/.m2/repository/io/opentelemetry/opentelemetry-sdk/1.19.0/opentelemetry-sdk-1.19.0.jar:/home/mcrebel/.m2/repository/io/opentelemetry/opentelemetry-semconv/1.24.0-alpha/opentelemetry-semconv-1.24.0-alpha.jar:/home/mcrebel/.m2/repository/io/ous/jtoml/2.0.0/jtoml-2.0.0.jar:/home/mcrebel/.m2/repository/org/apache/commons/commons-exec/1.3/commons-exec-1.3.jar:/home/mcrebel/.m2/repository/org/asynchttpclient/async-http-client/2.12.3/async-http-client-2.12.3.jar:/home/mcrebel/.m2/repository/org/asynchttpclient/async-http-client-netty-utils/2.12.3/async-http-client-netty-utils-2.12.3.jar:/home/mcrebel/.m2/repository/io/netty/netty-codec-socks/4.1.91.Final/netty-codec-socks-4.1.91.Final.jar:/home/mcrebel/.m2/repository/io/netty/netty-handler-proxy/4.1.91.Final/netty-handler-proxy-4.1.91.Final.jar:/home/mcrebel/.m2/repository/io/netty/netty-transport-native-epoll/4.1.91.Final/netty-transport-native-epoll-4.1.91.Final-linux-x86_64.jar:/home/mcrebel/.m2/repository/io/netty/netty-transport-native-kqueue/4.1.91.Final/netty-transport-native-kqueue-4.1.91.Final-osx-x86_64.jar:/home/mcrebel/.m2/repository/org/reactivestreams/reactive-streams/1.0.4/reactive-streams-1.0.4.jar:/home/mcrebel/.m2/repository/com/typesafe/netty/netty-reactive-streams/2.0.4/netty-reactive-streams-2.0.4.jar:/home/mcrebel/.m2/repository/com/sun/activation/jakarta.activation/1.2.2/jakarta.activation-1.2.2.jar:/home/mcrebel/.m2/repository/org/seleniumhq/selenium/selenium-api/4.8.3/selenium-api-4.8.3.jar:/home/mcrebel/.m2/repository/org/seleniumhq/selenium/selenium-http/4.8.3/selenium-http-4.8.3.jar:/home/mcrebel/.m2/repository/dev/failsafe/failsafe/3.3.1/failsafe-3.3.1.jar:/home/mcrebel/.m2/repository/org/seleniumhq/selenium/selenium-json/4.8.3/selenium-json-4.8.3.jar:/home/mcrebel/.m2/repository/org/seleniumhq/selenium/selenium-manager/4.8.3/selenium-manager-4.8.3.jar:/home/mcrebel/.m2/repository/org/seleniumhq/selenium/selenium-java/4.8.3/selenium-java-4.8.3.jar:/home/mcrebel/.m2/repository/org/seleniumhq/selenium/selenium-chrome-driver/4.8.3/selenium-chrome-driver-4.8.3.jar:/home/mcrebel/.m2/repository/org/seleniumhq/selenium/selenium-chromium-driver/4.8.3/selenium-chromium-driver-4.8.3.jar:/home/mcrebel/.m2/repository/org/seleniumhq/selenium/selenium-devtools-v109/4.8.3/selenium-devtools-v109-4.8.3.jar:/home/mcrebel/.m2/repository/org/seleniumhq/selenium/selenium-devtools-v110/4.8.3/selenium-devtools-v110-4.8.3.jar:/home/mcrebel/.m2/repository/org/seleniumhq/selenium/selenium-devtools-v111/4.8.3/selenium-devtools-v111-4.8.3.jar:/home/mcrebel/.m2/repository/org/seleniumhq/selenium/selenium-devtools-v85/4.8.3/selenium-devtools-v85-4.8.3.jar:/home/mcrebel/.m2/repository/org/seleniumhq/selenium/selenium-edge-driver/4.8.3/selenium-edge-driver-4.8.3.jar:/home/mcrebel/.m2/repository/org/seleniumhq/selenium/selenium-firefox-driver/4.8.3/selenium-firefox-driver-4.8.3.jar:/home/mcrebel/.m2/repository/org/seleniumhq/selenium/selenium-ie-driver/4.8.3/selenium-ie-driver-4.8.3.jar:/home/mcrebel/.m2/repository/org/seleniumhq/selenium/selenium-safari-driver/4.8.3/selenium-safari-driver-4.8.3.jar:/home/mcrebel/.m2/repository/org/seleniumhq/selenium/selenium-support/4.8.3/selenium-support-4.8.3.jar:/home/mcrebel/.m2/repository/org/junit/platform/junit-platform-engine/1.9.2/junit-platform-engine-1.9.2.jar:/home/mcrebel/.m2/repository/org/javassist/javassist/3.28.0-GA/javassist-3.28.0-GA.jar:/home/mcrebel/.m2/repository/com/vaadin/license-checker/1.12.3/license-checker-1.12.3.jar:/home/mcrebel/.m2/repository/com/github/oshi/oshi-core/6.4.1/oshi-core-6.4.1.jar:/home/mcrebel/.m2/repository/net/java/dev/jna/jna/5.13.0/jna-5.13.0.jar:/home/mcrebel/.m2/repository/net/java/dev/jna/jna-platform/5.13.0/jna-platform-5.13.0.jar:/home/mcrebel/.m2/repository/com/nimbusds/nimbus-jose-jwt/9.31/nimbus-jose-jwt-9.31.jar:/home/mcrebel/.m2/repository/org/lucee/jcip-annotations/1.0.0/jcip-annotations-1.0.0.jar:/home/mcrebel/.m2/repository/com/vaadin/open/8.5.0/open-8.5.0.jar:/home/mcrebel/.m2/repository/com/vaadin/external/gwt/gwt-elemental/2.8.2.vaadin2/gwt-elemental-2.8.2.vaadin2.jar:/home/mcrebel/.m2/repository/com/vaadin/vaadin-testbench-unit-junit5/9.0.3/vaadin-testbench-unit-junit5-9.0.3.jar:/home/mcrebel/.m2/repository/com/vaadin/vaadin-testbench-unit-shared/9.0.3/vaadin-testbench-unit-shared-9.0.3.jar:/home/mcrebel/.m2/repository/io/github/classgraph/classgraph/4.8.146/classgraph-4.8.146.jar:/home/mcrebel/.m2/repository/jakarta/servlet/jakarta.servlet-api/6.0.0/jakarta.servlet-api-6.0.0.jar:/home/mcrebel/.m2/repository/org/jetbrains/kotlin/kotlin-stdlib-jdk8/1.7.22/kotlin-stdlib-jdk8-1.7.22.jar:/home/mcrebel/.m2/repository/org/jetbrains/kotlin/kotlin-stdlib/1.7.22/kotlin-stdlib-1.7.22.jar:/home/mcrebel/.m2/repository/org/jetbrains/kotlin/kotlin-stdlib-common/1.7.22/kotlin-stdlib-common-1.7.22.jar:/home/mcrebel/.m2/repository/org/jetbrains/annotations/13.0/annotations-13.0.jar:/home/mcrebel/.m2/repository/org/jetbrains/kotlin/kotlin-stdlib-jdk7/1.7.22/kotlin-stdlib-jdk7-1.7.22.jar:/home/mcrebel/.m2/repository/org/jetbrains/kotlin/kotlin-reflect/1.7.22/kotlin-reflect-1.7.22.jar:/home/mcrebel/.m2/repository/com/vaadin/vaadin-testbench-shared/9.0.3/vaadin-testbench-shared-9.0.3.jar:/home/mcrebel/.m2/repository/org/seleniumhq/selenium/selenium-http-jdk-client/4.8.3/selenium-http-jdk-client-4.8.3.jar:/home/mcrebel/.m2/repository/com/vaadin/flow-html-components-testbench/24.0.6/flow-html-components-testbench-24.0.6.jar:/home/mcrebel/.m2/repository/com/vaadin/vaadin-accordion-testbench/24.0.5/vaadin-accordion-testbench-24.0.5.jar:/home/mcrebel/.m2/repository/com/vaadin/vaadin-app-layout-testbench/24.0.5/vaadin-app-layout-testbench-24.0.5.jar:/home/mcrebel/.m2/repository/com/vaadin/vaadin-avatar-testbench/24.0.5/vaadin-avatar-testbench-24.0.5.jar:/home/mcrebel/.m2/repository/com/vaadin/vaadin-board-testbench/24.0.5/vaadin-board-testbench-24.0.5.jar:/home/mcrebel/.m2/repository/com/vaadin/vaadin-button-testbench/24.0.5/vaadin-button-testbench-24.0.5.jar:/home/mcrebel/.m2/repository/com/vaadin/vaadin-charts-testbench/24.0.5/vaadin-charts-testbench-24.0.5.jar:/home/mcrebel/.m2/repository/com/vaadin/vaadin-checkbox-testbench/24.0.5/vaadin-checkbox-testbench-24.0.5.jar:/home/mcrebel/.m2/repository/com/vaadin/vaadin-combo-box-testbench/24.0.5/vaadin-combo-box-testbench-24.0.5.jar:/home/mcrebel/.m2/repository/com/vaadin/vaadin-confirm-dialog-testbench/24.0.5/vaadin-confirm-dialog-testbench-24.0.5.jar:/home/mcrebel/.m2/repository/com/vaadin/vaadin-context-menu-testbench/24.0.5/vaadin-context-menu-testbench-24.0.5.jar:/home/mcrebel/.m2/repository/com/vaadin/vaadin-cookie-consent-testbench/24.0.5/vaadin-cookie-consent-testbench-24.0.5.jar:/home/mcrebel/.m2/repository/com/vaadin/vaadin-crud-testbench/24.0.5/vaadin-crud-testbench-24.0.5.jar:/home/mcrebel/.m2/repository/com/vaadin/vaadin-custom-field-testbench/24.0.5/vaadin-custom-field-testbench-24.0.5.jar:/home/mcrebel/.m2/repository/com/vaadin/vaadin-date-picker-testbench/24.0.5/vaadin-date-picker-testbench-24.0.5.jar:/home/mcrebel/.m2/repository/com/vaadin/vaadin-date-time-picker-testbench/24.0.5/vaadin-date-time-picker-testbench-24.0.5.jar:/home/mcrebel/.m2/repository/com/vaadin/vaadin-details-testbench/24.0.5/vaadin-details-testbench-24.0.5.jar:/home/mcrebel/.m2/repository/com/vaadin/vaadin-dialog-testbench/24.0.5/vaadin-dialog-testbench-24.0.5.jar:/home/mcrebel/.m2/repository/com/vaadin/vaadin-form-layout-testbench/24.0.5/vaadin-form-layout-testbench-24.0.5.jar:/home/mcrebel/.m2/repository/com/vaadin/vaadin-grid-testbench/24.0.5/vaadin-grid-testbench-24.0.5.jar:/home/mcrebel/.m2/repository/com/vaadin/vaadin-grid-pro-testbench/24.0.5/vaadin-grid-pro-testbench-24.0.5.jar:/home/mcrebel/.m2/repository/com/vaadin/vaadin-icons-testbench/24.0.5/vaadin-icons-testbench-24.0.5.jar:/home/mcrebel/.m2/repository/com/vaadin/vaadin-virtual-list-testbench/24.0.5/vaadin-virtual-list-testbench-24.0.5.jar:/home/mcrebel/.m2/repository/com/vaadin/vaadin-list-box-testbench/24.0.5/vaadin-list-box-testbench-24.0.5.jar:/home/mcrebel/.m2/repository/com/vaadin/vaadin-login-testbench/24.0.5/vaadin-login-testbench-24.0.5.jar:/home/mcrebel/.m2/repository/com/vaadin/vaadin-menu-bar-testbench/24.0.5/vaadin-menu-bar-testbench-24.0.5.jar:/home/mcrebel/.m2/repository/com/vaadin/vaadin-messages-testbench/24.0.5/vaadin-messages-testbench-24.0.5.jar:/home/mcrebel/.m2/repository/com/vaadin/vaadin-notification-testbench/24.0.5/vaadin-notification-testbench-24.0.5.jar:/home/mcrebel/.m2/repository/com/vaadin/vaadin-ordered-layout-testbench/24.0.5/vaadin-ordered-layout-testbench-24.0.5.jar:/home/mcrebel/.m2/repository/com/vaadin/vaadin-progress-bar-testbench/24.0.5/vaadin-progress-bar-testbench-24.0.5.jar:/home/mcrebel/.m2/repository/com/vaadin/vaadin-radio-button-testbench/24.0.5/vaadin-radio-button-testbench-24.0.5.jar:/home/mcrebel/.m2/repository/com/vaadin/vaadin-rich-text-editor-testbench/24.0.5/vaadin-rich-text-editor-testbench-24.0.5.jar:/home/mcrebel/.m2/repository/com/vaadin/vaadin-select-testbench/24.0.5/vaadin-select-testbench-24.0.5.jar:/home/mcrebel/.m2/repository/com/vaadin/vaadin-split-layout-testbench/24.0.5/vaadin-split-layout-testbench-24.0.5.jar:/home/mcrebel/.m2/repository/com/vaadin/vaadin-tabs-testbench/24.0.5/vaadin-tabs-testbench-24.0.5.jar:/home/mcrebel/.m2/repository/com/vaadin/vaadin-text-field-testbench/24.0.5/vaadin-text-field-testbench-24.0.5.jar:/home/mcrebel/.m2/repository/com/vaadin/vaadin-time-picker-testbench/24.0.5/vaadin-time-picker-testbench-24.0.5.jar:/home/mcrebel/.m2/repository/com/vaadin/vaadin-upload-testbench/24.0.5/vaadin-upload-testbench-24.0.5.jar:"/>
    <property name="sun.cpu.endian" value="little"/>
    <property name="user.home" value="/home/mcrebel"/>
    <property name="user.language" value="de"/>
    <property name="java.specification.vendor" value="Oracle Corporation"/>
    <property name="java.version.date" value="2023-04-18"/>
    <property name="java.home" value="/usr/lib/jvm/java-17-openjdk-amd64"/>
    <property name="file.separator" value="/"/>
    <property name="basedir" value="/home/mcrebel/Dropbox/MCI/4.Semester/SoftwareEngineering2/Project_neu/Issue-Tracking-Application"/>
    <property name="java.vm.compressedOopsMode" value="Zero based"/>
    <property name="line.separator" value="&#10;"/>
    <property name="java.vm.specification.vendor" value="Oracle Corporation"/>
    <property name="java.specification.name" value="Java Platform API Specification"/>
    <property name="surefire.real.class.path" value="/home/mcrebel/Dropbox/MCI/4.Semester/SoftwareEngineering2/Project_neu/Issue-Tracking-Application/target/surefire/surefirebooter3668418510031240367.jar"/>
    <property name="sun.management.compiler" value="HotSpot 64-Bit Tiered Compilers"/>
    <property name="java.runtime.version" value="17.0.7+7-Ubuntu-0ubuntu122.04.2"/>
    <property name="user.name" value="mcrebel"/>
    <property name="path.separator" value=":"/>
    <property name="os.version" value="5.19.0-43-generic"/>
    <property name="java.runtime.name" value="OpenJDK Runtime Environment"/>
    <property name="file.encoding" value="UTF-8"/>
    <property name="java.vm.name" value="OpenJDK 64-Bit Server VM"/>
    <property name="localRepository" value="/home/mcrebel/.m2/repository"/>
    <property name="java.vendor.url.bug" value="Unknown"/>
    <property name="java.io.tmpdir" value="/tmp"/>
    <property name="java.version" value="17.0.7"/>
    <property name="user.dir" value="/home/mcrebel/Dropbox/MCI/4.Semester/SoftwareEngineering2/Project_neu/Issue-Tracking-Application"/>
    <property name="os.arch" value="amd64"/>
    <property name="java.vm.specification.name" value="Java Virtual Machine Specification"/>
    <property name="native.encoding" value="UTF-8"/>
    <property name="java.library.path" value="/usr/java/packages/lib:/usr/lib/x86_64-linux-gnu/jni:/lib/x86_64-linux-gnu:/usr/lib/x86_64-linux-gnu:/usr/lib/jni:/lib:/usr/lib"/>
    <property name="java.vm.info" value="mixed mode, sharing"/>
    <property name="java.vendor" value="Private Build"/>
    <property name="java.vm.version" value="17.0.7+7-Ubuntu-0ubuntu122.04.2"/>
    <property name="sun.io.unicode.encoding" value="UnicodeLittle"/>
    <property name="java.class.version" value="61.0"/>
  </properties>
  <testcase name="loginAsInvalidUserFails[1]" classname="com.example.application.it.LoginE2ETest" time="0.005">
    <error message="Could not initialize class com.vaadin.testbench.browser.BrowserExtension" type="java.lang.NoClassDefFoundError">java.lang.NoClassDefFoundError: Could not initialize class com.vaadin.testbench.browser.BrowserExtension
Caused by: java.lang.ExceptionInInitializerError: Exception java.lang.ExceptionInInitializerError [in thread "ForkJoinPool-1-worker-4"]
</error>
    <system-out><![CDATA[10:08:36.215 [ForkJoinPool-1-worker-4] DEBUG oshi.util.FileUtil -- Reading file /proc/self/auxv
10:08:36.216 [ForkJoinPool-1-worker-4] DEBUG oshi.util.FileUtil -- Reading file /proc/self/auxv
10:08:36.218 [ForkJoinPool-1-worker-4] DEBUG oshi.util.FileUtil -- Reading file /proc/stat
10:08:36.226 [ForkJoinPool-1-worker-4] DEBUG oshi.util.FileUtil -- Reading file /sys/devices/system/cpu/cpu0/topology/core_id
10:08:36.227 [ForkJoinPool-1-worker-4] DEBUG oshi.util.FileUtil -- Reading file /sys/devices/system/cpu/cpu0/topology/core_id
10:08:36.227 [ForkJoinPool-1-worker-4] DEBUG oshi.util.FileUtil -- Reading file /sys/devices/system/cpu/cpu0/topology/physical_package_id
10:08:36.227 [ForkJoinPool-1-worker-4] DEBUG oshi.util.FileUtil -- Reading file /sys/devices/system/cpu/cpu0/topology/physical_package_id
10:08:36.227 [ForkJoinPool-1-worker-4] DEBUG oshi.util.FileUtil -- Reading file /sys/devices/system/cpu/cpu0/cpu_capacity
10:08:36.229 [ForkJoinPool-1-worker-4] DEBUG oshi.util.FileUtil -- Reading file /sys/devices/system/cpu/cpu0/cache/index2/level
10:08:36.229 [ForkJoinPool-1-worker-4] DEBUG oshi.util.FileUtil -- Reading file /sys/devices/system/cpu/cpu0/cache/index2/level
10:08:36.229 [ForkJoinPool-1-worker-4] DEBUG oshi.util.FileUtil -- Reading file /sys/devices/system/cpu/cpu0/cache/index2/type
10:08:36.229 [ForkJoinPool-1-worker-4] DEBUG oshi.util.FileUtil -- Reading file /sys/devices/system/cpu/cpu0/cache/index2/type
10:08:36.229 [ForkJoinPool-1-worker-4] DEBUG oshi.util.FileUtil -- Reading file /sys/devices/system/cpu/cpu0/cache/index2/ways_of_associativity
10:08:36.229 [ForkJoinPool-1-worker-4] DEBUG oshi.util.FileUtil -- Reading file /sys/devices/system/cpu/cpu0/cache/index2/ways_of_associativity
10:08:36.230 [ForkJoinPool-1-worker-4] DEBUG oshi.util.FileUtil -- Reading file /sys/devices/system/cpu/cpu0/cache/index2/coherency_line_size
10:08:36.230 [ForkJoinPool-1-worker-4] DEBUG oshi.util.FileUtil -- Reading file /sys/devices/system/cpu/cpu0/cache/index2/coherency_line_size
10:08:36.230 [ForkJoinPool-1-worker-4] DEBUG oshi.util.FileUtil -- Reading file /sys/devices/system/cpu/cpu0/cache/index2/size
10:08:36.230 [ForkJoinPool-1-worker-4] DEBUG oshi.util.FileUtil -- Reading file /sys/devices/system/cpu/cpu0/cache/index2/size
10:08:36.231 [ForkJoinPool-1-worker-4] DEBUG oshi.util.FileUtil -- Reading file /sys/devices/system/cpu/cpu0/cache/index0/level
10:08:36.231 [ForkJoinPool-1-worker-4] DEBUG oshi.util.FileUtil -- Reading file /sys/devices/system/cpu/cpu0/cache/index0/level
10:08:36.231 [ForkJoinPool-1-worker-4] DEBUG oshi.util.FileUtil -- Reading file /sys/devices/system/cpu/cpu0/cache/index0/type
10:08:36.231 [ForkJoinPool-1-worker-4] DEBUG oshi.util.FileUtil -- Reading file /sys/devices/system/cpu/cpu0/cache/index0/type
10:08:36.231 [ForkJoinPool-1-worker-4] DEBUG oshi.util.FileUtil -- Reading file /sys/devices/system/cpu/cpu0/cache/index0/ways_of_associativity
10:08:36.231 [ForkJoinPool-1-worker-4] DEBUG oshi.util.FileUtil -- Reading file /sys/devices/system/cpu/cpu0/cache/index0/ways_of_associativity
10:08:36.232 [ForkJoinPool-1-worker-4] DEBUG oshi.util.FileUtil -- Reading file /sys/devices/system/cpu/cpu0/cache/index0/coherency_line_size
10:08:36.232 [ForkJoinPool-1-worker-4] DEBUG oshi.util.FileUtil -- Reading file /sys/devices/system/cpu/cpu0/cache/index0/coherency_line_size
10:08:36.232 [ForkJoinPool-1-worker-4] DEBUG oshi.util.FileUtil -- Reading file /sys/devices/system/cpu/cpu0/cache/index0/size
10:08:36.232 [ForkJoinPool-1-worker-4] DEBUG oshi.util.FileUtil -- Reading file /sys/devices/system/cpu/cpu0/cache/index0/size
10:08:36.232 [ForkJoinPool-1-worker-4] DEBUG oshi.util.FileUtil -- Reading file /sys/devices/system/cpu/cpu0/cache/index3/level
10:08:36.232 [ForkJoinPool-1-worker-4] DEBUG oshi.util.FileUtil -- Reading file /sys/devices/system/cpu/cpu0/cache/index3/level
10:08:36.233 [ForkJoinPool-1-worker-4] DEBUG oshi.util.FileUtil -- Reading file /sys/devices/system/cpu/cpu0/cache/index3/type
10:08:36.233 [ForkJoinPool-1-worker-4] DEBUG oshi.util.FileUtil -- Reading file /sys/devices/system/cpu/cpu0/cache/index3/type
10:08:36.233 [ForkJoinPool-1-worker-4] DEBUG oshi.util.FileUtil -- Reading file /sys/devices/system/cpu/cpu0/cache/index3/ways_of_associativity
10:08:36.233 [ForkJoinPool-1-worker-4] DEBUG oshi.util.FileUtil -- Reading file /sys/devices/system/cpu/cpu0/cache/index3/ways_of_associativity
10:08:36.233 [ForkJoinPool-1-worker-4] DEBUG oshi.util.FileUtil -- Reading file /sys/devices/system/cpu/cpu0/cache/index3/coherency_line_size
10:08:36.233 [ForkJoinPool-1-worker-4] DEBUG oshi.util.FileUtil -- Reading file /sys/devices/system/cpu/cpu0/cache/index3/coherency_line_size
10:08:36.234 [ForkJoinPool-1-worker-4] DEBUG oshi.util.FileUtil -- Reading file /sys/devices/system/cpu/cpu0/cache/index3/size
10:08:36.234 [ForkJoinPool-1-worker-4] DEBUG oshi.util.FileUtil -- Reading file /sys/devices/system/cpu/cpu0/cache/index3/size
10:08:36.234 [ForkJoinPool-1-worker-4] DEBUG oshi.util.FileUtil -- Reading file /sys/devices/system/cpu/cpu0/cache/index1/level
10:08:36.234 [ForkJoinPool-1-worker-4] DEBUG oshi.util.FileUtil -- Reading file /sys/devices/system/cpu/cpu0/cache/index1/level
10:08:36.234 [ForkJoinPool-1-worker-4] DEBUG oshi.util.FileUtil -- Reading file /sys/devices/system/cpu/cpu0/cache/index1/type
10:08:36.234 [ForkJoinPool-1-worker-4] DEBUG oshi.util.FileUtil -- Reading file /sys/devices/system/cpu/cpu0/cache/index1/type
10:08:36.235 [ForkJoinPool-1-worker-4] DEBUG oshi.util.FileUtil -- Reading file /sys/devices/system/cpu/cpu0/cache/index1/ways_of_associativity
10:08:36.235 [ForkJoinPool-1-worker-4] DEBUG oshi.util.FileUtil -- Reading file /sys/devices/system/cpu/cpu0/cache/index1/ways_of_associativity
10:08:36.236 [ForkJoinPool-1-worker-4] DEBUG oshi.util.FileUtil -- Reading file /sys/devices/system/cpu/cpu0/cache/index1/coherency_line_size
10:08:36.236 [ForkJoinPool-1-worker-4] DEBUG oshi.util.FileUtil -- Reading file /sys/devices/system/cpu/cpu0/cache/index1/coherency_line_size
10:08:36.236 [ForkJoinPool-1-worker-4] DEBUG oshi.util.FileUtil -- Reading file /sys/devices/system/cpu/cpu0/cache/index1/size
10:08:36.236 [ForkJoinPool-1-worker-4] DEBUG oshi.util.FileUtil -- Reading file /sys/devices/system/cpu/cpu0/cache/index1/size
10:08:36.237 [ForkJoinPool-1-worker-4] DEBUG oshi.util.FileUtil -- Reading file /sys/devices/system/cpu/cpu1/topology/core_id
10:08:36.238 [ForkJoinPool-1-worker-4] DEBUG oshi.util.FileUtil -- Reading file /sys/devices/system/cpu/cpu1/topology/core_id
10:08:36.238 [ForkJoinPool-1-worker-4] DEBUG oshi.util.FileUtil -- Reading file /sys/devices/system/cpu/cpu1/topology/physical_package_id
10:08:36.238 [ForkJoinPool-1-worker-4] DEBUG oshi.util.FileUtil -- Reading file /sys/devices/system/cpu/cpu1/topology/physical_package_id
10:08:36.238 [ForkJoinPool-1-worker-4] DEBUG oshi.util.FileUtil -- Reading file /sys/devices/system/cpu/cpu1/cpu_capacity
10:08:36.238 [ForkJoinPool-1-worker-4] DEBUG oshi.util.FileUtil -- Reading file /sys/devices/system/cpu/cpu1/cache/index2/level
10:08:36.238 [ForkJoinPool-1-worker-4] DEBUG oshi.util.FileUtil -- Reading file /sys/devices/system/cpu/cpu1/cache/index2/level
10:08:36.238 [ForkJoinPool-1-worker-4] DEBUG oshi.util.FileUtil -- Reading file /sys/devices/system/cpu/cpu1/cache/index2/type
10:08:36.239 [ForkJoinPool-1-worker-4] DEBUG oshi.util.FileUtil -- Reading file /sys/devices/system/cpu/cpu1/cache/index2/type
10:08:36.239 [ForkJoinPool-1-worker-4] DEBUG oshi.util.FileUtil -- Reading file /sys/devices/system/cpu/cpu1/cache/index2/ways_of_associativity
10:08:36.239 [ForkJoinPool-1-worker-4] DEBUG oshi.util.FileUtil -- Reading file /sys/devices/system/cpu/cpu1/cache/index2/ways_of_associativity
10:08:36.239 [ForkJoinPool-1-worker-4] DEBUG oshi.util.FileUtil -- Reading file /sys/devices/system/cpu/cpu1/cache/index2/coherency_line_size
10:08:36.239 [ForkJoinPool-1-worker-4] DEBUG oshi.util.FileUtil -- Reading file /sys/devices/system/cpu/cpu1/cache/index2/coherency_line_size
10:08:36.239 [ForkJoinPool-1-worker-4] DEBUG oshi.util.FileUtil -- Reading file /sys/devices/system/cpu/cpu1/cache/index2/size
10:08:36.239 [ForkJoinPool-1-worker-4] DEBUG oshi.util.FileUtil -- Reading file /sys/devices/system/cpu/cpu1/cache/index2/size
10:08:36.239 [ForkJoinPool-1-worker-4] DEBUG oshi.util.FileUtil -- Reading file /sys/devices/system/cpu/cpu1/cache/index0/level
10:08:36.240 [ForkJoinPool-1-worker-4] DEBUG oshi.util.FileUtil -- Reading file /sys/devices/system/cpu/cpu1/cache/index0/level
10:08:36.240 [ForkJoinPool-1-worker-4] DEBUG oshi.util.FileUtil -- Reading file /sys/devices/system/cpu/cpu1/cache/index0/type
10:08:36.240 [ForkJoinPool-1-worker-4] DEBUG oshi.util.FileUtil -- Reading file /sys/devices/system/cpu/cpu1/cache/index0/type
10:08:36.240 [ForkJoinPool-1-worker-4] DEBUG oshi.util.FileUtil -- Reading file /sys/devices/system/cpu/cpu1/cache/index0/ways_of_associativity
10:08:36.240 [ForkJoinPool-1-worker-4] DEBUG oshi.util.FileUtil -- Reading file /sys/devices/system/cpu/cpu1/cache/index0/ways_of_associativity
10:08:36.240 [ForkJoinPool-1-worker-4] DEBUG oshi.util.FileUtil -- Reading file /sys/devices/system/cpu/cpu1/cache/index0/coherency_line_size
10:08:36.240 [ForkJoinPool-1-worker-4] DEBUG oshi.util.FileUtil -- Reading file /sys/devices/system/cpu/cpu1/cache/index0/coherency_line_size
10:08:36.240 [ForkJoinPool-1-worker-4] DEBUG oshi.util.FileUtil -- Reading file /sys/devices/system/cpu/cpu1/cache/index0/size
10:08:36.240 [ForkJoinPool-1-worker-4] DEBUG oshi.util.FileUtil -- Reading file /sys/devices/system/cpu/cpu1/cache/index0/size
10:08:36.241 [ForkJoinPool-1-worker-4] DEBUG oshi.util.FileUtil -- Reading file /sys/devices/system/cpu/cpu1/cache/index3/level
10:08:36.241 [ForkJoinPool-1-worker-4] DEBUG oshi.util.FileUtil -- Reading file /sys/devices/system/cpu/cpu1/cache/index3/level
10:08:36.241 [ForkJoinPool-1-worker-4] DEBUG oshi.util.FileUtil -- Reading file /sys/devices/system/cpu/cpu1/cache/index3/type
10:08:36.241 [ForkJoinPool-1-worker-4] DEBUG oshi.util.FileUtil -- Reading file /sys/devices/system/cpu/cpu1/cache/index3/type
10:08:36.241 [ForkJoinPool-1-worker-4] DEBUG oshi.util.FileUtil -- Reading file /sys/devices/system/cpu/cpu1/cache/index3/ways_of_associativity
10:08:36.241 [ForkJoinPool-1-worker-4] DEBUG oshi.util.FileUtil -- Reading file /sys/devices/system/cpu/cpu1/cache/index3/ways_of_associativity
10:08:36.241 [ForkJoinPool-1-worker-4] DEBUG oshi.util.FileUtil -- Reading file /sys/devices/system/cpu/cpu1/cache/index3/coherency_line_size
10:08:36.241 [ForkJoinPool-1-worker-4] DEBUG oshi.util.FileUtil -- Reading file /sys/devices/system/cpu/cpu1/cache/index3/coherency_line_size
10:08:36.241 [ForkJoinPool-1-worker-4] DEBUG oshi.util.FileUtil -- Reading file /sys/devices/system/cpu/cpu1/cache/index3/size
10:08:36.241 [ForkJoinPool-1-worker-4] DEBUG oshi.util.FileUtil -- Reading file /sys/devices/system/cpu/cpu1/cache/index3/size
10:08:36.242 [ForkJoinPool-1-worker-4] DEBUG oshi.util.FileUtil -- Reading file /sys/devices/system/cpu/cpu1/cache/index1/level
10:08:36.242 [ForkJoinPool-1-worker-4] DEBUG oshi.util.FileUtil -- Reading file /sys/devices/system/cpu/cpu1/cache/index1/level
10:08:36.242 [ForkJoinPool-1-worker-4] DEBUG oshi.util.FileUtil -- Reading file /sys/devices/system/cpu/cpu1/cache/index1/type
10:08:36.242 [ForkJoinPool-1-worker-4] DEBUG oshi.util.FileUtil -- Reading file /sys/devices/system/cpu/cpu1/cache/index1/type
10:08:36.242 [ForkJoinPool-1-worker-4] DEBUG oshi.util.FileUtil -- Reading file /sys/devices/system/cpu/cpu1/cache/index1/ways_of_associativity
10:08:36.242 [ForkJoinPool-1-worker-4] DEBUG oshi.util.FileUtil -- Reading file /sys/devices/system/cpu/cpu1/cache/index1/ways_of_associativity
10:08:36.242 [ForkJoinPool-1-worker-4] DEBUG oshi.util.FileUtil -- Reading file /sys/devices/system/cpu/cpu1/cache/index1/coherency_line_size
10:08:36.242 [ForkJoinPool-1-worker-4] DEBUG oshi.util.FileUtil -- Reading file /sys/devices/system/cpu/cpu1/cache/index1/coherency_line_size
10:08:36.242 [ForkJoinPool-1-worker-4] DEBUG oshi.util.FileUtil -- Reading file /sys/devices/system/cpu/cpu1/cache/index1/size
10:08:36.242 [ForkJoinPool-1-worker-4] DEBUG oshi.util.FileUtil -- Reading file /sys/devices/system/cpu/cpu1/cache/index1/size
10:08:36.243 [ForkJoinPool-1-worker-4] DEBUG oshi.util.FileUtil -- Reading file /sys/devices/system/cpu/cpu10/topology/core_id
10:08:36.243 [ForkJoinPool-1-worker-4] DEBUG oshi.util.FileUtil -- Reading file /sys/devices/system/cpu/cpu10/topology/core_id
10:08:36.243 [ForkJoinPool-1-worker-4] DEBUG oshi.util.FileUtil -- Reading file /sys/devices/system/cpu/cpu10/topology/physical_package_id
10:08:36.243 [ForkJoinPool-1-worker-4] DEBUG oshi.util.FileUtil -- Reading file /sys/devices/system/cpu/cpu10/topology/physical_package_id
10:08:36.243 [ForkJoinPool-1-worker-4] DEBUG oshi.util.FileUtil -- Reading file /sys/devices/system/cpu/cpu10/cpu_capacity
10:08:36.244 [ForkJoinPool-1-worker-4] DEBUG oshi.util.FileUtil -- Reading file /sys/devices/system/cpu/cpu10/cache/index2/level
10:08:36.244 [ForkJoinPool-1-worker-4] DEBUG oshi.util.FileUtil -- Reading file /sys/devices/system/cpu/cpu10/cache/index2/level
10:08:36.244 [ForkJoinPool-1-worker-4] DEBUG oshi.util.FileUtil -- Reading file /sys/devices/system/cpu/cpu10/cache/index2/type
10:08:36.244 [ForkJoinPool-1-worker-4] DEBUG oshi.util.FileUtil -- Reading file /sys/devices/system/cpu/cpu10/cache/index2/type
10:08:36.244 [ForkJoinPool-1-worker-4] DEBUG oshi.util.FileUtil -- Reading file /sys/devices/system/cpu/cpu10/cache/index2/ways_of_associativity
10:08:36.244 [ForkJoinPool-1-worker-4] DEBUG oshi.util.FileUtil -- Reading file /sys/devices/system/cpu/cpu10/cache/index2/ways_of_associativity
10:08:36.244 [ForkJoinPool-1-worker-4] DEBUG oshi.util.FileUtil -- Reading file /sys/devices/system/cpu/cpu10/cache/index2/coherency_line_size
10:08:36.244 [ForkJoinPool-1-worker-4] DEBUG oshi.util.FileUtil -- Reading file /sys/devices/system/cpu/cpu10/cache/index2/coherency_line_size
10:08:36.244 [ForkJoinPool-1-worker-4] DEBUG oshi.util.FileUtil -- Reading file /sys/devices/system/cpu/cpu10/cache/index2/size
10:08:36.244 [ForkJoinPool-1-worker-4] DEBUG oshi.util.FileUtil -- Reading file /sys/devices/system/cpu/cpu10/cache/index2/size
10:08:36.245 [ForkJoinPool-1-worker-4] DEBUG oshi.util.FileUtil -- Reading file /sys/devices/system/cpu/cpu10/cache/index0/level
10:08:36.245 [ForkJoinPool-1-worker-4] DEBUG oshi.util.FileUtil -- Reading file /sys/devices/system/cpu/cpu10/cache/index0/level
10:08:36.245 [ForkJoinPool-1-worker-4] DEBUG oshi.util.FileUtil -- Reading file /sys/devices/system/cpu/cpu10/cache/index0/type
10:08:36.245 [ForkJoinPool-1-worker-4] DEBUG oshi.util.FileUtil -- Reading file /sys/devices/system/cpu/cpu10/cache/index0/type
10:08:36.245 [ForkJoinPool-1-worker-4] DEBUG oshi.util.FileUtil -- Reading file /sys/devices/system/cpu/cpu10/cache/index0/ways_of_associativity
10:08:36.245 [ForkJoinPool-1-worker-4] DEBUG oshi.util.FileUtil -- Reading file /sys/devices/system/cpu/cpu10/cache/index0/ways_of_associativity
10:08:36.245 [ForkJoinPool-1-worker-4] DEBUG oshi.util.FileUtil -- Reading file /sys/devices/system/cpu/cpu10/cache/index0/coherency_line_size
10:08:36.245 [ForkJoinPool-1-worker-4] DEBUG oshi.util.FileUtil -- Reading file /sys/devices/system/cpu/cpu10/cache/index0/coherency_line_size
10:08:36.245 [ForkJoinPool-1-worker-4] DEBUG oshi.util.FileUtil -- Reading file /sys/devices/system/cpu/cpu10/cache/index0/size
10:08:36.245 [ForkJoinPool-1-worker-4] DEBUG oshi.util.FileUtil -- Reading file /sys/devices/system/cpu/cpu10/cache/index0/size
10:08:36.245 [ForkJoinPool-1-worker-4] DEBUG oshi.util.FileUtil -- Reading file /sys/devices/system/cpu/cpu10/cache/index3/level
10:08:36.245 [ForkJoinPool-1-worker-4] DEBUG oshi.util.FileUtil -- Reading file /sys/devices/system/cpu/cpu10/cache/index3/level
10:08:36.246 [ForkJoinPool-1-worker-4] DEBUG oshi.util.FileUtil -- Reading file /sys/devices/system/cpu/cpu10/cache/index3/type
10:08:36.246 [ForkJoinPool-1-worker-4] DEBUG oshi.util.FileUtil -- Reading file /sys/devices/system/cpu/cpu10/cache/index3/type
10:08:36.246 [ForkJoinPool-1-worker-4] DEBUG oshi.util.FileUtil -- Reading file /sys/devices/system/cpu/cpu10/cache/index3/ways_of_associativity
10:08:36.246 [ForkJoinPool-1-worker-4] DEBUG oshi.util.FileUtil -- Reading file /sys/devices/system/cpu/cpu10/cache/index3/ways_of_associativity
10:08:36.246 [ForkJoinPool-1-worker-4] DEBUG oshi.util.FileUtil -- Reading file /sys/devices/system/cpu/cpu10/cache/index3/coherency_line_size
10:08:36.246 [ForkJoinPool-1-worker-4] DEBUG oshi.util.FileUtil -- Reading file /sys/devices/system/cpu/cpu10/cache/index3/coherency_line_size
10:08:36.246 [ForkJoinPool-1-worker-4] DEBUG oshi.util.FileUtil -- Reading file /sys/devices/system/cpu/cpu10/cache/index3/size
10:08:36.246 [ForkJoinPool-1-worker-4] DEBUG oshi.util.FileUtil -- Reading file /sys/devices/system/cpu/cpu10/cache/index3/size
10:08:36.246 [ForkJoinPool-1-worker-4] DEBUG oshi.util.FileUtil -- Reading file /sys/devices/system/cpu/cpu10/cache/index1/level
10:08:36.246 [ForkJoinPool-1-worker-4] DEBUG oshi.util.FileUtil -- Reading file /sys/devices/system/cpu/cpu10/cache/index1/level
10:08:36.247 [ForkJoinPool-1-worker-4] DEBUG oshi.util.FileUtil -- Reading file /sys/devices/system/cpu/cpu10/cache/index1/type
10:08:36.247 [ForkJoinPool-1-worker-4] DEBUG oshi.util.FileUtil -- Reading file /sys/devices/system/cpu/cpu10/cache/index1/type
10:08:36.247 [ForkJoinPool-1-worker-4] DEBUG oshi.util.FileUtil -- Reading file /sys/devices/system/cpu/cpu10/cache/index1/ways_of_associativity
10:08:36.247 [ForkJoinPool-1-worker-4] DEBUG oshi.util.FileUtil -- Reading file /sys/devices/system/cpu/cpu10/cache/index1/ways_of_associativity
10:08:36.247 [ForkJoinPool-1-worker-4] DEBUG oshi.util.FileUtil -- Reading file /sys/devices/system/cpu/cpu10/cache/index1/coherency_line_size
10:08:36.247 [ForkJoinPool-1-worker-4] DEBUG oshi.util.FileUtil -- Reading file /sys/devices/system/cpu/cpu10/cache/index1/coherency_line_size
10:08:36.247 [ForkJoinPool-1-worker-4] DEBUG oshi.util.FileUtil -- Reading file /sys/devices/system/cpu/cpu10/cache/index1/size
10:08:36.247 [ForkJoinPool-1-worker-4] DEBUG oshi.util.FileUtil -- Reading file /sys/devices/system/cpu/cpu10/cache/index1/size
10:08:36.247 [ForkJoinPool-1-worker-4] DEBUG oshi.util.FileUtil -- Reading file /sys/devices/system/cpu/cpu11/topology/core_id
10:08:36.248 [ForkJoinPool-1-worker-4] DEBUG oshi.util.FileUtil -- Reading file /sys/devices/system/cpu/cpu11/topology/core_id
10:08:36.248 [ForkJoinPool-1-worker-4] DEBUG oshi.util.FileUtil -- Reading file /sys/devices/system/cpu/cpu11/topology/physical_package_id
10:08:36.248 [ForkJoinPool-1-worker-4] DEBUG oshi.util.FileUtil -- Reading file /sys/devices/system/cpu/cpu11/topology/physical_package_id
10:08:36.248 [ForkJoinPool-1-worker-4] DEBUG oshi.util.FileUtil -- Reading file /sys/devices/system/cpu/cpu11/cpu_capacity
10:08:36.248 [ForkJoinPool-1-worker-4] DEBUG oshi.util.FileUtil -- Reading file /sys/devices/system/cpu/cpu11/cache/index2/level
10:08:36.248 [ForkJoinPool-1-worker-4] DEBUG oshi.util.FileUtil -- Reading file /sys/devices/system/cpu/cpu11/cache/index2/level
10:08:36.248 [ForkJoinPool-1-worker-4] DEBUG oshi.util.FileUtil -- Reading file /sys/devices/system/cpu/cpu11/cache/index2/type
10:08:36.248 [ForkJoinPool-1-worker-4] DEBUG oshi.util.FileUtil -- Reading file /sys/devices/system/cpu/cpu11/cache/index2/type
10:08:36.248 [ForkJoinPool-1-worker-4] DEBUG oshi.util.FileUtil -- Reading file /sys/devices/system/cpu/cpu11/cache/index2/ways_of_associativity
10:08:36.248 [ForkJoinPool-1-worker-4] DEBUG oshi.util.FileUtil -- Reading file /sys/devices/system/cpu/cpu11/cache/index2/ways_of_associativity
10:08:36.248 [ForkJoinPool-1-worker-4] DEBUG oshi.util.FileUtil -- Reading file /sys/devices/system/cpu/cpu11/cache/index2/coherency_line_size
10:08:36.248 [ForkJoinPool-1-worker-4] DEBUG oshi.util.FileUtil -- Reading file /sys/devices/system/cpu/cpu11/cache/index2/coherency_line_size
10:08:36.248 [ForkJoinPool-1-worker-4] DEBUG oshi.util.FileUtil -- Reading file /sys/devices/system/cpu/cpu11/cache/index2/size
10:08:36.249 [ForkJoinPool-1-worker-4] DEBUG oshi.util.FileUtil -- Reading file /sys/devices/system/cpu/cpu11/cache/index2/size
10:08:36.249 [ForkJoinPool-1-worker-4] DEBUG oshi.util.FileUtil -- Reading file /sys/devices/system/cpu/cpu11/cache/index0/level
10:08:36.249 [ForkJoinPool-1-worker-4] DEBUG oshi.util.FileUtil -- Reading file /sys/devices/system/cpu/cpu11/cache/index0/level
10:08:36.249 [ForkJoinPool-1-worker-4] DEBUG oshi.util.FileUtil -- Reading file /sys/devices/system/cpu/cpu11/cache/index0/type
10:08:36.249 [ForkJoinPool-1-worker-4] DEBUG oshi.util.FileUtil -- Reading file /sys/devices/system/cpu/cpu11/cache/index0/type
10:08:36.249 [ForkJoinPool-1-worker-4] DEBUG oshi.util.FileUtil -- Reading file /sys/devices/system/cpu/cpu11/cache/index0/ways_of_associativity
10:08:36.249 [ForkJoinPool-1-worker-4] DEBUG oshi.util.FileUtil -- Reading file /sys/devices/system/cpu/cpu11/cache/index0/ways_of_associativity
10:08:36.249 [ForkJoinPool-1-worker-4] DEBUG oshi.util.FileUtil -- Reading file /sys/devices/system/cpu/cpu11/cache/index0/coherency_line_size
10:08:36.249 [ForkJoinPool-1-worker-4] DEBUG oshi.util.FileUtil -- Reading file /sys/devices/system/cpu/cpu11/cache/index0/coherency_line_size
10:08:36.249 [ForkJoinPool-1-worker-4] DEBUG oshi.util.FileUtil -- Reading file /sys/devices/system/cpu/cpu11/cache/index0/size
10:08:36.249 [ForkJoinPool-1-worker-4] DEBUG oshi.util.FileUtil -- Reading file /sys/devices/system/cpu/cpu11/cache/index0/size
10:08:36.249 [ForkJoinPool-1-worker-4] DEBUG oshi.util.FileUtil -- Reading file /sys/devices/system/cpu/cpu11/cache/index3/level
10:08:36.249 [ForkJoinPool-1-worker-4] DEBUG oshi.util.FileUtil -- Reading file /sys/devices/system/cpu/cpu11/cache/index3/level
10:08:36.250 [ForkJoinPool-1-worker-4] DEBUG oshi.util.FileUtil -- Reading file /sys/devices/system/cpu/cpu11/cache/index3/type
10:08:36.250 [ForkJoinPool-1-worker-4] DEBUG oshi.util.FileUtil -- Reading file /sys/devices/system/cpu/cpu11/cache/index3/type
10:08:36.250 [ForkJoinPool-1-worker-4] DEBUG oshi.util.FileUtil -- Reading file /sys/devices/system/cpu/cpu11/cache/index3/ways_of_associativity
10:08:36.250 [ForkJoinPool-1-worker-4] DEBUG oshi.util.FileUtil -- Reading file /sys/devices/system/cpu/cpu11/cache/index3/ways_of_associativity
10:08:36.250 [ForkJoinPool-1-worker-4] DEBUG oshi.util.FileUtil -- Reading file /sys/devices/system/cpu/cpu11/cache/index3/coherency_line_size
10:08:36.250 [ForkJoinPool-1-worker-4] DEBUG oshi.util.FileUtil -- Reading file /sys/devices/system/cpu/cpu11/cache/index3/coherency_line_size
10:08:36.250 [ForkJoinPool-1-worker-4] DEBUG oshi.util.FileUtil -- Reading file /sys/devices/system/cpu/cpu11/cache/index3/size
10:08:36.250 [ForkJoinPool-1-worker-4] DEBUG oshi.util.FileUtil -- Reading file /sys/devices/system/cpu/cpu11/cache/index3/size
10:08:36.251 [ForkJoinPool-1-worker-4] DEBUG oshi.util.FileUtil -- Reading file /sys/devices/system/cpu/cpu11/cache/index1/level
10:08:36.251 [ForkJoinPool-1-worker-4] DEBUG oshi.util.FileUtil -- Reading file /sys/devices/system/cpu/cpu11/cache/index1/level
10:08:36.251 [ForkJoinPool-1-worker-4] DEBUG oshi.util.FileUtil -- Reading file /sys/devices/system/cpu/cpu11/cache/index1/type
10:08:36.251 [ForkJoinPool-1-worker-4] DEBUG oshi.util.FileUtil -- Reading file /sys/devices/system/cpu/cpu11/cache/index1/type
10:08:36.251 [ForkJoinPool-1-worker-4] DEBUG oshi.util.FileUtil -- Reading file /sys/devices/system/cpu/cpu11/cache/index1/ways_of_associativity
10:08:36.251 [ForkJoinPool-1-worker-4] DEBUG oshi.util.FileUtil -- Reading file /sys/devices/system/cpu/cpu11/cache/index1/ways_of_associativity
10:08:36.251 [ForkJoinPool-1-worker-4] DEBUG oshi.util.FileUtil -- Reading file /sys/devices/system/cpu/cpu11/cache/index1/coherency_line_size
10:08:36.251 [ForkJoinPool-1-worker-4] DEBUG oshi.util.FileUtil -- Reading file /sys/devices/system/cpu/cpu11/cache/index1/coherency_line_size
10:08:36.251 [ForkJoinPool-1-worker-4] DEBUG oshi.util.FileUtil -- Reading file /sys/devices/system/cpu/cpu11/cache/index1/size
10:08:36.251 [ForkJoinPool-1-worker-4] DEBUG oshi.util.FileUtil -- Reading file /sys/devices/system/cpu/cpu11/cache/index1/size
10:08:36.252 [ForkJoinPool-1-worker-4] DEBUG oshi.util.FileUtil -- Reading file /sys/devices/system/cpu/cpu12/topology/core_id
10:08:36.252 [ForkJoinPool-1-worker-4] DEBUG oshi.util.FileUtil -- Reading file /sys/devices/system/cpu/cpu12/topology/core_id
10:08:36.252 [ForkJoinPool-1-worker-4] DEBUG oshi.util.FileUtil -- Reading file /sys/devices/system/cpu/cpu12/topology/physical_package_id
10:08:36.252 [ForkJoinPool-1-worker-4] DEBUG oshi.util.FileUtil -- Reading file /sys/devices/system/cpu/cpu12/topology/physical_package_id
10:08:36.252 [ForkJoinPool-1-worker-4] DEBUG oshi.util.FileUtil -- Reading file /sys/devices/system/cpu/cpu12/cpu_capacity
10:08:36.252 [ForkJoinPool-1-worker-4] DEBUG oshi.util.FileUtil -- Reading file /sys/devices/system/cpu/cpu12/cache/index2/level
10:08:36.252 [ForkJoinPool-1-worker-4] DEBUG oshi.util.FileUtil -- Reading file /sys/devices/system/cpu/cpu12/cache/index2/level
10:08:36.252 [ForkJoinPool-1-worker-4] DEBUG oshi.util.FileUtil -- Reading file /sys/devices/system/cpu/cpu12/cache/index2/type
10:08:36.252 [ForkJoinPool-1-worker-4] DEBUG oshi.util.FileUtil -- Reading file /sys/devices/system/cpu/cpu12/cache/index2/type
10:08:36.252 [ForkJoinPool-1-worker-4] DEBUG oshi.util.FileUtil -- Reading file /sys/devices/system/cpu/cpu12/cache/index2/ways_of_associativity
10:08:36.252 [ForkJoinPool-1-worker-4] DEBUG oshi.util.FileUtil -- Reading file /sys/devices/system/cpu/cpu12/cache/index2/ways_of_associativity
10:08:36.252 [ForkJoinPool-1-worker-4] DEBUG oshi.util.FileUtil -- Reading file /sys/devices/system/cpu/cpu12/cache/index2/coherency_line_size
10:08:36.252 [ForkJoinPool-1-worker-4] DEBUG oshi.util.FileUtil -- Reading file /sys/devices/system/cpu/cpu12/cache/index2/coherency_line_size
10:08:36.252 [ForkJoinPool-1-worker-4] DEBUG oshi.util.FileUtil -- Reading file /sys/devices/system/cpu/cpu12/cache/index2/size
10:08:36.253 [ForkJoinPool-1-worker-4] DEBUG oshi.util.FileUtil -- Reading file /sys/devices/system/cpu/cpu12/cache/index2/size
10:08:36.253 [ForkJoinPool-1-worker-4] DEBUG oshi.util.FileUtil -- Reading file /sys/devices/system/cpu/cpu12/cache/index0/level
10:08:36.253 [ForkJoinPool-1-worker-4] DEBUG oshi.util.FileUtil -- Reading file /sys/devices/system/cpu/cpu12/cache/index0/level
10:08:36.253 [ForkJoinPool-1-worker-4] DEBUG oshi.util.FileUtil -- Reading file /sys/devices/system/cpu/cpu12/cache/index0/type
10:08:36.253 [ForkJoinPool-1-worker-4] DEBUG oshi.util.FileUtil -- Reading file /sys/devices/system/cpu/cpu12/cache/index0/type
10:08:36.253 [ForkJoinPool-1-worker-4] DEBUG oshi.util.FileUtil -- Reading file /sys/devices/system/cpu/cpu12/cache/index0/ways_of_associativity
10:08:36.253 [ForkJoinPool-1-worker-4] DEBUG oshi.util.FileUtil -- Reading file /sys/devices/system/cpu/cpu12/cache/index0/ways_of_associativity
10:08:36.253 [ForkJoinPool-1-worker-4] DEBUG oshi.util.FileUtil -- Reading file /sys/devices/system/cpu/cpu12/cache/index0/coherency_line_size
10:08:36.253 [ForkJoinPool-1-worker-4] DEBUG oshi.util.FileUtil -- Reading file /sys/devices/system/cpu/cpu12/cache/index0/coherency_line_size
10:08:36.253 [ForkJoinPool-1-worker-4] DEBUG oshi.util.FileUtil -- Reading file /sys/devices/system/cpu/cpu12/cache/index0/size
10:08:36.253 [ForkJoinPool-1-worker-4] DEBUG oshi.util.FileUtil -- Reading file /sys/devices/system/cpu/cpu12/cache/index0/size
10:08:36.253 [ForkJoinPool-1-worker-4] DEBUG oshi.util.FileUtil -- Reading file /sys/devices/system/cpu/cpu12/cache/index3/level
10:08:36.253 [ForkJoinPool-1-worker-4] DEBUG oshi.util.FileUtil -- Reading file /sys/devices/system/cpu/cpu12/cache/index3/level
10:08:36.253 [ForkJoinPool-1-worker-4] DEBUG oshi.util.FileUtil -- Reading file /sys/devices/system/cpu/cpu12/cache/index3/type
10:08:36.253 [ForkJoinPool-1-worker-4] DEBUG oshi.util.FileUtil -- Reading file /sys/devices/system/cpu/cpu12/cache/index3/type
10:08:36.253 [ForkJoinPool-1-worker-4] DEBUG oshi.util.FileUtil -- Reading file /sys/devices/system/cpu/cpu12/cache/index3/ways_of_associativity
10:08:36.253 [ForkJoinPool-1-worker-4] DEBUG oshi.util.FileUtil -- Reading file /sys/devices/system/cpu/cpu12/cache/index3/ways_of_associativity
10:08:36.254 [ForkJoinPool-1-worker-4] DEBUG oshi.util.FileUtil -- Reading file /sys/devices/system/cpu/cpu12/cache/index3/coherency_line_size
10:08:36.254 [ForkJoinPool-1-worker-4] DEBUG oshi.util.FileUtil -- Reading file /sys/devices/system/cpu/cpu12/cache/index3/coherency_line_size
10:08:36.254 [ForkJoinPool-1-worker-4] DEBUG oshi.util.FileUtil -- Reading file /sys/devices/system/cpu/cpu12/cache/index3/size
10:08:36.254 [ForkJoinPool-1-worker-4] DEBUG oshi.util.FileUtil -- Reading file /sys/devices/system/cpu/cpu12/cache/index3/size
10:08:36.254 [ForkJoinPool-1-worker-4] DEBUG oshi.util.FileUtil -- Reading file /sys/devices/system/cpu/cpu12/cache/index1/level
10:08:36.254 [ForkJoinPool-1-worker-4] DEBUG oshi.util.FileUtil -- Reading file /sys/devices/system/cpu/cpu12/cache/index1/level
10:08:36.254 [ForkJoinPool-1-worker-4] DEBUG oshi.util.FileUtil -- Reading file /sys/devices/system/cpu/cpu12/cache/index1/type
10:08:36.254 [ForkJoinPool-1-worker-4] DEBUG oshi.util.FileUtil -- Reading file /sys/devices/system/cpu/cpu12/cache/index1/type
10:08:36.254 [ForkJoinPool-1-worker-4] DEBUG oshi.util.FileUtil -- Reading file /sys/devices/system/cpu/cpu12/cache/index1/ways_of_associativity
10:08:36.254 [ForkJoinPool-1-worker-4] DEBUG oshi.util.FileUtil -- Reading file /sys/devices/system/cpu/cpu12/cache/index1/ways_of_associativity
10:08:36.254 [ForkJoinPool-1-worker-4] DEBUG oshi.util.FileUtil -- Reading file /sys/devices/system/cpu/cpu12/cache/index1/coherency_line_size
10:08:36.254 [ForkJoinPool-1-worker-4] DEBUG oshi.util.FileUtil -- Reading file /sys/devices/system/cpu/cpu12/cache/index1/coherency_line_size
10:08:36.254 [ForkJoinPool-1-worker-4] DEBUG oshi.util.FileUtil -- Reading file /sys/devices/system/cpu/cpu12/cache/index1/size
10:08:36.254 [ForkJoinPool-1-worker-4] DEBUG oshi.util.FileUtil -- Reading file /sys/devices/system/cpu/cpu12/cache/index1/size
10:08:36.255 [ForkJoinPool-1-worker-4] DEBUG oshi.util.FileUtil -- Reading file /sys/devices/system/cpu/cpu13/topology/core_id
10:08:36.255 [ForkJoinPool-1-worker-4] DEBUG oshi.util.FileUtil -- Reading file /sys/devices/system/cpu/cpu13/topology/core_id
10:08:36.255 [ForkJoinPool-1-worker-4] DEBUG oshi.util.FileUtil -- Reading file /sys/devices/system/cpu/cpu13/topology/physical_package_id
10:08:36.255 [ForkJoinPool-1-worker-4] DEBUG oshi.util.FileUtil -- Reading file /sys/devices/system/cpu/cpu13/topology/physical_package_id
10:08:36.255 [ForkJoinPool-1-worker-4] DEBUG oshi.util.FileUtil -- Reading file /sys/devices/system/cpu/cpu13/cpu_capacity
10:08:36.255 [ForkJoinPool-1-worker-4] DEBUG oshi.util.FileUtil -- Reading file /sys/devices/system/cpu/cpu13/cache/index2/level
10:08:36.255 [ForkJoinPool-1-worker-4] DEBUG oshi.util.FileUtil -- Reading file /sys/devices/system/cpu/cpu13/cache/index2/level
10:08:36.255 [ForkJoinPool-1-worker-4] DEBUG oshi.util.FileUtil -- Reading file /sys/devices/system/cpu/cpu13/cache/index2/type
10:08:36.255 [ForkJoinPool-1-worker-4] DEBUG oshi.util.FileUtil -- Reading file /sys/devices/system/cpu/cpu13/cache/index2/type
10:08:36.255 [ForkJoinPool-1-worker-4] DEBUG oshi.util.FileUtil -- Reading file /sys/devices/system/cpu/cpu13/cache/index2/ways_of_associativity
10:08:36.255 [ForkJoinPool-1-worker-4] DEBUG oshi.util.FileUtil -- Reading file /sys/devices/system/cpu/cpu13/cache/index2/ways_of_associativity
10:08:36.255 [ForkJoinPool-1-worker-4] DEBUG oshi.util.FileUtil -- Reading file /sys/devices/system/cpu/cpu13/cache/index2/coherency_line_size
10:08:36.255 [ForkJoinPool-1-worker-4] DEBUG oshi.util.FileUtil -- Reading file /sys/devices/system/cpu/cpu13/cache/index2/coherency_line_size
10:08:36.256 [ForkJoinPool-1-worker-4] DEBUG oshi.util.FileUtil -- Reading file /sys/devices/system/cpu/cpu13/cache/index2/size
10:08:36.256 [ForkJoinPool-1-worker-4] DEBUG oshi.util.FileUtil -- Reading file /sys/devices/system/cpu/cpu13/cache/index2/size
10:08:36.256 [ForkJoinPool-1-worker-4] DEBUG oshi.util.FileUtil -- Reading file /sys/devices/system/cpu/cpu13/cache/index0/level
10:08:36.256 [ForkJoinPool-1-worker-4] DEBUG oshi.util.FileUtil -- Reading file /sys/devices/system/cpu/cpu13/cache/index0/level
10:08:36.256 [ForkJoinPool-1-worker-4] DEBUG oshi.util.FileUtil -- Reading file /sys/devices/system/cpu/cpu13/cache/index0/type
10:08:36.256 [ForkJoinPool-1-worker-4] DEBUG oshi.util.FileUtil -- Reading file /sys/devices/system/cpu/cpu13/cache/index0/type
10:08:36.256 [ForkJoinPool-1-worker-4] DEBUG oshi.util.FileUtil -- Reading file /sys/devices/system/cpu/cpu13/cache/index0/ways_of_associativity
10:08:36.256 [ForkJoinPool-1-worker-4] DEBUG oshi.util.FileUtil -- Reading file /sys/devices/system/cpu/cpu13/cache/index0/ways_of_associativity
10:08:36.256 [ForkJoinPool-1-worker-4] DEBUG oshi.util.FileUtil -- Reading file /sys/devices/system/cpu/cpu13/cache/index0/coherency_line_size
10:08:36.256 [ForkJoinPool-1-worker-4] DEBUG oshi.util.FileUtil -- Reading file /sys/devices/system/cpu/cpu13/cache/index0/coherency_line_size
10:08:36.256 [ForkJoinPool-1-worker-4] DEBUG oshi.util.FileUtil -- Reading file /sys/devices/system/cpu/cpu13/cache/index0/size
10:08:36.256 [ForkJoinPool-1-worker-4] DEBUG oshi.util.FileUtil -- Reading file /sys/devices/system/cpu/cpu13/cache/index0/size
10:08:36.256 [ForkJoinPool-1-worker-4] DEBUG oshi.util.FileUtil -- Reading file /sys/devices/system/cpu/cpu13/cache/index3/level
10:08:36.256 [ForkJoinPool-1-worker-4] DEBUG oshi.util.FileUtil -- Reading file /sys/devices/system/cpu/cpu13/cache/index3/level
10:08:36.256 [ForkJoinPool-1-worker-4] DEBUG oshi.util.FileUtil -- Reading file /sys/devices/system/cpu/cpu13/cache/index3/type
10:08:36.256 [ForkJoinPool-1-worker-4] DEBUG oshi.util.FileUtil -- Reading file /sys/devices/system/cpu/cpu13/cache/index3/type
10:08:36.257 [ForkJoinPool-1-worker-4] DEBUG oshi.util.FileUtil -- Reading file /sys/devices/system/cpu/cpu13/cache/index3/ways_of_associativity
10:08:36.257 [ForkJoinPool-1-worker-4] DEBUG oshi.util.FileUtil -- Reading file /sys/devices/system/cpu/cpu13/cache/index3/ways_of_associativity
10:08:36.257 [ForkJoinPool-1-worker-4] DEBUG oshi.util.FileUtil -- Reading file /sys/devices/system/cpu/cpu13/cache/index3/coherency_line_size
10:08:36.257 [ForkJoinPool-1-worker-4] DEBUG oshi.util.FileUtil -- Reading file /sys/devices/system/cpu/cpu13/cache/index3/coherency_line_size
10:08:36.257 [ForkJoinPool-1-worker-4] DEBUG oshi.util.FileUtil -- Reading file /sys/devices/system/cpu/cpu13/cache/index3/size
10:08:36.257 [ForkJoinPool-1-worker-4] DEBUG oshi.util.FileUtil -- Reading file /sys/devices/system/cpu/cpu13/cache/index3/size
10:08:36.257 [ForkJoinPool-1-worker-4] DEBUG oshi.util.FileUtil -- Reading file /sys/devices/system/cpu/cpu13/cache/index1/level
10:08:36.257 [ForkJoinPool-1-worker-4] DEBUG oshi.util.FileUtil -- Reading file /sys/devices/system/cpu/cpu13/cache/index1/level
10:08:36.257 [ForkJoinPool-1-worker-4] DEBUG oshi.util.FileUtil -- Reading file /sys/devices/system/cpu/cpu13/cache/index1/type
10:08:36.257 [ForkJoinPool-1-worker-4] DEBUG oshi.util.FileUtil -- Reading file /sys/devices/system/cpu/cpu13/cache/index1/type
10:08:36.257 [ForkJoinPool-1-worker-4] DEBUG oshi.util.FileUtil -- Reading file /sys/devices/system/cpu/cpu13/cache/index1/ways_of_associativity
10:08:36.257 [ForkJoinPool-1-worker-4] DEBUG oshi.util.FileUtil -- Reading file /sys/devices/system/cpu/cpu13/cache/index1/ways_of_associativity
10:08:36.257 [ForkJoinPool-1-worker-4] DEBUG oshi.util.FileUtil -- Reading file /sys/devices/system/cpu/cpu13/cache/index1/coherency_line_size
10:08:36.257 [ForkJoinPool-1-worker-4] DEBUG oshi.util.FileUtil -- Reading file /sys/devices/system/cpu/cpu13/cache/index1/coherency_line_size
10:08:36.257 [ForkJoinPool-1-worker-4] DEBUG oshi.util.FileUtil -- Reading file /sys/devices/system/cpu/cpu13/cache/index1/size
10:08:36.257 [ForkJoinPool-1-worker-4] DEBUG oshi.util.FileUtil -- Reading file /sys/devices/system/cpu/cpu13/cache/index1/size
10:08:36.258 [ForkJoinPool-1-worker-4] DEBUG oshi.util.FileUtil -- Reading file /sys/devices/system/cpu/cpu14/topology/core_id
10:08:36.258 [ForkJoinPool-1-worker-4] DEBUG oshi.util.FileUtil -- Reading file /sys/devices/system/cpu/cpu14/topology/core_id
10:08:36.258 [ForkJoinPool-1-worker-4] DEBUG oshi.util.FileUtil -- Reading file /sys/devices/system/cpu/cpu14/topology/physical_package_id
10:08:36.258 [ForkJoinPool-1-worker-4] DEBUG oshi.util.FileUtil -- Reading file /sys/devices/system/cpu/cpu14/topology/physical_package_id
10:08:36.258 [ForkJoinPool-1-worker-4] DEBUG oshi.util.FileUtil -- Reading file /sys/devices/system/cpu/cpu14/cpu_capacity
10:08:36.258 [ForkJoinPool-1-worker-4] DEBUG oshi.util.FileUtil -- Reading file /sys/devices/system/cpu/cpu14/cache/index2/level
10:08:36.258 [ForkJoinPool-1-worker-4] DEBUG oshi.util.FileUtil -- Reading file /sys/devices/system/cpu/cpu14/cache/index2/level
10:08:36.258 [ForkJoinPool-1-worker-4] DEBUG oshi.util.FileUtil -- Reading file /sys/devices/system/cpu/cpu14/cache/index2/type
10:08:36.258 [ForkJoinPool-1-worker-4] DEBUG oshi.util.FileUtil -- Reading file /sys/devices/system/cpu/cpu14/cache/index2/type
10:08:36.258 [ForkJoinPool-1-worker-4] DEBUG oshi.util.FileUtil -- Reading file /sys/devices/system/cpu/cpu14/cache/index2/ways_of_associativity
10:08:36.259 [ForkJoinPool-1-worker-4] DEBUG oshi.util.FileUtil -- Reading file /sys/devices/system/cpu/cpu14/cache/index2/ways_of_associativity
10:08:36.259 [ForkJoinPool-1-worker-4] DEBUG oshi.util.FileUtil -- Reading file /sys/devices/system/cpu/cpu14/cache/index2/coherency_line_size
10:08:36.259 [ForkJoinPool-1-worker-4] DEBUG oshi.util.FileUtil -- Reading file /sys/devices/system/cpu/cpu14/cache/index2/coherency_line_size
10:08:36.259 [ForkJoinPool-1-worker-4] DEBUG oshi.util.FileUtil -- Reading file /sys/devices/system/cpu/cpu14/cache/index2/size
10:08:36.259 [ForkJoinPool-1-worker-4] DEBUG oshi.util.FileUtil -- Reading file /sys/devices/system/cpu/cpu14/cache/index2/size
10:08:36.259 [ForkJoinPool-1-worker-4] DEBUG oshi.util.FileUtil -- Reading file /sys/devices/system/cpu/cpu14/cache/index0/level
10:08:36.259 [ForkJoinPool-1-worker-4] DEBUG oshi.util.FileUtil -- Reading file /sys/devices/system/cpu/cpu14/cache/index0/level
10:08:36.259 [ForkJoinPool-1-worker-4] DEBUG oshi.util.FileUtil -- Reading file /sys/devices/system/cpu/cpu14/cache/index0/type
10:08:36.259 [ForkJoinPool-1-worker-4] DEBUG oshi.util.FileUtil -- Reading file /sys/devices/system/cpu/cpu14/cache/index0/type
10:08:36.259 [ForkJoinPool-1-worker-4] DEBUG oshi.util.FileUtil -- Reading file /sys/devices/system/cpu/cpu14/cache/index0/ways_of_associativity
10:08:36.259 [ForkJoinPool-1-worker-4] DEBUG oshi.util.FileUtil -- Reading file /sys/devices/system/cpu/cpu14/cache/index0/ways_of_associativity
10:08:36.259 [ForkJoinPool-1-worker-4] DEBUG oshi.util.FileUtil -- Reading file /sys/devices/system/cpu/cpu14/cache/index0/coherency_line_size
10:08:36.259 [ForkJoinPool-1-worker-4] DEBUG oshi.util.FileUtil -- Reading file /sys/devices/system/cpu/cpu14/cache/index0/coherency_line_size
10:08:36.259 [ForkJoinPool-1-worker-4] DEBUG oshi.util.FileUtil -- Reading file /sys/devices/system/cpu/cpu14/cache/index0/size
10:08:36.259 [ForkJoinPool-1-worker-4] DEBUG oshi.util.FileUtil -- Reading file /sys/devices/system/cpu/cpu14/cache/index0/size
10:08:36.259 [ForkJoinPool-1-worker-4] DEBUG oshi.util.FileUtil -- Reading file /sys/devices/system/cpu/cpu14/cache/index3/level
10:08:36.259 [ForkJoinPool-1-worker-4] DEBUG oshi.util.FileUtil -- Reading file /sys/devices/system/cpu/cpu14/cache/index3/level
10:08:36.259 [ForkJoinPool-1-worker-4] DEBUG oshi.util.FileUtil -- Reading file /sys/devices/system/cpu/cpu14/cache/index3/type
10:08:36.259 [ForkJoinPool-1-worker-4] DEBUG oshi.util.FileUtil -- Reading file /sys/devices/system/cpu/cpu14/cache/index3/type
10:08:36.259 [ForkJoinPool-1-worker-4] DEBUG oshi.util.FileUtil -- Reading file /sys/devices/system/cpu/cpu14/cache/index3/ways_of_associativity
10:08:36.259 [ForkJoinPool-1-worker-4] DEBUG oshi.util.FileUtil -- Reading file /sys/devices/system/cpu/cpu14/cache/index3/ways_of_associativity
10:08:36.259 [ForkJoinPool-1-worker-4] DEBUG oshi.util.FileUtil -- Reading file /sys/devices/system/cpu/cpu14/cache/index3/coherency_line_size
10:08:36.260 [ForkJoinPool-1-worker-4] DEBUG oshi.util.FileUtil -- Reading file /sys/devices/system/cpu/cpu14/cache/index3/coherency_line_size
10:08:36.260 [ForkJoinPool-1-worker-4] DEBUG oshi.util.FileUtil -- Reading file /sys/devices/system/cpu/cpu14/cache/index3/size
10:08:36.260 [ForkJoinPool-1-worker-4] DEBUG oshi.util.FileUtil -- Reading file /sys/devices/system/cpu/cpu14/cache/index3/size
10:08:36.260 [ForkJoinPool-1-worker-4] DEBUG oshi.util.FileUtil -- Reading file /sys/devices/system/cpu/cpu14/cache/index1/level
10:08:36.260 [ForkJoinPool-1-worker-4] DEBUG oshi.util.FileUtil -- Reading file /sys/devices/system/cpu/cpu14/cache/index1/level
10:08:36.260 [ForkJoinPool-1-worker-4] DEBUG oshi.util.FileUtil -- Reading file /sys/devices/system/cpu/cpu14/cache/index1/type
10:08:36.260 [ForkJoinPool-1-worker-4] DEBUG oshi.util.FileUtil -- Reading file /sys/devices/system/cpu/cpu14/cache/index1/type
10:08:36.260 [ForkJoinPool-1-worker-4] DEBUG oshi.util.FileUtil -- Reading file /sys/devices/system/cpu/cpu14/cache/index1/ways_of_associativity
10:08:36.260 [ForkJoinPool-1-worker-4] DEBUG oshi.util.FileUtil -- Reading file /sys/devices/system/cpu/cpu14/cache/index1/ways_of_associativity
10:08:36.260 [ForkJoinPool-1-worker-4] DEBUG oshi.util.FileUtil -- Reading file /sys/devices/system/cpu/cpu14/cache/index1/coherency_line_size
10:08:36.260 [ForkJoinPool-1-worker-4] DEBUG oshi.util.FileUtil -- Reading file /sys/devices/system/cpu/cpu14/cache/index1/coherency_line_size
10:08:36.260 [ForkJoinPool-1-worker-4] DEBUG oshi.util.FileUtil -- Reading file /sys/devices/system/cpu/cpu14/cache/index1/size
10:08:36.260 [ForkJoinPool-1-worker-4] DEBUG oshi.util.FileUtil -- Reading file /sys/devices/system/cpu/cpu14/cache/index1/size
10:08:36.260 [ForkJoinPool-1-worker-4] DEBUG oshi.util.FileUtil -- Reading file /sys/devices/system/cpu/cpu15/topology/core_id
10:08:36.260 [ForkJoinPool-1-worker-4] DEBUG oshi.util.FileUtil -- Reading file /sys/devices/system/cpu/cpu15/topology/core_id
10:08:36.260 [ForkJoinPool-1-worker-4] DEBUG oshi.util.FileUtil -- Reading file /sys/devices/system/cpu/cpu15/topology/physical_package_id
10:08:36.260 [ForkJoinPool-1-worker-4] DEBUG oshi.util.FileUtil -- Reading file /sys/devices/system/cpu/cpu15/topology/physical_package_id
10:08:36.260 [ForkJoinPool-1-worker-4] DEBUG oshi.util.FileUtil -- Reading file /sys/devices/system/cpu/cpu15/cpu_capacity
10:08:36.261 [ForkJoinPool-1-worker-4] DEBUG oshi.util.FileUtil -- Reading file /sys/devices/system/cpu/cpu15/cache/index2/level
10:08:36.261 [ForkJoinPool-1-worker-4] DEBUG oshi.util.FileUtil -- Reading file /sys/devices/system/cpu/cpu15/cache/index2/level
10:08:36.261 [ForkJoinPool-1-worker-4] DEBUG oshi.util.FileUtil -- Reading file /sys/devices/system/cpu/cpu15/cache/index2/type
10:08:36.261 [ForkJoinPool-1-worker-4] DEBUG oshi.util.FileUtil -- Reading file /sys/devices/system/cpu/cpu15/cache/index2/type
10:08:36.261 [ForkJoinPool-1-worker-4] DEBUG oshi.util.FileUtil -- Reading file /sys/devices/system/cpu/cpu15/cache/index2/ways_of_associativity
10:08:36.261 [ForkJoinPool-1-worker-4] DEBUG oshi.util.FileUtil -- Reading file /sys/devices/system/cpu/cpu15/cache/index2/ways_of_associativity
10:08:36.261 [ForkJoinPool-1-worker-4] DEBUG oshi.util.FileUtil -- Reading file /sys/devices/system/cpu/cpu15/cache/index2/coherency_line_size
10:08:36.261 [ForkJoinPool-1-worker-4] DEBUG oshi.util.FileUtil -- Reading file /sys/devices/system/cpu/cpu15/cache/index2/coherency_line_size
10:08:36.261 [ForkJoinPool-1-worker-4] DEBUG oshi.util.FileUtil -- Reading file /sys/devices/system/cpu/cpu15/cache/index2/size
10:08:36.261 [ForkJoinPool-1-worker-4] DEBUG oshi.util.FileUtil -- Reading file /sys/devices/system/cpu/cpu15/cache/index2/size
10:08:36.261 [ForkJoinPool-1-worker-4] DEBUG oshi.util.FileUtil -- Reading file /sys/devices/system/cpu/cpu15/cache/index0/level
10:08:36.261 [ForkJoinPool-1-worker-4] DEBUG oshi.util.FileUtil -- Reading file /sys/devices/system/cpu/cpu15/cache/index0/level
10:08:36.261 [ForkJoinPool-1-worker-4] DEBUG oshi.util.FileUtil -- Reading file /sys/devices/system/cpu/cpu15/cache/index0/type
10:08:36.261 [ForkJoinPool-1-worker-4] DEBUG oshi.util.FileUtil -- Reading file /sys/devices/system/cpu/cpu15/cache/index0/type
10:08:36.261 [ForkJoinPool-1-worker-4] DEBUG oshi.util.FileUtil -- Reading file /sys/devices/system/cpu/cpu15/cache/index0/ways_of_associativity
10:08:36.261 [ForkJoinPool-1-worker-4] DEBUG oshi.util.FileUtil -- Reading file /sys/devices/system/cpu/cpu15/cache/index0/ways_of_associativity
10:08:36.261 [ForkJoinPool-1-worker-4] DEBUG oshi.util.FileUtil -- Reading file /sys/devices/system/cpu/cpu15/cache/index0/coherency_line_size
10:08:36.261 [ForkJoinPool-1-worker-4] DEBUG oshi.util.FileUtil -- Reading file /sys/devices/system/cpu/cpu15/cache/index0/coherency_line_size
10:08:36.262 [ForkJoinPool-1-worker-4] DEBUG oshi.util.FileUtil -- Reading file /sys/devices/system/cpu/cpu15/cache/index0/size
10:08:36.262 [ForkJoinPool-1-worker-4] DEBUG oshi.util.FileUtil -- Reading file /sys/devices/system/cpu/cpu15/cache/index0/size
10:08:36.262 [ForkJoinPool-1-worker-4] DEBUG oshi.util.FileUtil -- Reading file /sys/devices/system/cpu/cpu15/cache/index3/level
10:08:36.262 [ForkJoinPool-1-worker-4] DEBUG oshi.util.FileUtil -- Reading file /sys/devices/system/cpu/cpu15/cache/index3/level
10:08:36.262 [ForkJoinPool-1-worker-4] DEBUG oshi.util.FileUtil -- Reading file /sys/devices/system/cpu/cpu15/cache/index3/type
10:08:36.262 [ForkJoinPool-1-worker-4] DEBUG oshi.util.FileUtil -- Reading file /sys/devices/system/cpu/cpu15/cache/index3/type
10:08:36.262 [ForkJoinPool-1-worker-4] DEBUG oshi.util.FileUtil -- Reading file /sys/devices/system/cpu/cpu15/cache/index3/ways_of_associativity
10:08:36.262 [ForkJoinPool-1-worker-4] DEBUG oshi.util.FileUtil -- Reading file /sys/devices/system/cpu/cpu15/cache/index3/ways_of_associativity
10:08:36.262 [ForkJoinPool-1-worker-4] DEBUG oshi.util.FileUtil -- Reading file /sys/devices/system/cpu/cpu15/cache/index3/coherency_line_size
10:08:36.262 [ForkJoinPool-1-worker-4] DEBUG oshi.util.FileUtil -- Reading file /sys/devices/system/cpu/cpu15/cache/index3/coherency_line_size
10:08:36.262 [ForkJoinPool-1-worker-4] DEBUG oshi.util.FileUtil -- Reading file /sys/devices/system/cpu/cpu15/cache/index3/size
10:08:36.262 [ForkJoinPool-1-worker-4] DEBUG oshi.util.FileUtil -- Reading file /sys/devices/system/cpu/cpu15/cache/index3/size
10:08:36.262 [ForkJoinPool-1-worker-4] DEBUG oshi.util.FileUtil -- Reading file /sys/devices/system/cpu/cpu15/cache/index1/level
10:08:36.262 [ForkJoinPool-1-worker-4] DEBUG oshi.util.FileUtil -- Reading file /sys/devices/system/cpu/cpu15/cache/index1/level
10:08:36.262 [ForkJoinPool-1-worker-4] DEBUG oshi.util.FileUtil -- Reading file /sys/devices/system/cpu/cpu15/cache/index1/type
10:08:36.262 [ForkJoinPool-1-worker-4] DEBUG oshi.util.FileUtil -- Reading file /sys/devices/system/cpu/cpu15/cache/index1/type
10:08:36.263 [ForkJoinPool-1-worker-4] DEBUG oshi.util.FileUtil -- Reading file /sys/devices/system/cpu/cpu15/cache/index1/ways_of_associativity
10:08:36.263 [ForkJoinPool-1-worker-4] DEBUG oshi.util.FileUtil -- Reading file /sys/devices/system/cpu/cpu15/cache/index1/ways_of_associativity
10:08:36.263 [ForkJoinPool-1-worker-4] DEBUG oshi.util.FileUtil -- Reading file /sys/devices/system/cpu/cpu15/cache/index1/coherency_line_size
10:08:36.263 [ForkJoinPool-1-worker-4] DEBUG oshi.util.FileUtil -- Reading file /sys/devices/system/cpu/cpu15/cache/index1/coherency_line_size
10:08:36.263 [ForkJoinPool-1-worker-4] DEBUG oshi.util.FileUtil -- Reading file /sys/devices/system/cpu/cpu15/cache/index1/size
10:08:36.263 [ForkJoinPool-1-worker-4] DEBUG oshi.util.FileUtil -- Reading file /sys/devices/system/cpu/cpu15/cache/index1/size
10:08:36.263 [ForkJoinPool-1-worker-4] DEBUG oshi.util.FileUtil -- Reading file /sys/devices/system/cpu/cpu2/topology/core_id
10:08:36.263 [ForkJoinPool-1-worker-4] DEBUG oshi.util.FileUtil -- Reading file /sys/devices/system/cpu/cpu2/topology/core_id
10:08:36.263 [ForkJoinPool-1-worker-4] DEBUG oshi.util.FileUtil -- Reading file /sys/devices/system/cpu/cpu2/topology/physical_package_id
10:08:36.263 [ForkJoinPool-1-worker-4] DEBUG oshi.util.FileUtil -- Reading file /sys/devices/system/cpu/cpu2/topology/physical_package_id
10:08:36.263 [ForkJoinPool-1-worker-4] DEBUG oshi.util.FileUtil -- Reading file /sys/devices/system/cpu/cpu2/cpu_capacity
10:08:36.263 [ForkJoinPool-1-worker-4] DEBUG oshi.util.FileUtil -- Reading file /sys/devices/system/cpu/cpu2/cache/index2/level
10:08:36.263 [ForkJoinPool-1-worker-4] DEBUG oshi.util.FileUtil -- Reading file /sys/devices/system/cpu/cpu2/cache/index2/level
10:08:36.264 [ForkJoinPool-1-worker-4] DEBUG oshi.util.FileUtil -- Reading file /sys/devices/system/cpu/cpu2/cache/index2/type
10:08:36.264 [ForkJoinPool-1-worker-4] DEBUG oshi.util.FileUtil -- Reading file /sys/devices/system/cpu/cpu2/cache/index2/type
10:08:36.264 [ForkJoinPool-1-worker-4] DEBUG oshi.util.FileUtil -- Reading file /sys/devices/system/cpu/cpu2/cache/index2/ways_of_associativity
10:08:36.264 [ForkJoinPool-1-worker-4] DEBUG oshi.util.FileUtil -- Reading file /sys/devices/system/cpu/cpu2/cache/index2/ways_of_associativity
10:08:36.264 [ForkJoinPool-1-worker-4] DEBUG oshi.util.FileUtil -- Reading file /sys/devices/system/cpu/cpu2/cache/index2/coherency_line_size
10:08:36.264 [ForkJoinPool-1-worker-4] DEBUG oshi.util.FileUtil -- Reading file /sys/devices/system/cpu/cpu2/cache/index2/coherency_line_size
10:08:36.264 [ForkJoinPool-1-worker-4] DEBUG oshi.util.FileUtil -- Reading file /sys/devices/system/cpu/cpu2/cache/index2/size
10:08:36.264 [ForkJoinPool-1-worker-4] DEBUG oshi.util.FileUtil -- Reading file /sys/devices/system/cpu/cpu2/cache/index2/size
10:08:36.264 [ForkJoinPool-1-worker-4] DEBUG oshi.util.FileUtil -- Reading file /sys/devices/system/cpu/cpu2/cache/index0/level
10:08:36.264 [ForkJoinPool-1-worker-4] DEBUG oshi.util.FileUtil -- Reading file /sys/devices/system/cpu/cpu2/cache/index0/level
10:08:36.264 [ForkJoinPool-1-worker-4] DEBUG oshi.util.FileUtil -- Reading file /sys/devices/system/cpu/cpu2/cache/index0/type
10:08:36.264 [ForkJoinPool-1-worker-4] DEBUG oshi.util.FileUtil -- Reading file /sys/devices/system/cpu/cpu2/cache/index0/type
10:08:36.264 [ForkJoinPool-1-worker-4] DEBUG oshi.util.FileUtil -- Reading file /sys/devices/system/cpu/cpu2/cache/index0/ways_of_associativity
10:08:36.264 [ForkJoinPool-1-worker-4] DEBUG oshi.util.FileUtil -- Reading file /sys/devices/system/cpu/cpu2/cache/index0/ways_of_associativity
10:08:36.264 [ForkJoinPool-1-worker-4] DEBUG oshi.util.FileUtil -- Reading file /sys/devices/system/cpu/cpu2/cache/index0/coherency_line_size
10:08:36.264 [ForkJoinPool-1-worker-4] DEBUG oshi.util.FileUtil -- Reading file /sys/devices/system/cpu/cpu2/cache/index0/coherency_line_size
10:08:36.264 [ForkJoinPool-1-worker-4] DEBUG oshi.util.FileUtil -- Reading file /sys/devices/system/cpu/cpu2/cache/index0/size
10:08:36.264 [ForkJoinPool-1-worker-4] DEBUG oshi.util.FileUtil -- Reading file /sys/devices/system/cpu/cpu2/cache/index0/size
10:08:36.264 [ForkJoinPool-1-worker-4] DEBUG oshi.util.FileUtil -- Reading file /sys/devices/system/cpu/cpu2/cache/index3/level
10:08:36.264 [ForkJoinPool-1-worker-4] DEBUG oshi.util.FileUtil -- Reading file /sys/devices/system/cpu/cpu2/cache/index3/level
10:08:36.264 [ForkJoinPool-1-worker-4] DEBUG oshi.util.FileUtil -- Reading file /sys/devices/system/cpu/cpu2/cache/index3/type
10:08:36.264 [ForkJoinPool-1-worker-4] DEBUG oshi.util.FileUtil -- Reading file /sys/devices/system/cpu/cpu2/cache/index3/type
10:08:36.264 [ForkJoinPool-1-worker-4] DEBUG oshi.util.FileUtil -- Reading file /sys/devices/system/cpu/cpu2/cache/index3/ways_of_associativity
10:08:36.264 [ForkJoinPool-1-worker-4] DEBUG oshi.util.FileUtil -- Reading file /sys/devices/system/cpu/cpu2/cache/index3/ways_of_associativity
10:08:36.265 [ForkJoinPool-1-worker-4] DEBUG oshi.util.FileUtil -- Reading file /sys/devices/system/cpu/cpu2/cache/index3/coherency_line_size
10:08:36.265 [ForkJoinPool-1-worker-4] DEBUG oshi.util.FileUtil -- Reading file /sys/devices/system/cpu/cpu2/cache/index3/coherency_line_size
10:08:36.265 [ForkJoinPool-1-worker-4] DEBUG oshi.util.FileUtil -- Reading file /sys/devices/system/cpu/cpu2/cache/index3/size
10:08:36.265 [ForkJoinPool-1-worker-4] DEBUG oshi.util.FileUtil -- Reading file /sys/devices/system/cpu/cpu2/cache/index3/size
10:08:36.265 [ForkJoinPool-1-worker-4] DEBUG oshi.util.FileUtil -- Reading file /sys/devices/system/cpu/cpu2/cache/index1/level
10:08:36.265 [ForkJoinPool-1-worker-4] DEBUG oshi.util.FileUtil -- Reading file /sys/devices/system/cpu/cpu2/cache/index1/level
10:08:36.265 [ForkJoinPool-1-worker-4] DEBUG oshi.util.FileUtil -- Reading file /sys/devices/system/cpu/cpu2/cache/index1/type
10:08:36.265 [ForkJoinPool-1-worker-4] DEBUG oshi.util.FileUtil -- Reading file /sys/devices/system/cpu/cpu2/cache/index1/type
10:08:36.265 [ForkJoinPool-1-worker-4] DEBUG oshi.util.FileUtil -- Reading file /sys/devices/system/cpu/cpu2/cache/index1/ways_of_associativity
10:08:36.265 [ForkJoinPool-1-worker-4] DEBUG oshi.util.FileUtil -- Reading file /sys/devices/system/cpu/cpu2/cache/index1/ways_of_associativity
10:08:36.265 [ForkJoinPool-1-worker-4] DEBUG oshi.util.FileUtil -- Reading file /sys/devices/system/cpu/cpu2/cache/index1/coherency_line_size
10:08:36.265 [ForkJoinPool-1-worker-4] DEBUG oshi.util.FileUtil -- Reading file /sys/devices/system/cpu/cpu2/cache/index1/coherency_line_size
10:08:36.265 [ForkJoinPool-1-worker-4] DEBUG oshi.util.FileUtil -- Reading file /sys/devices/system/cpu/cpu2/cache/index1/size
10:08:36.265 [ForkJoinPool-1-worker-4] DEBUG oshi.util.FileUtil -- Reading file /sys/devices/system/cpu/cpu2/cache/index1/size
10:08:36.265 [ForkJoinPool-1-worker-4] DEBUG oshi.util.FileUtil -- Reading file /sys/devices/system/cpu/cpu3/topology/core_id
10:08:36.265 [ForkJoinPool-1-worker-4] DEBUG oshi.util.FileUtil -- Reading file /sys/devices/system/cpu/cpu3/topology/core_id
10:08:36.265 [ForkJoinPool-1-worker-4] DEBUG oshi.util.FileUtil -- Reading file /sys/devices/system/cpu/cpu3/topology/physical_package_id
10:08:36.265 [ForkJoinPool-1-worker-4] DEBUG oshi.util.FileUtil -- Reading file /sys/devices/system/cpu/cpu3/topology/physical_package_id
10:08:36.265 [ForkJoinPool-1-worker-4] DEBUG oshi.util.FileUtil -- Reading file /sys/devices/system/cpu/cpu3/cpu_capacity
10:08:36.266 [ForkJoinPool-1-worker-4] DEBUG oshi.util.FileUtil -- Reading file /sys/devices/system/cpu/cpu3/cache/index2/level
10:08:36.266 [ForkJoinPool-1-worker-4] DEBUG oshi.util.FileUtil -- Reading file /sys/devices/system/cpu/cpu3/cache/index2/level
10:08:36.266 [ForkJoinPool-1-worker-4] DEBUG oshi.util.FileUtil -- Reading file /sys/devices/system/cpu/cpu3/cache/index2/type
10:08:36.266 [ForkJoinPool-1-worker-4] DEBUG oshi.util.FileUtil -- Reading file /sys/devices/system/cpu/cpu3/cache/index2/type
10:08:36.266 [ForkJoinPool-1-worker-4] DEBUG oshi.util.FileUtil -- Reading file /sys/devices/system/cpu/cpu3/cache/index2/ways_of_associativity
10:08:36.266 [ForkJoinPool-1-worker-4] DEBUG oshi.util.FileUtil -- Reading file /sys/devices/system/cpu/cpu3/cache/index2/ways_of_associativity
10:08:36.266 [ForkJoinPool-1-worker-4] DEBUG oshi.util.FileUtil -- Reading file /sys/devices/system/cpu/cpu3/cache/index2/coherency_line_size
10:08:36.266 [ForkJoinPool-1-worker-4] DEBUG oshi.util.FileUtil -- Reading file /sys/devices/system/cpu/cpu3/cache/index2/coherency_line_size
10:08:36.266 [ForkJoinPool-1-worker-4] DEBUG oshi.util.FileUtil -- Reading file /sys/devices/system/cpu/cpu3/cache/index2/size
10:08:36.266 [ForkJoinPool-1-worker-4] DEBUG oshi.util.FileUtil -- Reading file /sys/devices/system/cpu/cpu3/cache/index2/size
10:08:36.266 [ForkJoinPool-1-worker-4] DEBUG oshi.util.FileUtil -- Reading file /sys/devices/system/cpu/cpu3/cache/index0/level
10:08:36.266 [ForkJoinPool-1-worker-4] DEBUG oshi.util.FileUtil -- Reading file /sys/devices/system/cpu/cpu3/cache/index0/level
10:08:36.266 [ForkJoinPool-1-worker-4] DEBUG oshi.util.FileUtil -- Reading file /sys/devices/system/cpu/cpu3/cache/index0/type
10:08:36.266 [ForkJoinPool-1-worker-4] DEBUG oshi.util.FileUtil -- Reading file /sys/devices/system/cpu/cpu3/cache/index0/type
10:08:36.266 [ForkJoinPool-1-worker-4] DEBUG oshi.util.FileUtil -- Reading file /sys/devices/system/cpu/cpu3/cache/index0/ways_of_associativity
10:08:36.266 [ForkJoinPool-1-worker-4] DEBUG oshi.util.FileUtil -- Reading file /sys/devices/system/cpu/cpu3/cache/index0/ways_of_associativity
10:08:36.266 [ForkJoinPool-1-worker-4] DEBUG oshi.util.FileUtil -- Reading file /sys/devices/system/cpu/cpu3/cache/index0/coherency_line_size
10:08:36.266 [ForkJoinPool-1-worker-4] DEBUG oshi.util.FileUtil -- Reading file /sys/devices/system/cpu/cpu3/cache/index0/coherency_line_size
10:08:36.266 [ForkJoinPool-1-worker-4] DEBUG oshi.util.FileUtil -- Reading file /sys/devices/system/cpu/cpu3/cache/index0/size
10:08:36.266 [ForkJoinPool-1-worker-4] DEBUG oshi.util.FileUtil -- Reading file /sys/devices/system/cpu/cpu3/cache/index0/size
10:08:36.267 [ForkJoinPool-1-worker-4] DEBUG oshi.util.FileUtil -- Reading file /sys/devices/system/cpu/cpu3/cache/index3/level
10:08:36.267 [ForkJoinPool-1-worker-4] DEBUG oshi.util.FileUtil -- Reading file /sys/devices/system/cpu/cpu3/cache/index3/level
10:08:36.267 [ForkJoinPool-1-worker-4] DEBUG oshi.util.FileUtil -- Reading file /sys/devices/system/cpu/cpu3/cache/index3/type
10:08:36.267 [ForkJoinPool-1-worker-4] DEBUG oshi.util.FileUtil -- Reading file /sys/devices/system/cpu/cpu3/cache/index3/type
10:08:36.267 [ForkJoinPool-1-worker-4] DEBUG oshi.util.FileUtil -- Reading file /sys/devices/system/cpu/cpu3/cache/index3/ways_of_associativity
10:08:36.267 [ForkJoinPool-1-worker-4] DEBUG oshi.util.FileUtil -- Reading file /sys/devices/system/cpu/cpu3/cache/index3/ways_of_associativity
10:08:36.267 [ForkJoinPool-1-worker-4] DEBUG oshi.util.FileUtil -- Reading file /sys/devices/system/cpu/cpu3/cache/index3/coherency_line_size
10:08:36.267 [ForkJoinPool-1-worker-4] DEBUG oshi.util.FileUtil -- Reading file /sys/devices/system/cpu/cpu3/cache/index3/coherency_line_size
10:08:36.267 [ForkJoinPool-1-worker-4] DEBUG oshi.util.FileUtil -- Reading file /sys/devices/system/cpu/cpu3/cache/index3/size
10:08:36.267 [ForkJoinPool-1-worker-4] DEBUG oshi.util.FileUtil -- Reading file /sys/devices/system/cpu/cpu3/cache/index3/size
10:08:36.267 [ForkJoinPool-1-worker-4] DEBUG oshi.util.FileUtil -- Reading file /sys/devices/system/cpu/cpu3/cache/index1/level
10:08:36.267 [ForkJoinPool-1-worker-4] DEBUG oshi.util.FileUtil -- Reading file /sys/devices/system/cpu/cpu3/cache/index1/level
10:08:36.267 [ForkJoinPool-1-worker-4] DEBUG oshi.util.FileUtil -- Reading file /sys/devices/system/cpu/cpu3/cache/index1/type
10:08:36.267 [ForkJoinPool-1-worker-4] DEBUG oshi.util.FileUtil -- Reading file /sys/devices/system/cpu/cpu3/cache/index1/type
10:08:36.267 [ForkJoinPool-1-worker-4] DEBUG oshi.util.FileUtil -- Reading file /sys/devices/system/cpu/cpu3/cache/index1/ways_of_associativity
10:08:36.267 [ForkJoinPool-1-worker-4] DEBUG oshi.util.FileUtil -- Reading file /sys/devices/system/cpu/cpu3/cache/index1/ways_of_associativity
10:08:36.267 [ForkJoinPool-1-worker-4] DEBUG oshi.util.FileUtil -- Reading file /sys/devices/system/cpu/cpu3/cache/index1/coherency_line_size
10:08:36.267 [ForkJoinPool-1-worker-4] DEBUG oshi.util.FileUtil -- Reading file /sys/devices/system/cpu/cpu3/cache/index1/coherency_line_size
10:08:36.267 [ForkJoinPool-1-worker-4] DEBUG oshi.util.FileUtil -- Reading file /sys/devices/system/cpu/cpu3/cache/index1/size
10:08:36.267 [ForkJoinPool-1-worker-4] DEBUG oshi.util.FileUtil -- Reading file /sys/devices/system/cpu/cpu3/cache/index1/size
10:08:36.268 [ForkJoinPool-1-worker-4] DEBUG oshi.util.FileUtil -- Reading file /sys/devices/system/cpu/cpu4/topology/core_id
10:08:36.268 [ForkJoinPool-1-worker-4] DEBUG oshi.util.FileUtil -- Reading file /sys/devices/system/cpu/cpu4/topology/core_id
10:08:36.268 [ForkJoinPool-1-worker-4] DEBUG oshi.util.FileUtil -- Reading file /sys/devices/system/cpu/cpu4/topology/physical_package_id
10:08:36.268 [ForkJoinPool-1-worker-4] DEBUG oshi.util.FileUtil -- Reading file /sys/devices/system/cpu/cpu4/topology/physical_package_id
10:08:36.268 [ForkJoinPool-1-worker-4] DEBUG oshi.util.FileUtil -- Reading file /sys/devices/system/cpu/cpu4/cpu_capacity
10:08:36.268 [ForkJoinPool-1-worker-4] DEBUG oshi.util.FileUtil -- Reading file /sys/devices/system/cpu/cpu4/cache/index2/level
10:08:36.268 [ForkJoinPool-1-worker-4] DEBUG oshi.util.FileUtil -- Reading file /sys/devices/system/cpu/cpu4/cache/index2/level
10:08:36.268 [ForkJoinPool-1-worker-4] DEBUG oshi.util.FileUtil -- Reading file /sys/devices/system/cpu/cpu4/cache/index2/type
10:08:36.268 [ForkJoinPool-1-worker-4] DEBUG oshi.util.FileUtil -- Reading file /sys/devices/system/cpu/cpu4/cache/index2/type
10:08:36.268 [ForkJoinPool-1-worker-4] DEBUG oshi.util.FileUtil -- Reading file /sys/devices/system/cpu/cpu4/cache/index2/ways_of_associativity
10:08:36.268 [ForkJoinPool-1-worker-4] DEBUG oshi.util.FileUtil -- Reading file /sys/devices/system/cpu/cpu4/cache/index2/ways_of_associativity
10:08:36.268 [ForkJoinPool-1-worker-4] DEBUG oshi.util.FileUtil -- Reading file /sys/devices/system/cpu/cpu4/cache/index2/coherency_line_size
10:08:36.268 [ForkJoinPool-1-worker-4] DEBUG oshi.util.FileUtil -- Reading file /sys/devices/system/cpu/cpu4/cache/index2/coherency_line_size
10:08:36.268 [ForkJoinPool-1-worker-4] DEBUG oshi.util.FileUtil -- Reading file /sys/devices/system/cpu/cpu4/cache/index2/size
10:08:36.268 [ForkJoinPool-1-worker-4] DEBUG oshi.util.FileUtil -- Reading file /sys/devices/system/cpu/cpu4/cache/index2/size
10:08:36.268 [ForkJoinPool-1-worker-4] DEBUG oshi.util.FileUtil -- Reading file /sys/devices/system/cpu/cpu4/cache/index0/level
10:08:36.269 [ForkJoinPool-1-worker-4] DEBUG oshi.util.FileUtil -- Reading file /sys/devices/system/cpu/cpu4/cache/index0/level
10:08:36.269 [ForkJoinPool-1-worker-4] DEBUG oshi.util.FileUtil -- Reading file /sys/devices/system/cpu/cpu4/cache/index0/type
10:08:36.269 [ForkJoinPool-1-worker-4] DEBUG oshi.util.FileUtil -- Reading file /sys/devices/system/cpu/cpu4/cache/index0/type
10:08:36.269 [ForkJoinPool-1-worker-4] DEBUG oshi.util.FileUtil -- Reading file /sys/devices/system/cpu/cpu4/cache/index0/ways_of_associativity
10:08:36.269 [ForkJoinPool-1-worker-4] DEBUG oshi.util.FileUtil -- Reading file /sys/devices/system/cpu/cpu4/cache/index0/ways_of_associativity
10:08:36.269 [ForkJoinPool-1-worker-4] DEBUG oshi.util.FileUtil -- Reading file /sys/devices/system/cpu/cpu4/cache/index0/coherency_line_size
10:08:36.269 [ForkJoinPool-1-worker-4] DEBUG oshi.util.FileUtil -- Reading file /sys/devices/system/cpu/cpu4/cache/index0/coherency_line_size
10:08:36.269 [ForkJoinPool-1-worker-4] DEBUG oshi.util.FileUtil -- Reading file /sys/devices/system/cpu/cpu4/cache/index0/size
10:08:36.269 [ForkJoinPool-1-worker-4] DEBUG oshi.util.FileUtil -- Reading file /sys/devices/system/cpu/cpu4/cache/index0/size
10:08:36.269 [ForkJoinPool-1-worker-4] DEBUG oshi.util.FileUtil -- Reading file /sys/devices/system/cpu/cpu4/cache/index3/level
10:08:36.269 [ForkJoinPool-1-worker-4] DEBUG oshi.util.FileUtil -- Reading file /sys/devices/system/cpu/cpu4/cache/index3/level
10:08:36.269 [ForkJoinPool-1-worker-4] DEBUG oshi.util.FileUtil -- Reading file /sys/devices/system/cpu/cpu4/cache/index3/type
10:08:36.269 [ForkJoinPool-1-worker-4] DEBUG oshi.util.FileUtil -- Reading file /sys/devices/system/cpu/cpu4/cache/index3/type
10:08:36.269 [ForkJoinPool-1-worker-4] DEBUG oshi.util.FileUtil -- Reading file /sys/devices/system/cpu/cpu4/cache/index3/ways_of_associativity
10:08:36.269 [ForkJoinPool-1-worker-4] DEBUG oshi.util.FileUtil -- Reading file /sys/devices/system/cpu/cpu4/cache/index3/ways_of_associativity
10:08:36.269 [ForkJoinPool-1-worker-4] DEBUG oshi.util.FileUtil -- Reading file /sys/devices/system/cpu/cpu4/cache/index3/coherency_line_size
10:08:36.269 [ForkJoinPool-1-worker-4] DEBUG oshi.util.FileUtil -- Reading file /sys/devices/system/cpu/cpu4/cache/index3/coherency_line_size
10:08:36.269 [ForkJoinPool-1-worker-4] DEBUG oshi.util.FileUtil -- Reading file /sys/devices/system/cpu/cpu4/cache/index3/size
10:08:36.269 [ForkJoinPool-1-worker-4] DEBUG oshi.util.FileUtil -- Reading file /sys/devices/system/cpu/cpu4/cache/index3/size
10:08:36.269 [ForkJoinPool-1-worker-4] DEBUG oshi.util.FileUtil -- Reading file /sys/devices/system/cpu/cpu4/cache/index1/level
10:08:36.269 [ForkJoinPool-1-worker-4] DEBUG oshi.util.FileUtil -- Reading file /sys/devices/system/cpu/cpu4/cache/index1/level
10:08:36.269 [ForkJoinPool-1-worker-4] DEBUG oshi.util.FileUtil -- Reading file /sys/devices/system/cpu/cpu4/cache/index1/type
10:08:36.269 [ForkJoinPool-1-worker-4] DEBUG oshi.util.FileUtil -- Reading file /sys/devices/system/cpu/cpu4/cache/index1/type
10:08:36.270 [ForkJoinPool-1-worker-4] DEBUG oshi.util.FileUtil -- Reading file /sys/devices/system/cpu/cpu4/cache/index1/ways_of_associativity
10:08:36.270 [ForkJoinPool-1-worker-4] DEBUG oshi.util.FileUtil -- Reading file /sys/devices/system/cpu/cpu4/cache/index1/ways_of_associativity
10:08:36.270 [ForkJoinPool-1-worker-4] DEBUG oshi.util.FileUtil -- Reading file /sys/devices/system/cpu/cpu4/cache/index1/coherency_line_size
10:08:36.270 [ForkJoinPool-1-worker-4] DEBUG oshi.util.FileUtil -- Reading file /sys/devices/system/cpu/cpu4/cache/index1/coherency_line_size
10:08:36.270 [ForkJoinPool-1-worker-4] DEBUG oshi.util.FileUtil -- Reading file /sys/devices/system/cpu/cpu4/cache/index1/size
10:08:36.270 [ForkJoinPool-1-worker-4] DEBUG oshi.util.FileUtil -- Reading file /sys/devices/system/cpu/cpu4/cache/index1/size
10:08:36.270 [ForkJoinPool-1-worker-4] DEBUG oshi.util.FileUtil -- Reading file /sys/devices/system/cpu/cpu5/topology/core_id
10:08:36.270 [ForkJoinPool-1-worker-4] DEBUG oshi.util.FileUtil -- Reading file /sys/devices/system/cpu/cpu5/topology/core_id
10:08:36.270 [ForkJoinPool-1-worker-4] DEBUG oshi.util.FileUtil -- Reading file /sys/devices/system/cpu/cpu5/topology/physical_package_id
10:08:36.270 [ForkJoinPool-1-worker-4] DEBUG oshi.util.FileUtil -- Reading file /sys/devices/system/cpu/cpu5/topology/physical_package_id
10:08:36.270 [ForkJoinPool-1-worker-4] DEBUG oshi.util.FileUtil -- Reading file /sys/devices/system/cpu/cpu5/cpu_capacity
10:08:36.270 [ForkJoinPool-1-worker-4] DEBUG oshi.util.FileUtil -- Reading file /sys/devices/system/cpu/cpu5/cache/index2/level
10:08:36.270 [ForkJoinPool-1-worker-4] DEBUG oshi.util.FileUtil -- Reading file /sys/devices/system/cpu/cpu5/cache/index2/level
10:08:36.270 [ForkJoinPool-1-worker-4] DEBUG oshi.util.FileUtil -- Reading file /sys/devices/system/cpu/cpu5/cache/index2/type
10:08:36.270 [ForkJoinPool-1-worker-4] DEBUG oshi.util.FileUtil -- Reading file /sys/devices/system/cpu/cpu5/cache/index2/type
10:08:36.271 [ForkJoinPool-1-worker-4] DEBUG oshi.util.FileUtil -- Reading file /sys/devices/system/cpu/cpu5/cache/index2/ways_of_associativity
10:08:36.271 [ForkJoinPool-1-worker-4] DEBUG oshi.util.FileUtil -- Reading file /sys/devices/system/cpu/cpu5/cache/index2/ways_of_associativity
10:08:36.271 [ForkJoinPool-1-worker-4] DEBUG oshi.util.FileUtil -- Reading file /sys/devices/system/cpu/cpu5/cache/index2/coherency_line_size
10:08:36.271 [ForkJoinPool-1-worker-4] DEBUG oshi.util.FileUtil -- Reading file /sys/devices/system/cpu/cpu5/cache/index2/coherency_line_size
10:08:36.271 [ForkJoinPool-1-worker-4] DEBUG oshi.util.FileUtil -- Reading file /sys/devices/system/cpu/cpu5/cache/index2/size
10:08:36.271 [ForkJoinPool-1-worker-4] DEBUG oshi.util.FileUtil -- Reading file /sys/devices/system/cpu/cpu5/cache/index2/size
10:08:36.271 [ForkJoinPool-1-worker-4] DEBUG oshi.util.FileUtil -- Reading file /sys/devices/system/cpu/cpu5/cache/index0/level
10:08:36.271 [ForkJoinPool-1-worker-4] DEBUG oshi.util.FileUtil -- Reading file /sys/devices/system/cpu/cpu5/cache/index0/level
10:08:36.271 [ForkJoinPool-1-worker-4] DEBUG oshi.util.FileUtil -- Reading file /sys/devices/system/cpu/cpu5/cache/index0/type
10:08:36.271 [ForkJoinPool-1-worker-4] DEBUG oshi.util.FileUtil -- Reading file /sys/devices/system/cpu/cpu5/cache/index0/type
10:08:36.271 [ForkJoinPool-1-worker-4] DEBUG oshi.util.FileUtil -- Reading file /sys/devices/system/cpu/cpu5/cache/index0/ways_of_associativity
10:08:36.271 [ForkJoinPool-1-worker-4] DEBUG oshi.util.FileUtil -- Reading file /sys/devices/system/cpu/cpu5/cache/index0/ways_of_associativity
10:08:36.271 [ForkJoinPool-1-worker-4] DEBUG oshi.util.FileUtil -- Reading file /sys/devices/system/cpu/cpu5/cache/index0/coherency_line_size
10:08:36.271 [ForkJoinPool-1-worker-4] DEBUG oshi.util.FileUtil -- Reading file /sys/devices/system/cpu/cpu5/cache/index0/coherency_line_size
10:08:36.272 [ForkJoinPool-1-worker-4] DEBUG oshi.util.FileUtil -- Reading file /sys/devices/system/cpu/cpu5/cache/index0/size
10:08:36.272 [ForkJoinPool-1-worker-4] DEBUG oshi.util.FileUtil -- Reading file /sys/devices/system/cpu/cpu5/cache/index0/size
10:08:36.272 [ForkJoinPool-1-worker-4] DEBUG oshi.util.FileUtil -- Reading file /sys/devices/system/cpu/cpu5/cache/index3/level
10:08:36.272 [ForkJoinPool-1-worker-4] DEBUG oshi.util.FileUtil -- Reading file /sys/devices/system/cpu/cpu5/cache/index3/level
10:08:36.272 [ForkJoinPool-1-worker-4] DEBUG oshi.util.FileUtil -- Reading file /sys/devices/system/cpu/cpu5/cache/index3/type
10:08:36.272 [ForkJoinPool-1-worker-4] DEBUG oshi.util.FileUtil -- Reading file /sys/devices/system/cpu/cpu5/cache/index3/type
10:08:36.272 [ForkJoinPool-1-worker-4] DEBUG oshi.util.FileUtil -- Reading file /sys/devices/system/cpu/cpu5/cache/index3/ways_of_associativity
10:08:36.272 [ForkJoinPool-1-worker-4] DEBUG oshi.util.FileUtil -- Reading file /sys/devices/system/cpu/cpu5/cache/index3/ways_of_associativity
10:08:36.272 [ForkJoinPool-1-worker-4] DEBUG oshi.util.FileUtil -- Reading file /sys/devices/system/cpu/cpu5/cache/index3/coherency_line_size
10:08:36.272 [ForkJoinPool-1-worker-4] DEBUG oshi.util.FileUtil -- Reading file /sys/devices/system/cpu/cpu5/cache/index3/coherency_line_size
10:08:36.272 [ForkJoinPool-1-worker-4] DEBUG oshi.util.FileUtil -- Reading file /sys/devices/system/cpu/cpu5/cache/index3/size
10:08:36.272 [ForkJoinPool-1-worker-4] DEBUG oshi.util.FileUtil -- Reading file /sys/devices/system/cpu/cpu5/cache/index3/size
10:08:36.272 [ForkJoinPool-1-worker-4] DEBUG oshi.util.FileUtil -- Reading file /sys/devices/system/cpu/cpu5/cache/index1/level
10:08:36.272 [ForkJoinPool-1-worker-4] DEBUG oshi.util.FileUtil -- Reading file /sys/devices/system/cpu/cpu5/cache/index1/level
10:08:36.272 [ForkJoinPool-1-worker-4] DEBUG oshi.util.FileUtil -- Reading file /sys/devices/system/cpu/cpu5/cache/index1/type
10:08:36.272 [ForkJoinPool-1-worker-4] DEBUG oshi.util.FileUtil -- Reading file /sys/devices/system/cpu/cpu5/cache/index1/type
10:08:36.272 [ForkJoinPool-1-worker-4] DEBUG oshi.util.FileUtil -- Reading file /sys/devices/system/cpu/cpu5/cache/index1/ways_of_associativity
10:08:36.272 [ForkJoinPool-1-worker-4] DEBUG oshi.util.FileUtil -- Reading file /sys/devices/system/cpu/cpu5/cache/index1/ways_of_associativity
10:08:36.272 [ForkJoinPool-1-worker-4] DEBUG oshi.util.FileUtil -- Reading file /sys/devices/system/cpu/cpu5/cache/index1/coherency_line_size
10:08:36.272 [ForkJoinPool-1-worker-4] DEBUG oshi.util.FileUtil -- Reading file /sys/devices/system/cpu/cpu5/cache/index1/coherency_line_size
10:08:36.273 [ForkJoinPool-1-worker-4] DEBUG oshi.util.FileUtil -- Reading file /sys/devices/system/cpu/cpu5/cache/index1/size
10:08:36.273 [ForkJoinPool-1-worker-4] DEBUG oshi.util.FileUtil -- Reading file /sys/devices/system/cpu/cpu5/cache/index1/size
10:08:36.273 [ForkJoinPool-1-worker-4] DEBUG oshi.util.FileUtil -- Reading file /sys/devices/system/cpu/cpu6/topology/core_id
10:08:36.273 [ForkJoinPool-1-worker-4] DEBUG oshi.util.FileUtil -- Reading file /sys/devices/system/cpu/cpu6/topology/core_id
10:08:36.273 [ForkJoinPool-1-worker-4] DEBUG oshi.util.FileUtil -- Reading file /sys/devices/system/cpu/cpu6/topology/physical_package_id
10:08:36.273 [ForkJoinPool-1-worker-4] DEBUG oshi.util.FileUtil -- Reading file /sys/devices/system/cpu/cpu6/topology/physical_package_id
10:08:36.273 [ForkJoinPool-1-worker-4] DEBUG oshi.util.FileUtil -- Reading file /sys/devices/system/cpu/cpu6/cpu_capacity
10:08:36.273 [ForkJoinPool-1-worker-4] DEBUG oshi.util.FileUtil -- Reading file /sys/devices/system/cpu/cpu6/cache/index2/level
10:08:36.273 [ForkJoinPool-1-worker-4] DEBUG oshi.util.FileUtil -- Reading file /sys/devices/system/cpu/cpu6/cache/index2/level
10:08:36.273 [ForkJoinPool-1-worker-4] DEBUG oshi.util.FileUtil -- Reading file /sys/devices/system/cpu/cpu6/cache/index2/type
10:08:36.273 [ForkJoinPool-1-worker-4] DEBUG oshi.util.FileUtil -- Reading file /sys/devices/system/cpu/cpu6/cache/index2/type
10:08:36.273 [ForkJoinPool-1-worker-4] DEBUG oshi.util.FileUtil -- Reading file /sys/devices/system/cpu/cpu6/cache/index2/ways_of_associativity
10:08:36.273 [ForkJoinPool-1-worker-4] DEBUG oshi.util.FileUtil -- Reading file /sys/devices/system/cpu/cpu6/cache/index2/ways_of_associativity
10:08:36.273 [ForkJoinPool-1-worker-4] DEBUG oshi.util.FileUtil -- Reading file /sys/devices/system/cpu/cpu6/cache/index2/coherency_line_size
10:08:36.273 [ForkJoinPool-1-worker-4] DEBUG oshi.util.FileUtil -- Reading file /sys/devices/system/cpu/cpu6/cache/index2/coherency_line_size
10:08:36.273 [ForkJoinPool-1-worker-4] DEBUG oshi.util.FileUtil -- Reading file /sys/devices/system/cpu/cpu6/cache/index2/size
10:08:36.273 [ForkJoinPool-1-worker-4] DEBUG oshi.util.FileUtil -- Reading file /sys/devices/system/cpu/cpu6/cache/index2/size
10:08:36.274 [ForkJoinPool-1-worker-4] DEBUG oshi.util.FileUtil -- Reading file /sys/devices/system/cpu/cpu6/cache/index0/level
10:08:36.274 [ForkJoinPool-1-worker-4] DEBUG oshi.util.FileUtil -- Reading file /sys/devices/system/cpu/cpu6/cache/index0/level
10:08:36.274 [ForkJoinPool-1-worker-4] DEBUG oshi.util.FileUtil -- Reading file /sys/devices/system/cpu/cpu6/cache/index0/type
10:08:36.274 [ForkJoinPool-1-worker-4] DEBUG oshi.util.FileUtil -- Reading file /sys/devices/system/cpu/cpu6/cache/index0/type
10:08:36.274 [ForkJoinPool-1-worker-4] DEBUG oshi.util.FileUtil -- Reading file /sys/devices/system/cpu/cpu6/cache/index0/ways_of_associativity
10:08:36.274 [ForkJoinPool-1-worker-4] DEBUG oshi.util.FileUtil -- Reading file /sys/devices/system/cpu/cpu6/cache/index0/ways_of_associativity
10:08:36.274 [ForkJoinPool-1-worker-4] DEBUG oshi.util.FileUtil -- Reading file /sys/devices/system/cpu/cpu6/cache/index0/coherency_line_size
10:08:36.274 [ForkJoinPool-1-worker-4] DEBUG oshi.util.FileUtil -- Reading file /sys/devices/system/cpu/cpu6/cache/index0/coherency_line_size
10:08:36.274 [ForkJoinPool-1-worker-4] DEBUG oshi.util.FileUtil -- Reading file /sys/devices/system/cpu/cpu6/cache/index0/size
10:08:36.274 [ForkJoinPool-1-worker-4] DEBUG oshi.util.FileUtil -- Reading file /sys/devices/system/cpu/cpu6/cache/index0/size
10:08:36.274 [ForkJoinPool-1-worker-4] DEBUG oshi.util.FileUtil -- Reading file /sys/devices/system/cpu/cpu6/cache/index3/level
10:08:36.274 [ForkJoinPool-1-worker-4] DEBUG oshi.util.FileUtil -- Reading file /sys/devices/system/cpu/cpu6/cache/index3/level
10:08:36.274 [ForkJoinPool-1-worker-4] DEBUG oshi.util.FileUtil -- Reading file /sys/devices/system/cpu/cpu6/cache/index3/type
10:08:36.274 [ForkJoinPool-1-worker-4] DEBUG oshi.util.FileUtil -- Reading file /sys/devices/system/cpu/cpu6/cache/index3/type
10:08:36.274 [ForkJoinPool-1-worker-4] DEBUG oshi.util.FileUtil -- Reading file /sys/devices/system/cpu/cpu6/cache/index3/ways_of_associativity
10:08:36.274 [ForkJoinPool-1-worker-4] DEBUG oshi.util.FileUtil -- Reading file /sys/devices/system/cpu/cpu6/cache/index3/ways_of_associativity
10:08:36.274 [ForkJoinPool-1-worker-4] DEBUG oshi.util.FileUtil -- Reading file /sys/devices/system/cpu/cpu6/cache/index3/coherency_line_size
10:08:36.274 [ForkJoinPool-1-worker-4] DEBUG oshi.util.FileUtil -- Reading file /sys/devices/system/cpu/cpu6/cache/index3/coherency_line_size
10:08:36.274 [ForkJoinPool-1-worker-4] DEBUG oshi.util.FileUtil -- Reading file /sys/devices/system/cpu/cpu6/cache/index3/size
10:08:36.274 [ForkJoinPool-1-worker-4] DEBUG oshi.util.FileUtil -- Reading file /sys/devices/system/cpu/cpu6/cache/index3/size
10:08:36.274 [ForkJoinPool-1-worker-4] DEBUG oshi.util.FileUtil -- Reading file /sys/devices/system/cpu/cpu6/cache/index1/level
10:08:36.274 [ForkJoinPool-1-worker-4] DEBUG oshi.util.FileUtil -- Reading file /sys/devices/system/cpu/cpu6/cache/index1/level
10:08:36.274 [ForkJoinPool-1-worker-4] DEBUG oshi.util.FileUtil -- Reading file /sys/devices/system/cpu/cpu6/cache/index1/type
10:08:36.274 [ForkJoinPool-1-worker-4] DEBUG oshi.util.FileUtil -- Reading file /sys/devices/system/cpu/cpu6/cache/index1/type
10:08:36.274 [ForkJoinPool-1-worker-4] DEBUG oshi.util.FileUtil -- Reading file /sys/devices/system/cpu/cpu6/cache/index1/ways_of_associativity
10:08:36.274 [ForkJoinPool-1-worker-4] DEBUG oshi.util.FileUtil -- Reading file /sys/devices/system/cpu/cpu6/cache/index1/ways_of_associativity
10:08:36.274 [ForkJoinPool-1-worker-4] DEBUG oshi.util.FileUtil -- Reading file /sys/devices/system/cpu/cpu6/cache/index1/coherency_line_size
10:08:36.274 [ForkJoinPool-1-worker-4] DEBUG oshi.util.FileUtil -- Reading file /sys/devices/system/cpu/cpu6/cache/index1/coherency_line_size
10:08:36.274 [ForkJoinPool-1-worker-4] DEBUG oshi.util.FileUtil -- Reading file /sys/devices/system/cpu/cpu6/cache/index1/size
10:08:36.274 [ForkJoinPool-1-worker-4] DEBUG oshi.util.FileUtil -- Reading file /sys/devices/system/cpu/cpu6/cache/index1/size
10:08:36.275 [ForkJoinPool-1-worker-4] DEBUG oshi.util.FileUtil -- Reading file /sys/devices/system/cpu/cpu7/topology/core_id
10:08:36.275 [ForkJoinPool-1-worker-4] DEBUG oshi.util.FileUtil -- Reading file /sys/devices/system/cpu/cpu7/topology/core_id
10:08:36.275 [ForkJoinPool-1-worker-4] DEBUG oshi.util.FileUtil -- Reading file /sys/devices/system/cpu/cpu7/topology/physical_package_id
10:08:36.275 [ForkJoinPool-1-worker-4] DEBUG oshi.util.FileUtil -- Reading file /sys/devices/system/cpu/cpu7/topology/physical_package_id
10:08:36.275 [ForkJoinPool-1-worker-4] DEBUG oshi.util.FileUtil -- Reading file /sys/devices/system/cpu/cpu7/cpu_capacity
10:08:36.275 [ForkJoinPool-1-worker-4] DEBUG oshi.util.FileUtil -- Reading file /sys/devices/system/cpu/cpu7/cache/index2/level
10:08:36.275 [ForkJoinPool-1-worker-4] DEBUG oshi.util.FileUtil -- Reading file /sys/devices/system/cpu/cpu7/cache/index2/level
10:08:36.275 [ForkJoinPool-1-worker-4] DEBUG oshi.util.FileUtil -- Reading file /sys/devices/system/cpu/cpu7/cache/index2/type
10:08:36.275 [ForkJoinPool-1-worker-4] DEBUG oshi.util.FileUtil -- Reading file /sys/devices/system/cpu/cpu7/cache/index2/type
10:08:36.275 [ForkJoinPool-1-worker-4] DEBUG oshi.util.FileUtil -- Reading file /sys/devices/system/cpu/cpu7/cache/index2/ways_of_associativity
10:08:36.275 [ForkJoinPool-1-worker-4] DEBUG oshi.util.FileUtil -- Reading file /sys/devices/system/cpu/cpu7/cache/index2/ways_of_associativity
10:08:36.275 [ForkJoinPool-1-worker-4] DEBUG oshi.util.FileUtil -- Reading file /sys/devices/system/cpu/cpu7/cache/index2/coherency_line_size
10:08:36.275 [ForkJoinPool-1-worker-4] DEBUG oshi.util.FileUtil -- Reading file /sys/devices/system/cpu/cpu7/cache/index2/coherency_line_size
10:08:36.275 [ForkJoinPool-1-worker-4] DEBUG oshi.util.FileUtil -- Reading file /sys/devices/system/cpu/cpu7/cache/index2/size
10:08:36.275 [ForkJoinPool-1-worker-4] DEBUG oshi.util.FileUtil -- Reading file /sys/devices/system/cpu/cpu7/cache/index2/size
10:08:36.275 [ForkJoinPool-1-worker-4] DEBUG oshi.util.FileUtil -- Reading file /sys/devices/system/cpu/cpu7/cache/index0/level
10:08:36.275 [ForkJoinPool-1-worker-4] DEBUG oshi.util.FileUtil -- Reading file /sys/devices/system/cpu/cpu7/cache/index0/level
10:08:36.275 [ForkJoinPool-1-worker-4] DEBUG oshi.util.FileUtil -- Reading file /sys/devices/system/cpu/cpu7/cache/index0/type
10:08:36.275 [ForkJoinPool-1-worker-4] DEBUG oshi.util.FileUtil -- Reading file /sys/devices/system/cpu/cpu7/cache/index0/type
10:08:36.276 [ForkJoinPool-1-worker-4] DEBUG oshi.util.FileUtil -- Reading file /sys/devices/system/cpu/cpu7/cache/index0/ways_of_associativity
10:08:36.276 [ForkJoinPool-1-worker-4] DEBUG oshi.util.FileUtil -- Reading file /sys/devices/system/cpu/cpu7/cache/index0/ways_of_associativity
10:08:36.276 [ForkJoinPool-1-worker-4] DEBUG oshi.util.FileUtil -- Reading file /sys/devices/system/cpu/cpu7/cache/index0/coherency_line_size
10:08:36.276 [ForkJoinPool-1-worker-4] DEBUG oshi.util.FileUtil -- Reading file /sys/devices/system/cpu/cpu7/cache/index0/coherency_line_size
10:08:36.276 [ForkJoinPool-1-worker-4] DEBUG oshi.util.FileUtil -- Reading file /sys/devices/system/cpu/cpu7/cache/index0/size
10:08:36.276 [ForkJoinPool-1-worker-4] DEBUG oshi.util.FileUtil -- Reading file /sys/devices/system/cpu/cpu7/cache/index0/size
10:08:36.276 [ForkJoinPool-1-worker-4] DEBUG oshi.util.FileUtil -- Reading file /sys/devices/system/cpu/cpu7/cache/index3/level
10:08:36.276 [ForkJoinPool-1-worker-4] DEBUG oshi.util.FileUtil -- Reading file /sys/devices/system/cpu/cpu7/cache/index3/level
10:08:36.276 [ForkJoinPool-1-worker-4] DEBUG oshi.util.FileUtil -- Reading file /sys/devices/system/cpu/cpu7/cache/index3/type
10:08:36.276 [ForkJoinPool-1-worker-4] DEBUG oshi.util.FileUtil -- Reading file /sys/devices/system/cpu/cpu7/cache/index3/type
10:08:36.276 [ForkJoinPool-1-worker-4] DEBUG oshi.util.FileUtil -- Reading file /sys/devices/system/cpu/cpu7/cache/index3/ways_of_associativity
10:08:36.276 [ForkJoinPool-1-worker-4] DEBUG oshi.util.FileUtil -- Reading file /sys/devices/system/cpu/cpu7/cache/index3/ways_of_associativity
10:08:36.276 [ForkJoinPool-1-worker-4] DEBUG oshi.util.FileUtil -- Reading file /sys/devices/system/cpu/cpu7/cache/index3/coherency_line_size
10:08:36.276 [ForkJoinPool-1-worker-4] DEBUG oshi.util.FileUtil -- Reading file /sys/devices/system/cpu/cpu7/cache/index3/coherency_line_size
10:08:36.276 [ForkJoinPool-1-worker-4] DEBUG oshi.util.FileUtil -- Reading file /sys/devices/system/cpu/cpu7/cache/index3/size
10:08:36.276 [ForkJoinPool-1-worker-4] DEBUG oshi.util.FileUtil -- Reading file /sys/devices/system/cpu/cpu7/cache/index3/size
10:08:36.276 [ForkJoinPool-1-worker-4] DEBUG oshi.util.FileUtil -- Reading file /sys/devices/system/cpu/cpu7/cache/index1/level
10:08:36.276 [ForkJoinPool-1-worker-4] DEBUG oshi.util.FileUtil -- Reading file /sys/devices/system/cpu/cpu7/cache/index1/level
10:08:36.276 [ForkJoinPool-1-worker-4] DEBUG oshi.util.FileUtil -- Reading file /sys/devices/system/cpu/cpu7/cache/index1/type
10:08:36.276 [ForkJoinPool-1-worker-4] DEBUG oshi.util.FileUtil -- Reading file /sys/devices/system/cpu/cpu7/cache/index1/type
10:08:36.276 [ForkJoinPool-1-worker-4] DEBUG oshi.util.FileUtil -- Reading file /sys/devices/system/cpu/cpu7/cache/index1/ways_of_associativity
10:08:36.276 [ForkJoinPool-1-worker-4] DEBUG oshi.util.FileUtil -- Reading file /sys/devices/system/cpu/cpu7/cache/index1/ways_of_associativity
10:08:36.276 [ForkJoinPool-1-worker-4] DEBUG oshi.util.FileUtil -- Reading file /sys/devices/system/cpu/cpu7/cache/index1/coherency_line_size
10:08:36.276 [ForkJoinPool-1-worker-4] DEBUG oshi.util.FileUtil -- Reading file /sys/devices/system/cpu/cpu7/cache/index1/coherency_line_size
10:08:36.276 [ForkJoinPool-1-worker-4] DEBUG oshi.util.FileUtil -- Reading file /sys/devices/system/cpu/cpu7/cache/index1/size
10:08:36.276 [ForkJoinPool-1-worker-4] DEBUG oshi.util.FileUtil -- Reading file /sys/devices/system/cpu/cpu7/cache/index1/size
10:08:36.277 [ForkJoinPool-1-worker-4] DEBUG oshi.util.FileUtil -- Reading file /sys/devices/system/cpu/cpu8/topology/core_id
10:08:36.277 [ForkJoinPool-1-worker-4] DEBUG oshi.util.FileUtil -- Reading file /sys/devices/system/cpu/cpu8/topology/core_id
10:08:36.277 [ForkJoinPool-1-worker-4] DEBUG oshi.util.FileUtil -- Reading file /sys/devices/system/cpu/cpu8/topology/physical_package_id
10:08:36.277 [ForkJoinPool-1-worker-4] DEBUG oshi.util.FileUtil -- Reading file /sys/devices/system/cpu/cpu8/topology/physical_package_id
10:08:36.278 [ForkJoinPool-1-worker-4] DEBUG oshi.util.FileUtil -- Reading file /sys/devices/system/cpu/cpu8/cpu_capacity
10:08:36.278 [ForkJoinPool-1-worker-4] DEBUG oshi.util.FileUtil -- Reading file /sys/devices/system/cpu/cpu8/cache/index2/level
10:08:36.278 [ForkJoinPool-1-worker-4] DEBUG oshi.util.FileUtil -- Reading file /sys/devices/system/cpu/cpu8/cache/index2/level
10:08:36.278 [ForkJoinPool-1-worker-4] DEBUG oshi.util.FileUtil -- Reading file /sys/devices/system/cpu/cpu8/cache/index2/type
10:08:36.278 [ForkJoinPool-1-worker-4] DEBUG oshi.util.FileUtil -- Reading file /sys/devices/system/cpu/cpu8/cache/index2/type
10:08:36.278 [ForkJoinPool-1-worker-4] DEBUG oshi.util.FileUtil -- Reading file /sys/devices/system/cpu/cpu8/cache/index2/ways_of_associativity
10:08:36.278 [ForkJoinPool-1-worker-4] DEBUG oshi.util.FileUtil -- Reading file /sys/devices/system/cpu/cpu8/cache/index2/ways_of_associativity
10:08:36.278 [ForkJoinPool-1-worker-4] DEBUG oshi.util.FileUtil -- Reading file /sys/devices/system/cpu/cpu8/cache/index2/coherency_line_size
10:08:36.278 [ForkJoinPool-1-worker-4] DEBUG oshi.util.FileUtil -- Reading file /sys/devices/system/cpu/cpu8/cache/index2/coherency_line_size
10:08:36.278 [ForkJoinPool-1-worker-4] DEBUG oshi.util.FileUtil -- Reading file /sys/devices/system/cpu/cpu8/cache/index2/size
10:08:36.278 [ForkJoinPool-1-worker-4] DEBUG oshi.util.FileUtil -- Reading file /sys/devices/system/cpu/cpu8/cache/index2/size
10:08:36.278 [ForkJoinPool-1-worker-4] DEBUG oshi.util.FileUtil -- Reading file /sys/devices/system/cpu/cpu8/cache/index0/level
10:08:36.278 [ForkJoinPool-1-worker-4] DEBUG oshi.util.FileUtil -- Reading file /sys/devices/system/cpu/cpu8/cache/index0/level
10:08:36.278 [ForkJoinPool-1-worker-4] DEBUG oshi.util.FileUtil -- Reading file /sys/devices/system/cpu/cpu8/cache/index0/type
10:08:36.278 [ForkJoinPool-1-worker-4] DEBUG oshi.util.FileUtil -- Reading file /sys/devices/system/cpu/cpu8/cache/index0/type
10:08:36.278 [ForkJoinPool-1-worker-4] DEBUG oshi.util.FileUtil -- Reading file /sys/devices/system/cpu/cpu8/cache/index0/ways_of_associativity
10:08:36.278 [ForkJoinPool-1-worker-4] DEBUG oshi.util.FileUtil -- Reading file /sys/devices/system/cpu/cpu8/cache/index0/ways_of_associativity
10:08:36.278 [ForkJoinPool-1-worker-4] DEBUG oshi.util.FileUtil -- Reading file /sys/devices/system/cpu/cpu8/cache/index0/coherency_line_size
10:08:36.278 [ForkJoinPool-1-worker-4] DEBUG oshi.util.FileUtil -- Reading file /sys/devices/system/cpu/cpu8/cache/index0/coherency_line_size
10:08:36.278 [ForkJoinPool-1-worker-4] DEBUG oshi.util.FileUtil -- Reading file /sys/devices/system/cpu/cpu8/cache/index0/size
10:08:36.278 [ForkJoinPool-1-worker-4] DEBUG oshi.util.FileUtil -- Reading file /sys/devices/system/cpu/cpu8/cache/index0/size
10:08:36.278 [ForkJoinPool-1-worker-4] DEBUG oshi.util.FileUtil -- Reading file /sys/devices/system/cpu/cpu8/cache/index3/level
10:08:36.278 [ForkJoinPool-1-worker-4] DEBUG oshi.util.FileUtil -- Reading file /sys/devices/system/cpu/cpu8/cache/index3/level
10:08:36.278 [ForkJoinPool-1-worker-4] DEBUG oshi.util.FileUtil -- Reading file /sys/devices/system/cpu/cpu8/cache/index3/type
10:08:36.278 [ForkJoinPool-1-worker-4] DEBUG oshi.util.FileUtil -- Reading file /sys/devices/system/cpu/cpu8/cache/index3/type
10:08:36.278 [ForkJoinPool-1-worker-4] DEBUG oshi.util.FileUtil -- Reading file /sys/devices/system/cpu/cpu8/cache/index3/ways_of_associativity
10:08:36.278 [ForkJoinPool-1-worker-4] DEBUG oshi.util.FileUtil -- Reading file /sys/devices/system/cpu/cpu8/cache/index3/ways_of_associativity
10:08:36.279 [ForkJoinPool-1-worker-4] DEBUG oshi.util.FileUtil -- Reading file /sys/devices/system/cpu/cpu8/cache/index3/coherency_line_size
10:08:36.279 [ForkJoinPool-1-worker-4] DEBUG oshi.util.FileUtil -- Reading file /sys/devices/system/cpu/cpu8/cache/index3/coherency_line_size
10:08:36.279 [ForkJoinPool-1-worker-4] DEBUG oshi.util.FileUtil -- Reading file /sys/devices/system/cpu/cpu8/cache/index3/size
10:08:36.279 [ForkJoinPool-1-worker-4] DEBUG oshi.util.FileUtil -- Reading file /sys/devices/system/cpu/cpu8/cache/index3/size
10:08:36.279 [ForkJoinPool-1-worker-4] DEBUG oshi.util.FileUtil -- Reading file /sys/devices/system/cpu/cpu8/cache/index1/level
10:08:36.279 [ForkJoinPool-1-worker-4] DEBUG oshi.util.FileUtil -- Reading file /sys/devices/system/cpu/cpu8/cache/index1/level
10:08:36.279 [ForkJoinPool-1-worker-4] DEBUG oshi.util.FileUtil -- Reading file /sys/devices/system/cpu/cpu8/cache/index1/type
10:08:36.279 [ForkJoinPool-1-worker-4] DEBUG oshi.util.FileUtil -- Reading file /sys/devices/system/cpu/cpu8/cache/index1/type
10:08:36.279 [ForkJoinPool-1-worker-4] DEBUG oshi.util.FileUtil -- Reading file /sys/devices/system/cpu/cpu8/cache/index1/ways_of_associativity
10:08:36.279 [ForkJoinPool-1-worker-4] DEBUG oshi.util.FileUtil -- Reading file /sys/devices/system/cpu/cpu8/cache/index1/ways_of_associativity
10:08:36.279 [ForkJoinPool-1-worker-4] DEBUG oshi.util.FileUtil -- Reading file /sys/devices/system/cpu/cpu8/cache/index1/coherency_line_size
10:08:36.279 [ForkJoinPool-1-worker-4] DEBUG oshi.util.FileUtil -- Reading file /sys/devices/system/cpu/cpu8/cache/index1/coherency_line_size
10:08:36.279 [ForkJoinPool-1-worker-4] DEBUG oshi.util.FileUtil -- Reading file /sys/devices/system/cpu/cpu8/cache/index1/size
10:08:36.279 [ForkJoinPool-1-worker-4] DEBUG oshi.util.FileUtil -- Reading file /sys/devices/system/cpu/cpu8/cache/index1/size
10:08:36.279 [ForkJoinPool-1-worker-4] DEBUG oshi.util.FileUtil -- Reading file /sys/devices/system/cpu/cpu9/topology/core_id
10:08:36.279 [ForkJoinPool-1-worker-4] DEBUG oshi.util.FileUtil -- Reading file /sys/devices/system/cpu/cpu9/topology/core_id
10:08:36.279 [ForkJoinPool-1-worker-4] DEBUG oshi.util.FileUtil -- Reading file /sys/devices/system/cpu/cpu9/topology/physical_package_id
10:08:36.279 [ForkJoinPool-1-worker-4] DEBUG oshi.util.FileUtil -- Reading file /sys/devices/system/cpu/cpu9/topology/physical_package_id
10:08:36.279 [ForkJoinPool-1-worker-4] DEBUG oshi.util.FileUtil -- Reading file /sys/devices/system/cpu/cpu9/cpu_capacity
10:08:36.279 [ForkJoinPool-1-worker-4] DEBUG oshi.util.FileUtil -- Reading file /sys/devices/system/cpu/cpu9/cache/index2/level
10:08:36.280 [ForkJoinPool-1-worker-4] DEBUG oshi.util.FileUtil -- Reading file /sys/devices/system/cpu/cpu9/cache/index2/level
10:08:36.280 [ForkJoinPool-1-worker-4] DEBUG oshi.util.FileUtil -- Reading file /sys/devices/system/cpu/cpu9/cache/index2/type
10:08:36.280 [ForkJoinPool-1-worker-4] DEBUG oshi.util.FileUtil -- Reading file /sys/devices/system/cpu/cpu9/cache/index2/type
10:08:36.280 [ForkJoinPool-1-worker-4] DEBUG oshi.util.FileUtil -- Reading file /sys/devices/system/cpu/cpu9/cache/index2/ways_of_associativity
10:08:36.280 [ForkJoinPool-1-worker-4] DEBUG oshi.util.FileUtil -- Reading file /sys/devices/system/cpu/cpu9/cache/index2/ways_of_associativity
10:08:36.280 [ForkJoinPool-1-worker-4] DEBUG oshi.util.FileUtil -- Reading file /sys/devices/system/cpu/cpu9/cache/index2/coherency_line_size
10:08:36.280 [ForkJoinPool-1-worker-4] DEBUG oshi.util.FileUtil -- Reading file /sys/devices/system/cpu/cpu9/cache/index2/coherency_line_size
10:08:36.280 [ForkJoinPool-1-worker-4] DEBUG oshi.util.FileUtil -- Reading file /sys/devices/system/cpu/cpu9/cache/index2/size
10:08:36.280 [ForkJoinPool-1-worker-4] DEBUG oshi.util.FileUtil -- Reading file /sys/devices/system/cpu/cpu9/cache/index2/size
10:08:36.280 [ForkJoinPool-1-worker-4] DEBUG oshi.util.FileUtil -- Reading file /sys/devices/system/cpu/cpu9/cache/index0/level
10:08:36.280 [ForkJoinPool-1-worker-4] DEBUG oshi.util.FileUtil -- Reading file /sys/devices/system/cpu/cpu9/cache/index0/level
10:08:36.280 [ForkJoinPool-1-worker-4] DEBUG oshi.util.FileUtil -- Reading file /sys/devices/system/cpu/cpu9/cache/index0/type
10:08:36.280 [ForkJoinPool-1-worker-4] DEBUG oshi.util.FileUtil -- Reading file /sys/devices/system/cpu/cpu9/cache/index0/type
10:08:36.280 [ForkJoinPool-1-worker-4] DEBUG oshi.util.FileUtil -- Reading file /sys/devices/system/cpu/cpu9/cache/index0/ways_of_associativity
10:08:36.280 [ForkJoinPool-1-worker-4] DEBUG oshi.util.FileUtil -- Reading file /sys/devices/system/cpu/cpu9/cache/index0/ways_of_associativity
10:08:36.280 [ForkJoinPool-1-worker-4] DEBUG oshi.util.FileUtil -- Reading file /sys/devices/system/cpu/cpu9/cache/index0/coherency_line_size
10:08:36.280 [ForkJoinPool-1-worker-4] DEBUG oshi.util.FileUtil -- Reading file /sys/devices/system/cpu/cpu9/cache/index0/coherency_line_size
10:08:36.280 [ForkJoinPool-1-worker-4] DEBUG oshi.util.FileUtil -- Reading file /sys/devices/system/cpu/cpu9/cache/index0/size
10:08:36.280 [ForkJoinPool-1-worker-4] DEBUG oshi.util.FileUtil -- Reading file /sys/devices/system/cpu/cpu9/cache/index0/size
10:08:36.280 [ForkJoinPool-1-worker-4] DEBUG oshi.util.FileUtil -- Reading file /sys/devices/system/cpu/cpu9/cache/index3/level
10:08:36.280 [ForkJoinPool-1-worker-4] DEBUG oshi.util.FileUtil -- Reading file /sys/devices/system/cpu/cpu9/cache/index3/level
10:08:36.280 [ForkJoinPool-1-worker-4] DEBUG oshi.util.FileUtil -- Reading file /sys/devices/system/cpu/cpu9/cache/index3/type
10:08:36.280 [ForkJoinPool-1-worker-4] DEBUG oshi.util.FileUtil -- Reading file /sys/devices/system/cpu/cpu9/cache/index3/type
10:08:36.280 [ForkJoinPool-1-worker-4] DEBUG oshi.util.FileUtil -- Reading file /sys/devices/system/cpu/cpu9/cache/index3/ways_of_associativity
10:08:36.280 [ForkJoinPool-1-worker-4] DEBUG oshi.util.FileUtil -- Reading file /sys/devices/system/cpu/cpu9/cache/index3/ways_of_associativity
10:08:36.280 [ForkJoinPool-1-worker-4] DEBUG oshi.util.FileUtil -- Reading file /sys/devices/system/cpu/cpu9/cache/index3/coherency_line_size
10:08:36.280 [ForkJoinPool-1-worker-4] DEBUG oshi.util.FileUtil -- Reading file /sys/devices/system/cpu/cpu9/cache/index3/coherency_line_size
10:08:36.280 [ForkJoinPool-1-worker-4] DEBUG oshi.util.FileUtil -- Reading file /sys/devices/system/cpu/cpu9/cache/index3/size
10:08:36.280 [ForkJoinPool-1-worker-4] DEBUG oshi.util.FileUtil -- Reading file /sys/devices/system/cpu/cpu9/cache/index3/size
10:08:36.280 [ForkJoinPool-1-worker-4] DEBUG oshi.util.FileUtil -- Reading file /sys/devices/system/cpu/cpu9/cache/index1/level
10:08:36.280 [ForkJoinPool-1-worker-4] DEBUG oshi.util.FileUtil -- Reading file /sys/devices/system/cpu/cpu9/cache/index1/level
10:08:36.280 [ForkJoinPool-1-worker-4] DEBUG oshi.util.FileUtil -- Reading file /sys/devices/system/cpu/cpu9/cache/index1/type
10:08:36.280 [ForkJoinPool-1-worker-4] DEBUG oshi.util.FileUtil -- Reading file /sys/devices/system/cpu/cpu9/cache/index1/type
10:08:36.280 [ForkJoinPool-1-worker-4] DEBUG oshi.util.FileUtil -- Reading file /sys/devices/system/cpu/cpu9/cache/index1/ways_of_associativity
10:08:36.280 [ForkJoinPool-1-worker-4] DEBUG oshi.util.FileUtil -- Reading file /sys/devices/system/cpu/cpu9/cache/index1/ways_of_associativity
10:08:36.281 [ForkJoinPool-1-worker-4] DEBUG oshi.util.FileUtil -- Reading file /sys/devices/system/cpu/cpu9/cache/index1/coherency_line_size
10:08:36.281 [ForkJoinPool-1-worker-4] DEBUG oshi.util.FileUtil -- Reading file /sys/devices/system/cpu/cpu9/cache/index1/coherency_line_size
10:08:36.281 [ForkJoinPool-1-worker-4] DEBUG oshi.util.FileUtil -- Reading file /sys/devices/system/cpu/cpu9/cache/index1/size
10:08:36.281 [ForkJoinPool-1-worker-4] DEBUG oshi.util.FileUtil -- Reading file /sys/devices/system/cpu/cpu9/cache/index1/size
10:08:36.282 [ForkJoinPool-1-worker-4] DEBUG oshi.util.FileUtil -- Reading file /proc/cpuinfo
10:08:36.444 [ForkJoinPool-1-worker-4] DEBUG oshi.util.FileUtil -- Reading file /proc/self/auxv
10:08:36.449 [ForkJoinPool-1-worker-4] DEBUG com.vaadin.pro.licensechecker.LicenseChecker -- Online validation using proKey for Product [name=vaadin-testbench, version=9.0.3]
10:08:36.449 [ForkJoinPool-1-worker-4] DEBUG com.vaadin.pro.licensechecker.LicenseChecker -- No pro key found
10:08:36.449 [ForkJoinPool-1-worker-4] DEBUG com.vaadin.pro.licensechecker.LicenseChecker -- Offline validation using offlineKey for Product [name=vaadin-testbench, version=9.0.3]
10:08:36.449 [ForkJoinPool-1-worker-4] DEBUG com.vaadin.pro.licensechecker.LicenseChecker -- No offline key found
10:08:36.450 [ForkJoinPool-1-worker-4] INFO com.vaadin.pro.licensechecker.LicenseChecker -- Opening system browser to validate license. If the browser is not opened, please open https://vaadin.com/pro/validate-license?connect=b75a7054-4850-4cdd-bde8-acc4cc44413a&productName=vaadin-testbench&productVersion=9.0.3 manually
10:08:36.860 [ForkJoinPool-1-worker-4] INFO com.vaadin.pro.licensechecker.LicenseChecker -- For CI/CD build servers, you need to download a server license key, which can only be used for production builds. You can download a server license key from https://vaadin.com/myaccount/licenses.
If you are working offline in development mode, please visit https://vaadin.com/pro/validate-license?getOfflineKey=mid-ef05ac4a-029003ba for an offline development mode license.
10:08:36.863 [ForkJoinPool-1-worker-4] DEBUG com.vaadin.pro.licensechecker.LicenseChecker -- Polling server for pro key
10:08:38.009 [ForkJoinPool-1-worker-4] DEBUG com.vaadin.pro.licensechecker.LicenseChecker -- Polling server for pro key
10:08:39.001 [ForkJoinPool-1-worker-4] DEBUG com.vaadin.pro.licensechecker.LicenseChecker -- Polling server for pro key
10:08:39.957 [ForkJoinPool-1-worker-4] DEBUG com.vaadin.pro.licensechecker.LicenseChecker -- Polling server for pro key
10:08:40.590 [ForkJoinPool-1-worker-4] DEBUG com.vaadin.pro.licensechecker.LicenseChecker -- Polling server for pro key
10:08:41.229 [ForkJoinPool-1-worker-4] DEBUG com.vaadin.pro.licensechecker.LicenseChecker -- Polling server for pro key
10:08:41.867 [ForkJoinPool-1-worker-4] DEBUG com.vaadin.pro.licensechecker.LicenseChecker -- Polling server for pro key
10:08:42.502 [ForkJoinPool-1-worker-4] DEBUG com.vaadin.pro.licensechecker.LicenseChecker -- Polling server for pro key
10:08:43.135 [ForkJoinPool-1-worker-4] DEBUG com.vaadin.pro.licensechecker.LicenseChecker -- Polling server for pro key
10:08:43.772 [ForkJoinPool-1-worker-4] DEBUG com.vaadin.pro.licensechecker.LicenseChecker -- Polling server for pro key
10:08:44.414 [ForkJoinPool-1-worker-4] DEBUG com.vaadin.pro.licensechecker.LicenseChecker -- Polling server for pro key
10:08:45.059 [ForkJoinPool-1-worker-4] DEBUG com.vaadin.pro.licensechecker.LicenseChecker -- Polling server for pro key
10:08:45.690 [ForkJoinPool-1-worker-4] DEBUG com.vaadin.pro.licensechecker.LicenseChecker -- Polling server for pro key
10:08:46.331 [ForkJoinPool-1-worker-4] DEBUG com.vaadin.pro.licensechecker.LicenseChecker -- Polling server for pro key
10:08:46.969 [ForkJoinPool-1-worker-4] DEBUG com.vaadin.pro.licensechecker.LicenseChecker -- Polling server for pro key
10:08:47.608 [ForkJoinPool-1-worker-4] DEBUG com.vaadin.pro.licensechecker.LicenseChecker -- Polling server for pro key
10:08:48.247 [ForkJoinPool-1-worker-4] DEBUG com.vaadin.pro.licensechecker.LicenseChecker -- Polling server for pro key
10:08:48.887 [ForkJoinPool-1-worker-4] DEBUG com.vaadin.pro.licensechecker.LicenseChecker -- Polling server for pro key
10:08:49.524 [ForkJoinPool-1-worker-4] DEBUG com.vaadin.pro.licensechecker.LicenseChecker -- Polling server for pro key
10:08:50.199 [ForkJoinPool-1-worker-4] DEBUG com.vaadin.pro.licensechecker.LicenseChecker -- Polling server for pro key
10:08:50.844 [ForkJoinPool-1-worker-4] DEBUG com.vaadin.pro.licensechecker.LicenseChecker -- Polling server for pro key
10:08:51.483 [ForkJoinPool-1-worker-4] DEBUG com.vaadin.pro.licensechecker.LicenseChecker -- Polling server for pro key
10:08:52.115 [ForkJoinPool-1-worker-4] DEBUG com.vaadin.pro.licensechecker.LicenseChecker -- Polling server for pro key
10:08:52.756 [ForkJoinPool-1-worker-4] DEBUG com.vaadin.pro.licensechecker.LicenseChecker -- Polling server for pro key
10:08:53.399 [ForkJoinPool-1-worker-4] DEBUG com.vaadin.pro.licensechecker.LicenseChecker -- Polling server for pro key
10:08:54.040 [ForkJoinPool-1-worker-4] DEBUG com.vaadin.pro.licensechecker.LicenseChecker -- Polling server for pro key
10:08:54.680 [ForkJoinPool-1-worker-4] DEBUG com.vaadin.pro.licensechecker.LicenseChecker -- Polling server for pro key
10:08:55.313 [ForkJoinPool-1-worker-4] DEBUG com.vaadin.pro.licensechecker.LicenseChecker -- Polling server for pro key
10:08:55.950 [ForkJoinPool-1-worker-4] DEBUG com.vaadin.pro.licensechecker.LicenseChecker -- Polling server for pro key
10:08:56.594 [ForkJoinPool-1-worker-4] DEBUG com.vaadin.pro.licensechecker.LicenseChecker -- Polling server for pro key
10:08:57.239 [ForkJoinPool-1-worker-4] DEBUG com.vaadin.pro.licensechecker.LicenseChecker -- Polling server for pro key
10:08:57.872 [ForkJoinPool-1-worker-4] DEBUG com.vaadin.pro.licensechecker.LicenseChecker -- Polling server for pro key
10:08:58.515 [ForkJoinPool-1-worker-4] DEBUG com.vaadin.pro.licensechecker.LicenseChecker -- Polling server for pro key
10:08:59.199 [ForkJoinPool-1-worker-4] DEBUG com.vaadin.pro.licensechecker.LicenseChecker -- Polling server for pro key
10:08:59.873 [ForkJoinPool-1-worker-4] DEBUG com.vaadin.pro.licensechecker.LicenseChecker -- Polling server for pro key
10:09:00.506 [ForkJoinPool-1-worker-4] DEBUG com.vaadin.pro.licensechecker.LicenseChecker -- Polling server for pro key
10:09:01.147 [ForkJoinPool-1-worker-4] DEBUG com.vaadin.pro.licensechecker.LicenseChecker -- Polling server for pro key
10:09:01.830 [ForkJoinPool-1-worker-4] DEBUG com.vaadin.pro.licensechecker.LicenseChecker -- Polling server for pro key
10:09:02.466 [ForkJoinPool-1-worker-4] DEBUG com.vaadin.pro.licensechecker.LicenseChecker -- Polling server for pro key
10:09:03.099 [ForkJoinPool-1-worker-4] DEBUG com.vaadin.pro.licensechecker.LicenseChecker -- Polling server for pro key
10:09:03.733 [ForkJoinPool-1-worker-4] DEBUG com.vaadin.pro.licensechecker.LicenseChecker -- Polling server for pro key
10:09:04.371 [ForkJoinPool-1-worker-4] DEBUG com.vaadin.pro.licensechecker.LicenseChecker -- Polling server for pro key
10:09:05.006 [ForkJoinPool-1-worker-4] DEBUG com.vaadin.pro.licensechecker.LicenseChecker -- Polling server for pro key
10:09:05.644 [ForkJoinPool-1-worker-4] DEBUG com.vaadin.pro.licensechecker.LicenseChecker -- Polling server for pro key
10:09:06.288 [ForkJoinPool-1-worker-4] DEBUG com.vaadin.pro.licensechecker.LicenseChecker -- Polling server for pro key
10:09:06.924 [ForkJoinPool-1-worker-4] DEBUG com.vaadin.pro.licensechecker.LicenseChecker -- Polling server for pro key
10:09:07.555 [ForkJoinPool-1-worker-4] DEBUG com.vaadin.pro.licensechecker.LicenseChecker -- Polling server for pro key
10:09:08.205 [ForkJoinPool-1-worker-4] DEBUG com.vaadin.pro.licensechecker.LicenseChecker -- Polling server for pro key
10:09:08.881 [ForkJoinPool-1-worker-4] DEBUG com.vaadin.pro.licensechecker.LicenseChecker -- Polling server for pro key
10:09:09.515 [ForkJoinPool-1-worker-4] DEBUG com.vaadin.pro.licensechecker.LicenseChecker -- Polling server for pro key
10:09:10.153 [ForkJoinPool-1-worker-4] DEBUG com.vaadin.pro.licensechecker.LicenseChecker -- Polling server for pro key
10:09:10.789 [ForkJoinPool-1-worker-4] DEBUG com.vaadin.pro.licensechecker.LicenseChecker -- Polling server for pro key
10:09:11.421 [ForkJoinPool-1-worker-4] DEBUG com.vaadin.pro.licensechecker.LicenseChecker -- Polling server for pro key
10:09:12.061 [ForkJoinPool-1-worker-4] DEBUG com.vaadin.pro.licensechecker.LicenseChecker -- Polling server for pro key
10:09:12.697 [ForkJoinPool-1-worker-4] DEBUG com.vaadin.pro.licensechecker.LicenseChecker -- Polling server for pro key
10:09:13.328 [ForkJoinPool-1-worker-4] DEBUG com.vaadin.pro.licensechecker.LicenseChecker -- Polling server for pro key
10:09:13.966 [ForkJoinPool-1-worker-4] DEBUG com.vaadin.pro.licensechecker.LicenseChecker -- Polling server for pro key
10:09:14.602 [ForkJoinPool-1-worker-4] DEBUG com.vaadin.pro.licensechecker.LicenseChecker -- Polling server for pro key
10:09:15.234 [ForkJoinPool-1-worker-4] DEBUG com.vaadin.pro.licensechecker.LicenseChecker -- Polling server for pro key
10:09:15.870 [ForkJoinPool-1-worker-4] DEBUG com.vaadin.pro.licensechecker.LicenseChecker -- Polling server for pro key
10:09:16.509 [ForkJoinPool-1-worker-4] DEBUG com.vaadin.pro.licensechecker.LicenseChecker -- Polling server for pro key
10:09:17.144 [ForkJoinPool-1-worker-4] DEBUG com.vaadin.pro.licensechecker.LicenseChecker -- Polling server for pro key
10:09:17.775 [ForkJoinPool-1-worker-4] DEBUG com.vaadin.pro.licensechecker.LicenseChecker -- Polling server for pro key
10:09:18.418 [ForkJoinPool-1-worker-4] DEBUG com.vaadin.pro.licensechecker.LicenseChecker -- Polling server for pro key
10:09:19.068 [ForkJoinPool-1-worker-4] DEBUG com.vaadin.pro.licensechecker.LicenseChecker -- Polling server for pro key
10:09:19.703 [ForkJoinPool-1-worker-4] DEBUG com.vaadin.pro.licensechecker.LicenseChecker -- Polling server for pro key
10:09:20.341 [ForkJoinPool-1-worker-4] DEBUG com.vaadin.pro.licensechecker.LicenseChecker -- Polling server for pro key
10:09:20.971 [ForkJoinPool-1-worker-4] DEBUG com.vaadin.pro.licensechecker.LicenseChecker -- Polling server for pro key
10:09:21.607 [ForkJoinPool-1-worker-4] DEBUG com.vaadin.pro.licensechecker.LicenseChecker -- Polling server for pro key
10:09:22.295 [ForkJoinPool-1-worker-4] DEBUG com.vaadin.pro.licensechecker.LicenseChecker -- Polling server for pro key
10:09:22.928 [ForkJoinPool-1-worker-4] DEBUG com.vaadin.pro.licensechecker.LicenseChecker -- Polling server for pro key
10:09:23.559 [ForkJoinPool-1-worker-4] DEBUG com.vaadin.pro.licensechecker.LicenseChecker -- Polling server for pro key
10:09:24.193 [ForkJoinPool-1-worker-4] DEBUG com.vaadin.pro.licensechecker.LicenseChecker -- Polling server for pro key
10:09:24.828 [ForkJoinPool-1-worker-4] DEBUG com.vaadin.pro.licensechecker.LicenseChecker -- Polling server for pro key
10:09:25.462 [ForkJoinPool-1-worker-4] DEBUG com.vaadin.pro.licensechecker.LicenseChecker -- Polling server for pro key
10:09:26.096 [ForkJoinPool-1-worker-4] DEBUG com.vaadin.pro.licensechecker.LicenseChecker -- Polling server for pro key
10:09:26.730 [ForkJoinPool-1-worker-4] DEBUG com.vaadin.pro.licensechecker.LicenseChecker -- Polling server for pro key
10:09:27.366 [ForkJoinPool-1-worker-4] DEBUG com.vaadin.pro.licensechecker.LicenseChecker -- Polling server for pro key
10:09:28.002 [ForkJoinPool-1-worker-4] DEBUG com.vaadin.pro.licensechecker.LicenseChecker -- Polling server for pro key
10:09:28.632 [ForkJoinPool-1-worker-4] DEBUG com.vaadin.pro.licensechecker.LicenseChecker -- Polling server for pro key
10:09:29.310 [ForkJoinPool-1-worker-4] DEBUG com.vaadin.pro.licensechecker.LicenseChecker -- Polling server for pro key
10:09:29.948 [ForkJoinPool-1-worker-4] DEBUG com.vaadin.pro.licensechecker.LicenseChecker -- Polling server for pro key
10:09:30.582 [ForkJoinPool-1-worker-4] DEBUG com.vaadin.pro.licensechecker.LicenseChecker -- Polling server for pro key
10:09:31.239 [ForkJoinPool-1-worker-4] DEBUG com.vaadin.pro.licensechecker.LicenseChecker -- Polling server for pro key
10:09:31.888 [ForkJoinPool-1-worker-4] DEBUG com.vaadin.pro.licensechecker.LicenseChecker -- Polling server for pro key
10:09:32.530 [ForkJoinPool-1-worker-4] DEBUG com.vaadin.pro.licensechecker.LicenseChecker -- Polling server for pro key
10:09:33.173 [ForkJoinPool-1-worker-4] DEBUG com.vaadin.pro.licensechecker.LicenseChecker -- Polling server for pro key
10:09:33.809 [ForkJoinPool-1-worker-4] DEBUG com.vaadin.pro.licensechecker.LicenseChecker -- Polling server for pro key
10:09:34.452 [ForkJoinPool-1-worker-4] DEBUG com.vaadin.pro.licensechecker.LicenseChecker -- Polling server for pro key
10:09:35.094 [ForkJoinPool-1-worker-4] DEBUG com.vaadin.pro.licensechecker.LicenseChecker -- Polling server for pro key
10:09:35.728 [ForkJoinPool-1-worker-4] DEBUG com.vaadin.pro.licensechecker.LicenseChecker -- Polling server for pro key
10:09:36.361 [ForkJoinPool-1-worker-4] DEBUG com.vaadin.pro.licensechecker.LicenseChecker -- Polling server for pro key
]]></system-out>
  </testcase>
  <testcase name="loginAsValidUserSucceeds[1]" classname="com.example.application.it.LoginE2ETest" time="0.005">
    <error type="java.lang.ExceptionInInitializerError">java.lang.ExceptionInInitializerError
Caused by: com.vaadin.pro.licensechecker.LicenseException: 
Unable to validate the license, please check your internet connection. If you need to work offline then please go to https://vaadin.com/pro/validate-license?getOfflineKey=mid-ef05ac4a-029003ba to retrieve an offline key.
For CI/CD build servers, you need to download a server license key, which can work offline to create production builds. You can download a server license key from https://vaadin.com/myaccount/licenses.
For troubleshooting steps, see https://vaadin.com/licensing-faq-and-troubleshooting.
</error>
  </testcase>
</testsuite>